mode: set
ResuMatch/cmd/static/main.go:23.13,25.16 2 0
ResuMatch/cmd/static/main.go:25.16,27.3 1 0
ResuMatch/cmd/static/main.go:29.2,32.16 3 0
ResuMatch/cmd/static/main.go:32.16,34.3 1 0
ResuMatch/cmd/static/main.go:36.2,37.16 2 0
ResuMatch/cmd/static/main.go:37.16,39.3 1 0
ResuMatch/cmd/static/main.go:41.2,51.12 6 0
ResuMatch/cmd/static/main.go:51.12,52.66 1 0
ResuMatch/cmd/static/main.go:52.66,54.4 1 0
ResuMatch/cmd/static/main.go:57.2,58.16 2 0
ResuMatch/cmd/static/main.go:58.16,60.3 1 0
ResuMatch/cmd/static/main.go:62.2,67.12 4 0
ResuMatch/cmd/static/main.go:67.12,68.52 1 0
ResuMatch/cmd/static/main.go:68.52,70.4 1 0
ResuMatch/cmd/static/main.go:73.2,77.64 4 0
ResuMatch/docs/docs.go:1746.13,1748.2 1 0
ResuMatch/cmd/app/main.go:24.13,27.16 2 0
ResuMatch/cmd/app/main.go:27.16,29.3 1 0
ResuMatch/cmd/app/main.go:32.2,38.12 4 0
ResuMatch/cmd/app/main.go:38.12,41.36 3 0
ResuMatch/cmd/app/main.go:41.36,43.4 1 0
ResuMatch/cmd/app/main.go:47.2,48.75 2 0
ResuMatch/cmd/app/main.go:48.75,50.3 1 0
ResuMatch/internal/config/config.go:64.41,66.2 1 0
ResuMatch/internal/config/config.go:76.35,78.2 1 0
ResuMatch/internal/config/config.go:100.36,102.2 1 0
ResuMatch/internal/config/config.go:109.42,111.2 1 0
ResuMatch/internal/config/config.go:130.39,131.40 1 0
ResuMatch/internal/config/config.go:131.40,133.3 1 0
ResuMatch/internal/config/config.go:135.2,136.16 2 0
ResuMatch/internal/config/config.go:136.16,138.3 1 0
ResuMatch/internal/config/config.go:140.2,141.55 2 0
ResuMatch/internal/config/config.go:141.55,143.3 1 0
ResuMatch/internal/config/config.go:145.2,149.18 3 0
ResuMatch/internal/config/config.go:152.44,153.40 1 0
ResuMatch/internal/config/config.go:153.40,155.3 1 0
ResuMatch/internal/config/config.go:157.2,158.16 2 0
ResuMatch/internal/config/config.go:158.16,160.3 1 0
ResuMatch/internal/config/config.go:162.2,163.55 2 0
ResuMatch/internal/config/config.go:163.55,165.3 1 0
ResuMatch/internal/config/config.go:167.2,175.18 2 0
ResuMatch/internal/config/config.go:178.40,179.40 1 0
ResuMatch/internal/config/config.go:179.40,181.3 1 0
ResuMatch/internal/config/config.go:183.2,184.16 2 0
ResuMatch/internal/config/config.go:184.16,186.3 1 0
ResuMatch/internal/config/config.go:188.2,189.55 2 0
ResuMatch/internal/config/config.go:189.55,191.3 1 0
ResuMatch/internal/config/config.go:193.2,198.18 4 0
ResuMatch/internal/config/config.go:201.42,218.2 1 0
ResuMatch/internal/app/app.go:18.46,21.16 2 0
ResuMatch/internal/app/app.go:21.16,23.3 1 0
ResuMatch/internal/app/app.go:61.2,62.16 2 0
ResuMatch/internal/app/app.go:62.16,64.3 1 0
ResuMatch/internal/app/app.go:66.2,67.16 2 0
ResuMatch/internal/app/app.go:67.16,69.3 1 0
ResuMatch/internal/app/app.go:71.2,72.16 2 0
ResuMatch/internal/app/app.go:72.16,74.3 1 0
ResuMatch/internal/app/app.go:76.2,77.16 2 0
ResuMatch/internal/app/app.go:77.16,79.3 1 0
ResuMatch/internal/app/app.go:81.2,82.16 2 0
ResuMatch/internal/app/app.go:82.16,84.3 1 0
ResuMatch/internal/app/app.go:86.2,87.16 2 0
ResuMatch/internal/app/app.go:87.16,89.3 1 0
ResuMatch/internal/app/app.go:91.2,92.16 2 0
ResuMatch/internal/app/app.go:92.16,94.3 1 0
ResuMatch/internal/app/app.go:96.2,97.16 2 0
ResuMatch/internal/app/app.go:97.16,99.3 1 0
ResuMatch/internal/app/app.go:102.2,103.16 2 0
ResuMatch/internal/app/app.go:103.16,105.3 1 0
ResuMatch/internal/app/app.go:107.2,108.16 2 0
ResuMatch/internal/app/app.go:108.16,110.3 1 0
ResuMatch/internal/app/app.go:112.2,138.41 17 0
ResuMatch/internal/app/app.go:138.41,146.3 7 0
ResuMatch/internal/app/app.go:148.2,148.12 1 0
ResuMatch/internal/entity/applicant.go:39.42,40.26 1 0
ResuMatch/internal/entity/applicant.go:40.26,45.3 1 0
ResuMatch/internal/entity/applicant.go:46.2,46.12 1 0
ResuMatch/internal/entity/applicant.go:49.38,50.16 1 0
ResuMatch/internal/entity/applicant.go:55.30,56.14 1 0
ResuMatch/internal/entity/applicant.go:58.2,58.14 1 0
ResuMatch/internal/entity/applicant.go:61.51,62.33 1 0
ResuMatch/internal/entity/applicant.go:62.33,67.3 1 0
ResuMatch/internal/entity/applicant.go:68.2,68.12 1 0
ResuMatch/internal/entity/auth.go:18.46,19.9 1 0
ResuMatch/internal/entity/auth.go:20.25,24.4 1 0
ResuMatch/internal/entity/auth.go:26.26,30.4 1 0
ResuMatch/internal/entity/auth.go:32.76,36.4 1 0
ResuMatch/internal/entity/auth.go:62.10,63.13 1 0
ResuMatch/internal/entity/auth.go:67.74,70.16 3 0
ResuMatch/internal/entity/auth.go:70.16,75.3 1 0
ResuMatch/internal/entity/auth.go:77.2,85.24 2 0
ResuMatch/internal/entity/auth.go:88.77,100.2 1 0
ResuMatch/internal/entity/auth.go:102.40,105.28 2 0
ResuMatch/internal/entity/auth.go:105.28,110.3 1 0
ResuMatch/internal/entity/auth.go:112.2,112.22 1 0
ResuMatch/internal/entity/auth.go:112.22,117.3 1 0
ResuMatch/internal/entity/auth.go:118.2,118.12 1 0
ResuMatch/internal/entity/error.go:28.51,33.2 1 0
ResuMatch/internal/entity/error.go:35.31,37.2 1 0
ResuMatch/internal/entity/error.go:39.36,41.2 1 0
ResuMatch/internal/entity/error.go:43.34,45.2 1 0
ResuMatch/internal/entity/resume.go:57.35,58.24 1 0
ResuMatch/internal/entity/resume.go:58.24,63.3 1 0
ResuMatch/internal/entity/resume.go:65.2,65.28 1 0
ResuMatch/internal/entity/resume.go:65.28,70.3 1 0
ResuMatch/internal/entity/resume.go:72.2,72.12 1 0
ResuMatch/internal/entity/resume.go:75.43,76.73 1 0
ResuMatch/internal/entity/resume.go:76.73,81.3 1 0
ResuMatch/internal/entity/resume.go:83.2,83.12 1 0
ResuMatch/internal/entity/resume.go:86.61,88.2 1 0
ResuMatch/internal/entity/vacancy.go:34.36,35.76 1 0
ResuMatch/internal/entity/vacancy.go:35.76,40.3 1 0
ResuMatch/internal/entity/vacancy.go:42.2,42.23 1 0
ResuMatch/internal/entity/vacancy.go:42.23,47.3 1 0
ResuMatch/internal/entity/vacancy.go:49.2,49.29 1 0
ResuMatch/internal/entity/vacancy.go:49.29,54.3 1 0
ResuMatch/internal/entity/vacancy.go:56.2,62.37 2 0
ResuMatch/internal/entity/vacancy.go:62.37,67.3 1 0
ResuMatch/internal/entity/vacancy.go:69.2,77.36 2 0
ResuMatch/internal/entity/vacancy.go:77.36,82.3 1 0
ResuMatch/internal/entity/vacancy.go:84.2,92.33 2 0
ResuMatch/internal/entity/vacancy.go:92.33,97.3 1 0
ResuMatch/internal/entity/vacancy.go:99.2,99.47 1 0
ResuMatch/internal/entity/vacancy.go:99.47,104.3 1 0
ResuMatch/internal/entity/vacancy.go:106.2,106.52 1 0
ResuMatch/internal/entity/vacancy.go:106.52,111.3 1 0
ResuMatch/internal/entity/vacancy.go:113.2,113.73 1 0
ResuMatch/internal/entity/vacancy.go:113.73,118.3 1 0
ResuMatch/internal/entity/vacancy.go:120.2,126.36 2 0
ResuMatch/internal/entity/vacancy.go:126.36,131.3 1 0
ResuMatch/internal/entity/vacancy.go:133.2,133.96 1 0
ResuMatch/internal/entity/vacancy.go:133.96,138.3 1 0
ResuMatch/internal/entity/vacancy.go:140.2,140.80 1 0
ResuMatch/internal/entity/vacancy.go:140.80,145.3 1 0
ResuMatch/internal/entity/vacancy.go:147.2,147.101 1 0
ResuMatch/internal/entity/vacancy.go:147.101,152.3 1 0
ResuMatch/internal/entity/vacancy.go:154.2,154.125 1 0
ResuMatch/internal/entity/vacancy.go:154.125,159.3 1 0
ResuMatch/internal/entity/vacancy.go:161.2,161.73 1 0
ResuMatch/internal/entity/vacancy.go:161.73,166.3 1 0
ResuMatch/internal/entity/vacancy.go:168.2,168.12 1 0
ResuMatch/internal/entity/dto/resume.go:11.13,12.99 1 0
ResuMatch/internal/entity/dto/resume.go:12.99,14.27 2 0
ResuMatch/internal/entity/dto/resume.go:14.27,16.4 1 0
ResuMatch/internal/entity/dto/resume.go:18.3,21.62 2 0
ResuMatch/internal/entity/dto/resume.go:21.62,23.4 1 0
ResuMatch/internal/entity/dto/resume.go:23.9,23.57 1 0
ResuMatch/internal/entity/dto/resume.go:23.57,25.4 1 0
ResuMatch/internal/entity/dto/resume.go:25.9,27.4 1 0
ResuMatch/internal/entity/dto/resume.go:29.3,30.61 2 0
ResuMatch/internal/entity/dto/resume.go:34.2,34.125 1 0
ResuMatch/internal/entity/dto/resume.go:34.125,36.10 2 0
ResuMatch/internal/entity/dto/resume.go:36.10,38.4 1 0
ResuMatch/internal/entity/dto/resume.go:40.3,41.20 2 0
ResuMatch/internal/entity/dto/vacancy.go:9.13,11.96 1 0
ResuMatch/internal/entity/dto/vacancy.go:11.96,13.10 2 0
ResuMatch/internal/entity/dto/vacancy.go:13.10,15.4 1 0
ResuMatch/internal/entity/dto/vacancy.go:16.3,22.22 2 0
ResuMatch/internal/entity/dto/vacancy.go:25.2,25.96 1 0
ResuMatch/internal/entity/dto/vacancy.go:25.96,27.10 2 0
ResuMatch/internal/entity/dto/vacancy.go:27.10,29.4 1 0
ResuMatch/internal/entity/dto/vacancy.go:30.3,38.20 2 0
ResuMatch/internal/entity/dto/vacancy.go:41.2,41.94 1 0
ResuMatch/internal/entity/dto/vacancy.go:41.94,43.10 2 0
ResuMatch/internal/entity/dto/vacancy.go:43.10,45.4 1 0
ResuMatch/internal/entity/dto/vacancy.go:46.3,54.24 2 0
ResuMatch/internal/entity/dto/vacancy.go:57.2,57.96 1 0
ResuMatch/internal/entity/dto/vacancy.go:57.96,59.10 2 0
ResuMatch/internal/entity/dto/vacancy.go:59.10,61.4 1 0
ResuMatch/internal/entity/dto/vacancy.go:62.3,68.21 2 0
ResuMatch/cmd/auth/main.go:22.13,24.16 2 0
ResuMatch/cmd/auth/main.go:24.16,26.3 1 0
ResuMatch/cmd/auth/main.go:28.2,32.16 3 0
ResuMatch/cmd/auth/main.go:32.16,34.3 1 0
ResuMatch/cmd/auth/main.go:37.2,38.16 2 0
ResuMatch/cmd/auth/main.go:38.16,40.3 1 0
ResuMatch/cmd/auth/main.go:43.2,54.12 6 0
ResuMatch/cmd/auth/main.go:54.12,55.66 1 0
ResuMatch/cmd/auth/main.go:55.66,57.4 1 0
ResuMatch/cmd/auth/main.go:60.2,61.16 2 0
ResuMatch/cmd/auth/main.go:61.16,63.3 1 0
ResuMatch/cmd/auth/main.go:65.2,70.12 4 0
ResuMatch/cmd/auth/main.go:70.12,71.52 1 0
ResuMatch/cmd/auth/main.go:71.52,73.4 1 0
ResuMatch/cmd/auth/main.go:76.2,80.72 4 0
ResuMatch/internal/metrics/metrics.go:21.29,119.2 10 1
ResuMatch/internal/metrics/metrics.go:127.40,130.35 2 1
ResuMatch/internal/metrics/metrics.go:130.35,131.10 1 1
ResuMatch/internal/metrics/metrics.go:132.39,133.25 1 1
ResuMatch/internal/metrics/metrics.go:134.42,135.23 1 1
ResuMatch/internal/metrics/metrics.go:136.46,137.26 1 1
ResuMatch/internal/metrics/metrics.go:141.2,141.36 1 1
ResuMatch/internal/middleware/access_log.go:16.60,17.46 1 1
ResuMatch/internal/middleware/access_log.go:17.46,18.72 1 1
ResuMatch/internal/middleware/access_log.go:18.72,35.4 5 1
ResuMatch/internal/middleware/access_log.go:39.42,40.53 1 1
ResuMatch/internal/middleware/access_log.go:40.53,42.3 1 1
ResuMatch/internal/middleware/access_log.go:43.2,43.47 1 1
ResuMatch/internal/middleware/access_log.go:43.47,45.3 1 1
ResuMatch/internal/middleware/access_log.go:46.2,46.21 1 1
ResuMatch/internal/middleware/cors.go:8.68,9.46 1 1
ResuMatch/internal/middleware/cors.go:9.46,10.72 1 1
ResuMatch/internal/middleware/cors.go:10.72,13.37 2 1
ResuMatch/internal/middleware/cors.go:13.37,14.32 1 1
ResuMatch/internal/middleware/cors.go:14.32,16.11 2 1
ResuMatch/internal/middleware/cors.go:20.4,37.38 5 1
ResuMatch/internal/middleware/cors.go:37.38,40.5 2 1
ResuMatch/internal/middleware/cors.go:42.4,42.24 1 1
ResuMatch/internal/middleware/csrf.go:13.85,15.21 2 1
ResuMatch/internal/middleware/csrf.go:15.21,17.3 1 1
ResuMatch/internal/middleware/csrf.go:17.8,20.3 1 1
ResuMatch/internal/middleware/csrf.go:21.2,21.54 1 1
ResuMatch/internal/middleware/csrf.go:24.82,27.26 3 1
ResuMatch/internal/middleware/csrf.go:27.26,29.3 1 1
ResuMatch/internal/middleware/csrf.go:31.2,43.39 3 1
ResuMatch/internal/middleware/csrf.go:46.76,47.46 1 1
ResuMatch/internal/middleware/csrf.go:47.46,48.72 1 1
ResuMatch/internal/middleware/csrf.go:48.72,53.99 2 1
ResuMatch/internal/middleware/csrf.go:53.99,54.18 1 1
ResuMatch/internal/middleware/csrf.go:54.18,56.6 1 1
ResuMatch/internal/middleware/csrf.go:58.5,59.11 2 1
ResuMatch/internal/middleware/csrf.go:63.4,64.27 2 1
ResuMatch/internal/middleware/csrf.go:64.27,67.5 2 1
ResuMatch/internal/middleware/csrf.go:69.4,70.18 2 1
ResuMatch/internal/middleware/csrf.go:70.18,73.5 2 1
ResuMatch/internal/middleware/csrf.go:75.4,75.64 1 1
ResuMatch/internal/middleware/csrf.go:75.64,78.5 2 1
ResuMatch/internal/middleware/csrf.go:80.4,80.24 1 1
ResuMatch/internal/middleware/csrf.go:85.58,86.22 1 1
ResuMatch/internal/middleware/csrf.go:87.13,88.30 1 1
ResuMatch/internal/middleware/csrf.go:89.16,90.33 1 1
ResuMatch/internal/middleware/csrf.go:91.14,92.31 1 1
ResuMatch/internal/middleware/csrf.go:93.10,94.34 1 1
ResuMatch/internal/middleware/metrics.go:12.58,13.46 1 1
ResuMatch/internal/middleware/metrics.go:13.46,14.72 1 1
ResuMatch/internal/middleware/metrics.go:14.72,29.29 11 1
ResuMatch/internal/middleware/metrics.go:29.29,31.5 1 1
ResuMatch/internal/middleware/metrics.go:36.39,38.2 1 0
ResuMatch/internal/middleware/middleware_chaining.go:7.57,8.46 1 1
ResuMatch/internal/middleware/middleware_chaining.go:8.46,9.37 1 1
ResuMatch/internal/middleware/middleware_chaining.go:9.37,12.4 2 1
ResuMatch/internal/middleware/middleware_chaining.go:14.3,14.14 1 1
ResuMatch/internal/middleware/recovery.go:12.59,13.46 1 0
ResuMatch/internal/middleware/recovery.go:13.46,14.72 1 0
ResuMatch/internal/middleware/recovery.go:14.72,15.17 1 0
ResuMatch/internal/middleware/recovery.go:15.17,16.37 1 0
ResuMatch/internal/middleware/recovery.go:16.37,22.6 3 0
ResuMatch/internal/middleware/recovery.go:24.4,24.24 1 0
ResuMatch/internal/middleware/request_id.go:9.60,10.46 1 0
ResuMatch/internal/middleware/request_id.go:10.46,11.72 1 0
ResuMatch/internal/middleware/request_id.go:11.72,15.4 3 0
ResuMatch/internal/middleware/response_writer.go:16.64,19.2 2 1
ResuMatch/internal/middleware/response_writer.go:21.65,25.2 3 1
ResuMatch/internal/middleware/response_writer.go:27.82,28.58 1 0
ResuMatch/internal/middleware/response_writer.go:28.58,30.3 1 0
ResuMatch/internal/middleware/response_writer.go:31.2,31.81 1 0
ResuMatch/internal/repository/redis/session.go:28.91,34.2 1 0
ResuMatch/internal/repository/redis/session.go:36.105,47.6 4 0
ResuMatch/internal/repository/redis/session.go:47.6,49.17 2 0
ResuMatch/internal/repository/redis/session.go:49.17,55.4 2 0
ResuMatch/internal/repository/redis/session.go:56.3,56.18 1 0
ResuMatch/internal/repository/redis/session.go:56.18,57.9 1 0
ResuMatch/internal/repository/redis/session.go:59.3,59.34 1 0
ResuMatch/internal/repository/redis/session.go:62.2,63.16 2 0
ResuMatch/internal/repository/redis/session.go:63.16,69.3 2 0
ResuMatch/internal/repository/redis/session.go:71.2,73.16 3 0
ResuMatch/internal/repository/redis/session.go:73.16,79.3 2 0
ResuMatch/internal/repository/redis/session.go:81.2,82.16 2 0
ResuMatch/internal/repository/redis/session.go:82.16,88.3 2 0
ResuMatch/internal/repository/redis/session.go:90.2,90.26 1 0
ResuMatch/internal/repository/redis/session.go:93.103,102.16 4 0
ResuMatch/internal/repository/redis/session.go:102.16,104.35 2 0
ResuMatch/internal/repository/redis/session.go:104.35,109.4 1 0
ResuMatch/internal/repository/redis/session.go:110.3,113.4 1 0
ResuMatch/internal/repository/redis/session.go:116.2,119.16 4 0
ResuMatch/internal/repository/redis/session.go:119.16,125.3 2 0
ResuMatch/internal/repository/redis/session.go:127.2,127.26 1 0
ResuMatch/internal/repository/redis/session.go:130.91,139.16 4 0
ResuMatch/internal/repository/redis/session.go:139.16,141.35 2 0
ResuMatch/internal/repository/redis/session.go:141.35,143.4 1 0
ResuMatch/internal/repository/redis/session.go:144.3,147.4 1 0
ResuMatch/internal/repository/redis/session.go:150.2,151.16 2 0
ResuMatch/internal/repository/redis/session.go:151.16,157.3 2 0
ResuMatch/internal/repository/redis/session.go:159.2,162.16 4 0
ResuMatch/internal/repository/redis/session.go:162.16,168.3 2 0
ResuMatch/internal/repository/redis/session.go:170.2,172.16 3 0
ResuMatch/internal/repository/redis/session.go:172.16,178.3 2 0
ResuMatch/internal/repository/redis/session.go:180.2,180.12 1 0
ResuMatch/internal/repository/redis/session.go:183.99,195.16 5 0
ResuMatch/internal/repository/redis/session.go:195.16,201.3 2 0
ResuMatch/internal/repository/redis/session.go:203.2,203.35 1 0
ResuMatch/internal/repository/redis/session.go:203.35,205.17 2 0
ResuMatch/internal/repository/redis/session.go:205.17,211.4 2 0
ResuMatch/internal/repository/redis/session.go:214.2,215.16 2 0
ResuMatch/internal/repository/redis/session.go:215.16,221.3 2 0
ResuMatch/internal/repository/redis/session.go:223.2,223.12 1 0
ResuMatch/internal/transport/grpc/auth/client.go:18.55,24.16 2 0
ResuMatch/internal/transport/grpc/auth/client.go:24.16,26.3 1 0
ResuMatch/internal/transport/grpc/auth/client.go:28.2,30.46 2 0
ResuMatch/internal/transport/grpc/auth/client.go:33.70,38.16 4 0
ResuMatch/internal/transport/grpc/auth/client.go:38.16,41.3 2 0
ResuMatch/internal/transport/grpc/auth/client.go:43.2,44.12 2 0
ResuMatch/internal/transport/grpc/auth/client.go:47.82,52.16 4 0
ResuMatch/internal/transport/grpc/auth/client.go:52.16,55.3 2 0
ResuMatch/internal/transport/grpc/auth/client.go:57.2,58.12 2 0
ResuMatch/internal/transport/grpc/auth/client.go:61.97,66.16 4 0
ResuMatch/internal/transport/grpc/auth/client.go:66.16,69.3 2 0
ResuMatch/internal/transport/grpc/auth/client.go:71.2,72.41 2 0
ResuMatch/internal/transport/grpc/auth/client.go:75.96,80.16 4 0
ResuMatch/internal/transport/grpc/auth/client.go:80.16,83.3 2 0
ResuMatch/internal/transport/grpc/auth/client.go:84.2,85.26 2 0
ResuMatch/internal/transport/grpc/auth/server.go:16.41,20.2 1 0
ResuMatch/internal/transport/grpc/auth/server.go:22.108,24.16 2 0
ResuMatch/internal/transport/grpc/auth/server.go:24.16,26.3 1 0
ResuMatch/internal/transport/grpc/auth/server.go:27.2,27.30 1 0
ResuMatch/internal/transport/grpc/auth/server.go:30.114,32.16 2 0
ResuMatch/internal/transport/grpc/auth/server.go:32.16,34.3 1 0
ResuMatch/internal/transport/grpc/auth/server.go:35.2,35.30 1 0
ResuMatch/internal/transport/grpc/auth/server.go:38.155,40.16 2 0
ResuMatch/internal/transport/grpc/auth/server.go:40.16,42.3 1 0
ResuMatch/internal/transport/grpc/auth/server.go:43.2,46.8 1 0
ResuMatch/internal/transport/grpc/auth/server.go:49.140,51.16 2 0
ResuMatch/internal/transport/grpc/auth/server.go:51.16,53.3 1 0
ResuMatch/internal/transport/grpc/auth/server.go:54.2,56.8 1 0
ResuMatch/internal/transport/grpc/interceptors/request_id.go:10.63,11.153 1 0
ResuMatch/internal/transport/grpc/interceptors/request_id.go:11.153,12.60 1 0
ResuMatch/internal/transport/grpc/interceptors/request_id.go:12.60,14.4 1 0
ResuMatch/internal/transport/grpc/interceptors/request_id.go:15.3,15.55 1 0
ResuMatch/internal/transport/grpc/interceptors/request_id.go:19.63,20.128 1 0
ResuMatch/internal/transport/grpc/interceptors/request_id.go:20.128,21.54 1 0
ResuMatch/internal/transport/grpc/interceptors/request_id.go:21.54,22.57 1 0
ResuMatch/internal/transport/grpc/interceptors/request_id.go:22.57,24.5 1 0
ResuMatch/internal/transport/grpc/interceptors/request_id.go:26.3,26.27 1 0
ResuMatch/internal/transport/grpc/utils/error.go:28.35,30.29 2 0
ResuMatch/internal/transport/grpc/utils/error.go:30.29,32.68 2 0
ResuMatch/internal/transport/grpc/utils/error.go:32.68,34.4 1 0
ResuMatch/internal/transport/grpc/utils/error.go:35.3,35.58 1 0
ResuMatch/internal/transport/grpc/utils/error.go:37.2,37.62 1 0
ResuMatch/internal/transport/grpc/utils/error.go:40.37,42.9 2 0
ResuMatch/internal/transport/grpc/utils/error.go:42.9,44.3 1 0
ResuMatch/internal/transport/grpc/utils/error.go:46.2,47.9 2 0
ResuMatch/internal/transport/grpc/utils/error.go:47.9,49.3 1 0
ResuMatch/internal/transport/grpc/utils/error.go:51.2,51.61 1 0
ResuMatch/internal/transport/ws/ws.go:29.59,35.44 1 0
ResuMatch/internal/transport/ws/ws.go:35.44,37.5 1 0
ResuMatch/internal/transport/ws/ws.go:44.75,48.16 3 0
ResuMatch/internal/transport/ws/ws.go:48.16,51.3 2 0
ResuMatch/internal/transport/ws/ws.go:52.2,53.16 2 0
ResuMatch/internal/transport/ws/ws.go:53.16,56.3 2 0
ResuMatch/internal/transport/ws/ws.go:58.2,59.16 2 0
ResuMatch/internal/transport/ws/ws.go:59.16,63.3 3 0
ResuMatch/internal/transport/ws/ws.go:65.2,66.14 2 0
ResuMatch/internal/transport/ws/ws.go:67.18,68.33 1 0
ResuMatch/internal/transport/ws/ws.go:69.19,70.34 1 0
ResuMatch/internal/transport/ws/ws.go:71.10,73.9 2 0
ResuMatch/internal/transport/ws/ws.go:76.2,80.28 4 0
ResuMatch/internal/transport/ws/ws.go:84.88,85.37 1 0
ResuMatch/internal/transport/ws/ws.go:85.37,87.3 1 0
ResuMatch/internal/transport/ws/ws.go:88.2,88.50 1 0
ResuMatch/internal/transport/ws/ws.go:88.50,90.3 1 0
ResuMatch/internal/transport/ws/ws.go:93.66,97.71 3 0
ResuMatch/internal/transport/ws/ws.go:97.71,99.3 1 0
ResuMatch/internal/transport/ws/ws.go:101.2,101.49 1 0
ResuMatch/internal/transport/ws/ws.go:101.49,102.72 1 0
ResuMatch/internal/transport/ws/ws.go:102.72,104.4 1 0
ResuMatch/internal/transport/ws/ws.go:105.3,105.13 1 0
ResuMatch/internal/transport/ws/ws.go:108.2,111.12 3 0
ResuMatch/internal/transport/ws/ws.go:111.12,112.22 1 0
ResuMatch/internal/transport/ws/ws.go:112.22,113.109 1 0
ResuMatch/internal/transport/ws/ws.go:113.109,115.39 2 0
ResuMatch/internal/transport/ws/ws.go:115.39,117.6 1 0
ResuMatch/internal/transport/ws/ws.go:118.5,118.11 1 0
ResuMatch/internal/transport/ws/ws.go:123.2,123.6 1 0
ResuMatch/internal/transport/ws/ws.go:123.6,125.17 2 0
ResuMatch/internal/transport/ws/ws.go:125.17,126.66 1 0
ResuMatch/internal/transport/ws/ws.go:126.66,128.5 1 0
ResuMatch/internal/transport/ws/ws.go:129.4,129.9 1 0
ResuMatch/internal/transport/ws/ws.go:134.78,139.2 4 0
ResuMatch/internal/transport/ws/ws.go:141.87,146.9 4 0
ResuMatch/internal/transport/ws/ws.go:146.9,149.3 2 0
ResuMatch/internal/transport/ws/ws.go:151.2,151.26 1 0
ResuMatch/internal/transport/ws/ws.go:151.26,152.16 1 0
ResuMatch/internal/transport/ws/ws.go:152.16,156.38 3 0
ResuMatch/internal/transport/ws/ws.go:156.38,158.5 1 0
ResuMatch/internal/transport/ws/ws.go:159.4,159.14 1 0
ResuMatch/internal/transport/ws/ws.go:162.2,162.12 1 0
ResuMatch/internal/transport/ws/ws.go:165.72,170.9 4 0
ResuMatch/internal/transport/ws/ws.go:170.9,173.3 2 0
ResuMatch/internal/transport/ws/ws.go:175.2,175.29 1 0
ResuMatch/internal/transport/ws/ws.go:175.29,176.72 1 0
ResuMatch/internal/transport/ws/ws.go:176.72,179.4 2 0
ResuMatch/internal/transport/ws/ws.go:181.2,181.12 1 0
ResuMatch/internal/transport/ws/ws.go:184.92,185.25 1 0
ResuMatch/internal/transport/ws/ws.go:185.25,187.3 1 0
ResuMatch/internal/transport/ws/ws.go:189.2,190.16 2 0
ResuMatch/internal/transport/ws/ws.go:190.16,192.3 1 0
ResuMatch/internal/transport/ws/ws.go:194.2,195.27 2 0
ResuMatch/internal/transport/ws/ws.go:196.33,197.38 1 0
ResuMatch/internal/transport/ws/ws.go:198.36,199.37 1 0
ResuMatch/internal/transport/ws/ws.go:202.2,207.33 2 0
ResuMatch/internal/transport/grpc/static/client.go:19.55,25.16 2 0
ResuMatch/internal/transport/grpc/static/client.go:25.16,27.3 1 0
ResuMatch/internal/transport/grpc/static/client.go:29.2,30.50 2 0
ResuMatch/internal/transport/grpc/static/client.go:33.102,38.16 4 0
ResuMatch/internal/transport/grpc/static/client.go:38.16,41.3 2 0
ResuMatch/internal/transport/grpc/static/client.go:43.2,49.23 3 0
ResuMatch/internal/transport/grpc/static/client.go:52.75,57.16 4 0
ResuMatch/internal/transport/grpc/static/client.go:57.16,60.3 2 0
ResuMatch/internal/transport/grpc/static/client.go:62.2,63.23 2 0
ResuMatch/internal/transport/grpc/static/client.go:67.68,72.16 4 0
ResuMatch/internal/transport/grpc/static/client.go:72.16,75.3 2 0
ResuMatch/internal/transport/grpc/static/client.go:77.2,78.12 2 0
ResuMatch/internal/transport/grpc/static/server.go:16.45,20.2 1 0
ResuMatch/internal/transport/grpc/static/server.go:22.137,24.16 2 0
ResuMatch/internal/transport/grpc/static/server.go:24.16,26.3 1 0
ResuMatch/internal/transport/grpc/static/server.go:28.2,31.8 1 0
ResuMatch/internal/transport/grpc/static/server.go:34.110,36.16 2 0
ResuMatch/internal/transport/grpc/static/server.go:36.16,38.3 1 0
ResuMatch/internal/transport/grpc/static/server.go:40.2,42.8 1 0
ResuMatch/internal/transport/grpc/static/server.go:45.105,47.16 2 0
ResuMatch/internal/transport/grpc/static/server.go:47.16,49.3 1 0
ResuMatch/internal/transport/grpc/static/server.go:51.2,51.30 1 0
ResuMatch/internal/transport/http/utils/error.go:24.37,27.34 3 1
ResuMatch/internal/transport/http/utils/error.go:27.34,30.54 3 1
ResuMatch/internal/transport/http/utils/error.go:30.54,32.4 1 1
ResuMatch/internal/transport/http/utils/error.go:32.9,34.4 1 1
ResuMatch/internal/transport/http/utils/error.go:35.8,38.3 2 1
ResuMatch/internal/transport/http/utils/error.go:39.2,39.17 1 1
ResuMatch/internal/transport/http/utils/error.go:42.63,47.2 1 1
ResuMatch/internal/transport/http/utils/error.go:49.62,53.16 4 1
ResuMatch/internal/transport/http/utils/error.go:53.16,55.3 1 0
ResuMatch/internal/transport/http/utils/json.go:10.74,13.16 3 0
ResuMatch/internal/transport/http/utils/json.go:13.16,19.3 1 0
ResuMatch/internal/transport/http/utils/json.go:20.2,20.45 1 0
ResuMatch/internal/transport/http/utils/json.go:20.45,25.3 1 0
ResuMatch/internal/transport/http/utils/json.go:26.2,26.12 1 0
ResuMatch/internal/transport/http/utils/json.go:29.62,31.16 2 0
ResuMatch/internal/transport/http/utils/json.go:31.16,36.3 1 0
ResuMatch/internal/transport/http/utils/json.go:37.2,37.12 1 0
ResuMatch/internal/transport/http/utils/session.go:9.47,29.2 2 1
ResuMatch/internal/transport/http/utils/session.go:31.110,34.16 3 1
ResuMatch/internal/transport/http/utils/session.go:34.16,36.3 1 1
ResuMatch/internal/transport/http/utils/session.go:37.2,39.12 3 1
ResuMatch/internal/transport/http/utils/session.go:42.73,52.2 1 1
ResuMatch/internal/utils/format_data.go:9.48,15.2 2 0
ResuMatch/internal/utils/format_data.go:17.102,24.16 3 0
ResuMatch/internal/utils/format_data.go:24.16,26.3 1 0
ResuMatch/internal/utils/format_data.go:28.2,29.14 2 0
ResuMatch/internal/utils/format_data.go:29.14,31.3 1 0
ResuMatch/internal/utils/format_data.go:31.8,33.17 2 0
ResuMatch/internal/utils/format_data.go:33.17,35.4 1 0
ResuMatch/internal/utils/format_data.go:38.2,38.134 1 0
ResuMatch/internal/utils/format_data.go:41.58,43.20 2 0
ResuMatch/internal/utils/format_data.go:43.20,45.3 1 0
ResuMatch/internal/utils/format_data.go:46.2,46.22 1 0
ResuMatch/internal/utils/generate_pdf.go:13.79,18.16 4 0
ResuMatch/internal/utils/generate_pdf.go:18.16,20.3 1 0
ResuMatch/internal/utils/generate_pdf.go:22.2,23.16 2 0
ResuMatch/internal/utils/generate_pdf.go:23.16,25.3 1 0
ResuMatch/internal/utils/generate_pdf.go:27.2,27.71 1 0
ResuMatch/internal/utils/generate_pdf.go:27.71,29.3 1 0
ResuMatch/internal/utils/generate_pdf.go:31.2,31.73 1 0
ResuMatch/internal/utils/generate_pdf.go:31.73,33.3 1 0
ResuMatch/internal/utils/generate_pdf.go:35.2,35.38 1 0
ResuMatch/internal/utils/generate_pdf.go:35.38,37.3 1 0
ResuMatch/internal/utils/generate_pdf.go:39.2,44.16 2 0
ResuMatch/internal/utils/generate_pdf.go:44.16,46.3 1 0
ResuMatch/internal/utils/generate_pdf.go:48.2,48.15 1 0
ResuMatch/internal/utils/generate_pdf.go:48.15,49.53 1 0
ResuMatch/internal/utils/generate_pdf.go:49.53,51.4 1 0
ResuMatch/internal/utils/generate_pdf.go:54.2,54.38 1 0
ResuMatch/internal/utils/generate_pdf.go:54.38,57.3 2 0
ResuMatch/internal/utils/generate_pdf.go:58.2,58.30 1 0
ResuMatch/internal/utils/img_base64.go:12.60,13.20 1 0
ResuMatch/internal/utils/img_base64.go:13.20,15.3 1 0
ResuMatch/internal/utils/img_base64.go:17.2,19.16 3 0
ResuMatch/internal/utils/img_base64.go:19.16,21.3 1 0
ResuMatch/internal/utils/img_base64.go:23.2,23.15 1 0
ResuMatch/internal/utils/img_base64.go:23.15,24.53 1 0
ResuMatch/internal/utils/img_base64.go:24.53,26.4 1 0
ResuMatch/internal/utils/img_base64.go:29.2,31.16 3 0
ResuMatch/internal/utils/img_base64.go:31.16,33.3 1 0
ResuMatch/internal/utils/img_base64.go:35.2,38.18 3 0
ResuMatch/internal/utils/img_base64.go:39.20,40.37 1 0
ResuMatch/internal/utils/img_base64.go:41.19,42.36 1 0
ResuMatch/internal/utils/img_base64.go:43.10,44.64 1 0
ResuMatch/internal/utils/img_base64.go:47.2,47.69 1 0
ResuMatch/internal/utils/request_id.go:7.74,9.2 1 1
ResuMatch/internal/utils/request_id.go:11.47,12.64 1 1
ResuMatch/internal/utils/request_id.go:12.64,14.3 1 1
ResuMatch/internal/utils/request_id.go:15.2,15.11 1 1
ResuMatch/pkg/connector/postgres.go:12.72,14.16 2 0
ResuMatch/pkg/connector/postgres.go:14.16,23.3 2 0
ResuMatch/pkg/connector/postgres.go:25.2,25.34 1 0
ResuMatch/pkg/connector/postgres.go:25.34,34.3 2 0
ResuMatch/pkg/connector/postgres.go:35.2,35.16 1 0
ResuMatch/pkg/connector/redis.go:13.69,20.16 3 0
ResuMatch/pkg/connector/redis.go:20.16,29.3 2 0
ResuMatch/pkg/connector/redis.go:31.2,31.43 1 0
ResuMatch/pkg/connector/redis.go:31.43,40.3 2 0
ResuMatch/pkg/connector/redis.go:42.2,42.18 1 0
ResuMatch/pkg/logger/logger.go:19.69,23.27 3 1
ResuMatch/pkg/logger/logger.go:23.27,25.3 1 1
ResuMatch/pkg/logger/logger.go:26.2,32.17 4 1
ResuMatch/pkg/logger/logger.go:32.17,34.3 1 1
ResuMatch/pkg/logger/logger.go:34.8,36.3 1 1
ResuMatch/pkg/logger/logger.go:40.2,40.78 1 1
ResuMatch/pkg/logger/logger.go:40.78,45.3 4 1
ResuMatch/pkg/logger/logger.go:47.2,54.20 7 1
ResuMatch/pkg/logger/logger.go:54.20,56.3 1 1
ResuMatch/pkg/logger/logger.go:56.8,58.3 1 0
ResuMatch/pkg/logger/logger.go:59.2,64.23 4 1
ResuMatch/pkg/logger/logger.go:67.86,68.37 1 1
ResuMatch/pkg/logger/logger.go:68.37,69.17 1 1
ResuMatch/pkg/logger/logger.go:69.17,71.4 1 1
ResuMatch/pkg/logger/logger.go:71.9,72.18 1 1
ResuMatch/pkg/logger/logger.go:72.18,74.5 1 1
ResuMatch/pkg/logger/logger.go:74.10,76.5 1 1
ResuMatch/pkg/logger/logger.go:93.44,94.15 1 1
ResuMatch/pkg/logger/logger.go:95.24,96.14 1 1
ResuMatch/pkg/logger/logger.go:97.44,98.15 1 1
ResuMatch/pkg/logger/logger.go:99.24,100.16 1 1
ResuMatch/pkg/logger/logger.go:101.63,102.13 1 1
ResuMatch/pkg/logger/logger.go:103.10,104.17 1 1
ResuMatch/pkg/logger/logger.go:110.39,111.35 1 1
ResuMatch/pkg/logger/logger.go:111.35,113.10 2 1
ResuMatch/pkg/logger/logger.go:113.10,114.9 1 0
ResuMatch/pkg/logger/logger.go:117.3,119.48 2 1
ResuMatch/pkg/logger/logger.go:119.48,124.25 4 1
ResuMatch/pkg/logger/logger.go:124.25,126.5 1 1
ResuMatch/pkg/logger/logger.go:127.4,127.34 1 0
ResuMatch/pkg/logger/logger.go:130.2,130.29 1 0
ResuMatch/pkg/logger/logger.go:135.13,139.2 1 1
ResuMatch/internal/transport/http/applicant.go:22.114,24.2 1 1
ResuMatch/internal/transport/http/applicant.go:26.56,37.2 8 0
ResuMatch/internal/transport/http/applicant.go:53.77,57.56 3 1
ResuMatch/internal/transport/http/applicant.go:57.56,60.3 2 1
ResuMatch/internal/transport/http/applicant.go:62.2,63.16 2 1
ResuMatch/internal/transport/http/applicant.go:63.16,66.3 2 1
ResuMatch/internal/transport/http/applicant.go:68.2,68.84 1 1
ResuMatch/internal/transport/http/applicant.go:68.84,71.3 2 1
ResuMatch/internal/transport/http/applicant.go:73.2,76.53 3 1
ResuMatch/internal/transport/http/applicant.go:76.53,79.3 2 0
ResuMatch/internal/transport/http/applicant.go:100.74,104.53 3 1
ResuMatch/internal/transport/http/applicant.go:104.53,107.3 2 1
ResuMatch/internal/transport/http/applicant.go:109.2,110.16 2 1
ResuMatch/internal/transport/http/applicant.go:110.16,113.3 2 1
ResuMatch/internal/transport/http/applicant.go:115.2,115.84 1 1
ResuMatch/internal/transport/http/applicant.go:115.84,118.3 2 1
ResuMatch/internal/transport/http/applicant.go:120.2,122.53 3 1
ResuMatch/internal/transport/http/applicant.go:122.53,125.3 2 0
ResuMatch/internal/transport/http/applicant.go:142.79,146.33 3 1
ResuMatch/internal/transport/http/applicant.go:146.33,150.3 2 1
ResuMatch/internal/transport/http/applicant.go:152.2,153.16 2 1
ResuMatch/internal/transport/http/applicant.go:153.16,156.3 2 1
ResuMatch/internal/transport/http/applicant.go:158.2,160.16 3 1
ResuMatch/internal/transport/http/applicant.go:160.16,164.3 2 1
ResuMatch/internal/transport/http/applicant.go:171.2,172.16 2 1
ResuMatch/internal/transport/http/applicant.go:172.16,175.3 2 1
ResuMatch/internal/transport/http/applicant.go:180.2,180.54 1 1
ResuMatch/internal/transport/http/applicant.go:180.54,183.3 2 0
ResuMatch/internal/transport/http/applicant.go:201.82,205.16 3 1
ResuMatch/internal/transport/http/applicant.go:205.16,209.3 2 1
ResuMatch/internal/transport/http/applicant.go:211.2,212.16 2 1
ResuMatch/internal/transport/http/applicant.go:212.16,215.3 2 0
ResuMatch/internal/transport/http/applicant.go:217.2,217.25 1 1
ResuMatch/internal/transport/http/applicant.go:217.25,220.3 2 1
ResuMatch/internal/transport/http/applicant.go:222.2,223.57 2 1
ResuMatch/internal/transport/http/applicant.go:223.57,226.3 2 1
ResuMatch/internal/transport/http/applicant.go:228.2,228.78 1 1
ResuMatch/internal/transport/http/applicant.go:228.78,231.3 2 1
ResuMatch/internal/transport/http/applicant.go:233.2,233.37 1 1
ResuMatch/internal/transport/http/applicant.go:252.81,256.33 3 1
ResuMatch/internal/transport/http/applicant.go:256.33,260.3 2 1
ResuMatch/internal/transport/http/applicant.go:262.2,263.16 2 1
ResuMatch/internal/transport/http/applicant.go:263.16,266.3 2 0
ResuMatch/internal/transport/http/applicant.go:268.2,268.25 1 1
ResuMatch/internal/transport/http/applicant.go:268.25,271.3 2 1
ResuMatch/internal/transport/http/applicant.go:273.2,274.16 2 1
ResuMatch/internal/transport/http/applicant.go:274.16,278.3 2 1
ResuMatch/internal/transport/http/applicant.go:280.2,281.16 2 1
ResuMatch/internal/transport/http/applicant.go:281.16,285.3 3 0
ResuMatch/internal/transport/http/applicant.go:286.2,286.36 1 1
ResuMatch/internal/transport/http/applicant.go:286.36,290.3 3 0
ResuMatch/internal/transport/http/applicant.go:292.2,293.16 2 1
ResuMatch/internal/transport/http/applicant.go:293.16,296.3 2 1
ResuMatch/internal/transport/http/applicant.go:298.2,298.51 1 1
ResuMatch/internal/transport/http/applicant.go:298.51,301.3 2 0
ResuMatch/internal/transport/http/applicant.go:318.80,322.53 3 1
ResuMatch/internal/transport/http/applicant.go:322.53,325.3 2 1
ResuMatch/internal/transport/http/applicant.go:327.2,328.16 2 1
ResuMatch/internal/transport/http/applicant.go:328.16,331.3 2 1
ResuMatch/internal/transport/http/applicant.go:333.2,333.53 1 1
ResuMatch/internal/transport/http/applicant.go:333.53,336.3 2 0
ResuMatch/internal/transport/http/auth.go:18.75,20.2 1 1
ResuMatch/internal/transport/http/auth.go:22.51,29.2 5 0
ResuMatch/internal/transport/http/auth.go:41.70,45.33 3 1
ResuMatch/internal/transport/http/auth.go:45.33,49.3 2 1
ResuMatch/internal/transport/http/auth.go:51.2,52.16 2 1
ResuMatch/internal/transport/http/auth.go:52.16,55.3 2 1
ResuMatch/internal/transport/http/auth.go:57.2,58.53 2 1
ResuMatch/internal/transport/http/auth.go:58.53,61.3 2 0
ResuMatch/internal/transport/http/auth.go:73.70,77.33 3 1
ResuMatch/internal/transport/http/auth.go:77.33,81.3 2 1
ResuMatch/internal/transport/http/auth.go:83.2,84.16 2 1
ResuMatch/internal/transport/http/auth.go:84.16,87.3 2 1
ResuMatch/internal/transport/http/auth.go:90.2,93.30 3 1
ResuMatch/internal/transport/http/auth.go:106.73,110.33 3 1
ResuMatch/internal/transport/http/auth.go:110.33,114.3 2 1
ResuMatch/internal/transport/http/auth.go:116.2,117.16 2 1
ResuMatch/internal/transport/http/auth.go:117.16,120.3 2 1
ResuMatch/internal/transport/http/auth.go:122.2,122.60 1 1
ResuMatch/internal/transport/http/auth.go:122.60,125.3 2 1
ResuMatch/internal/transport/http/auth.go:128.2,131.30 3 1
ResuMatch/internal/transport/http/employer.go:22.110,24.2 1 1
ResuMatch/internal/transport/http/employer.go:26.55,37.2 8 0
ResuMatch/internal/transport/http/employer.go:53.76,57.56 3 1
ResuMatch/internal/transport/http/employer.go:57.56,60.3 2 1
ResuMatch/internal/transport/http/employer.go:62.2,63.16 2 1
ResuMatch/internal/transport/http/employer.go:63.16,66.3 2 1
ResuMatch/internal/transport/http/employer.go:68.2,68.82 1 1
ResuMatch/internal/transport/http/employer.go:68.82,71.3 2 1
ResuMatch/internal/transport/http/employer.go:73.2,76.53 3 1
ResuMatch/internal/transport/http/employer.go:76.53,79.3 2 0
ResuMatch/internal/transport/http/employer.go:100.73,104.53 3 1
ResuMatch/internal/transport/http/employer.go:104.53,107.3 2 1
ResuMatch/internal/transport/http/employer.go:109.2,110.16 2 1
ResuMatch/internal/transport/http/employer.go:110.16,113.3 2 1
ResuMatch/internal/transport/http/employer.go:115.2,115.82 1 1
ResuMatch/internal/transport/http/employer.go:115.82,118.3 2 1
ResuMatch/internal/transport/http/employer.go:120.2,123.53 3 1
ResuMatch/internal/transport/http/employer.go:123.53,126.3 2 0
ResuMatch/internal/transport/http/employer.go:141.78,146.16 4 1
ResuMatch/internal/transport/http/employer.go:146.16,150.3 2 1
ResuMatch/internal/transport/http/employer.go:152.2,153.16 2 1
ResuMatch/internal/transport/http/employer.go:153.16,156.3 2 1
ResuMatch/internal/transport/http/employer.go:158.2,158.53 1 1
ResuMatch/internal/transport/http/employer.go:158.53,161.3 2 0
ResuMatch/internal/transport/http/employer.go:179.81,183.16 3 1
ResuMatch/internal/transport/http/employer.go:183.16,187.3 2 1
ResuMatch/internal/transport/http/employer.go:189.2,190.16 2 1
ResuMatch/internal/transport/http/employer.go:190.16,193.3 2 0
ResuMatch/internal/transport/http/employer.go:195.2,195.24 1 1
ResuMatch/internal/transport/http/employer.go:195.24,198.3 2 1
ResuMatch/internal/transport/http/employer.go:200.2,201.56 2 1
ResuMatch/internal/transport/http/employer.go:201.56,204.3 2 1
ResuMatch/internal/transport/http/employer.go:206.2,206.76 1 1
ResuMatch/internal/transport/http/employer.go:206.76,209.3 2 1
ResuMatch/internal/transport/http/employer.go:211.2,211.37 1 1
ResuMatch/internal/transport/http/employer.go:230.78,234.33 3 1
ResuMatch/internal/transport/http/employer.go:234.33,238.3 2 1
ResuMatch/internal/transport/http/employer.go:240.2,241.16 2 1
ResuMatch/internal/transport/http/employer.go:241.16,244.3 2 0
ResuMatch/internal/transport/http/employer.go:246.2,246.24 1 1
ResuMatch/internal/transport/http/employer.go:246.24,249.3 2 1
ResuMatch/internal/transport/http/employer.go:251.2,252.16 2 1
ResuMatch/internal/transport/http/employer.go:252.16,256.3 2 1
ResuMatch/internal/transport/http/employer.go:258.2,259.16 2 1
ResuMatch/internal/transport/http/employer.go:259.16,263.3 3 0
ResuMatch/internal/transport/http/employer.go:264.2,264.36 1 1
ResuMatch/internal/transport/http/employer.go:264.36,268.3 3 0
ResuMatch/internal/transport/http/employer.go:270.2,271.16 2 1
ResuMatch/internal/transport/http/employer.go:271.16,274.3 2 1
ResuMatch/internal/transport/http/employer.go:276.2,276.49 1 1
ResuMatch/internal/transport/http/employer.go:276.49,279.3 2 0
ResuMatch/internal/transport/http/employer.go:296.79,300.53 3 1
ResuMatch/internal/transport/http/employer.go:300.53,303.3 2 1
ResuMatch/internal/transport/http/employer.go:305.2,306.16 2 1
ResuMatch/internal/transport/http/employer.go:306.16,309.3 2 1
ResuMatch/internal/transport/http/employer.go:311.2,311.53 1 1
ResuMatch/internal/transport/http/employer.go:311.53,314.3 2 0
ResuMatch/internal/transport/http/notification.go:23.23,29.2 1 0
ResuMatch/internal/transport/http/notification.go:31.59,41.2 7 0
ResuMatch/internal/transport/http/notification.go:43.95,46.33 3 0
ResuMatch/internal/transport/http/notification.go:46.33,49.3 2 0
ResuMatch/internal/transport/http/notification.go:51.2,52.16 2 0
ResuMatch/internal/transport/http/notification.go:52.16,55.3 2 0
ResuMatch/internal/transport/http/notification.go:57.2,58.16 2 0
ResuMatch/internal/transport/http/notification.go:58.16,61.3 2 0
ResuMatch/internal/transport/http/notification.go:62.2,63.49 2 0
ResuMatch/internal/transport/http/notification.go:63.49,66.3 2 0
ResuMatch/internal/transport/http/notification.go:67.2,67.30 1 0
ResuMatch/internal/transport/http/notification.go:70.88,73.33 3 0
ResuMatch/internal/transport/http/notification.go:73.33,76.3 2 0
ResuMatch/internal/transport/http/notification.go:78.2,79.16 2 0
ResuMatch/internal/transport/http/notification.go:79.16,82.3 2 0
ResuMatch/internal/transport/http/notification.go:84.2,85.16 2 0
ResuMatch/internal/transport/http/notification.go:85.16,88.3 2 0
ResuMatch/internal/transport/http/notification.go:90.2,90.85 1 0
ResuMatch/internal/transport/http/notification.go:90.85,93.3 2 0
ResuMatch/internal/transport/http/notification.go:94.2,94.30 1 0
ResuMatch/internal/transport/http/notification.go:97.92,100.33 3 0
ResuMatch/internal/transport/http/notification.go:100.33,103.3 2 0
ResuMatch/internal/transport/http/notification.go:105.2,106.16 2 0
ResuMatch/internal/transport/http/notification.go:106.16,109.3 2 0
ResuMatch/internal/transport/http/notification.go:111.2,111.79 1 0
ResuMatch/internal/transport/http/notification.go:111.79,114.3 2 0
ResuMatch/internal/transport/http/notification.go:115.2,115.30 1 0
ResuMatch/internal/transport/http/notification.go:118.94,121.33 3 0
ResuMatch/internal/transport/http/notification.go:121.33,124.3 2 0
ResuMatch/internal/transport/http/notification.go:126.2,127.16 2 0
ResuMatch/internal/transport/http/notification.go:127.16,130.3 2 0
ResuMatch/internal/transport/http/notification.go:132.2,132.81 1 0
ResuMatch/internal/transport/http/notification.go:132.81,135.3 2 0
ResuMatch/internal/transport/http/notification.go:136.2,136.30 1 0
ResuMatch/internal/transport/http/resume.go:33.17,41.2 1 0
ResuMatch/internal/transport/http/resume.go:43.53,55.2 9 0
ResuMatch/internal/transport/http/resume.go:72.78,77.16 3 1
ResuMatch/internal/transport/http/resume.go:77.16,81.3 2 1
ResuMatch/internal/transport/http/resume.go:83.2,83.19 1 1
ResuMatch/internal/transport/http/resume.go:83.19,86.3 2 0
ResuMatch/internal/transport/http/resume.go:88.2,89.16 2 1
ResuMatch/internal/transport/http/resume.go:89.16,92.3 2 1
ResuMatch/internal/transport/http/resume.go:95.2,95.25 1 1
ResuMatch/internal/transport/http/resume.go:95.25,98.3 2 1
ResuMatch/internal/transport/http/resume.go:101.2,102.64 2 1
ResuMatch/internal/transport/http/resume.go:102.64,105.3 2 0
ResuMatch/internal/transport/http/resume.go:108.2,108.75 1 1
ResuMatch/internal/transport/http/resume.go:108.75,111.3 2 1
ResuMatch/internal/transport/http/resume.go:114.2,120.51 5 1
ResuMatch/internal/transport/http/resume.go:120.51,122.3 1 1
ResuMatch/internal/transport/http/resume.go:124.2,124.69 1 1
ResuMatch/internal/transport/http/resume.go:124.69,126.3 1 1
ResuMatch/internal/transport/http/resume.go:129.2,129.57 1 1
ResuMatch/internal/transport/http/resume.go:129.57,134.3 4 1
ResuMatch/internal/transport/http/resume.go:136.2,137.16 2 1
ResuMatch/internal/transport/http/resume.go:137.16,140.3 2 1
ResuMatch/internal/transport/http/resume.go:143.2,144.51 2 1
ResuMatch/internal/transport/http/resume.go:144.51,147.3 2 0
ResuMatch/internal/transport/http/resume.go:163.75,169.16 4 1
ResuMatch/internal/transport/http/resume.go:169.16,173.3 2 1
ResuMatch/internal/transport/http/resume.go:176.2,177.16 2 1
ResuMatch/internal/transport/http/resume.go:177.16,180.3 2 1
ResuMatch/internal/transport/http/resume.go:183.2,183.51 1 1
ResuMatch/internal/transport/http/resume.go:183.51,186.3 2 0
ResuMatch/internal/transport/http/resume.go:206.78,211.16 3 1
ResuMatch/internal/transport/http/resume.go:211.16,215.3 2 1
ResuMatch/internal/transport/http/resume.go:217.2,217.19 1 1
ResuMatch/internal/transport/http/resume.go:217.19,220.3 2 0
ResuMatch/internal/transport/http/resume.go:222.2,223.16 2 1
ResuMatch/internal/transport/http/resume.go:223.16,226.3 2 1
ResuMatch/internal/transport/http/resume.go:229.2,229.25 1 1
ResuMatch/internal/transport/http/resume.go:229.25,232.3 2 1
ResuMatch/internal/transport/http/resume.go:235.2,237.16 3 1
ResuMatch/internal/transport/http/resume.go:237.16,241.3 2 1
ResuMatch/internal/transport/http/resume.go:244.2,245.64 2 1
ResuMatch/internal/transport/http/resume.go:245.64,248.3 2 1
ResuMatch/internal/transport/http/resume.go:251.2,251.75 1 1
ResuMatch/internal/transport/http/resume.go:251.75,254.3 2 1
ResuMatch/internal/transport/http/resume.go:256.2,262.51 5 1
ResuMatch/internal/transport/http/resume.go:262.51,264.3 1 1
ResuMatch/internal/transport/http/resume.go:266.2,266.69 1 1
ResuMatch/internal/transport/http/resume.go:266.69,268.3 1 1
ResuMatch/internal/transport/http/resume.go:271.2,271.57 1 1
ResuMatch/internal/transport/http/resume.go:271.57,276.3 4 1
ResuMatch/internal/transport/http/resume.go:278.2,279.16 2 1
ResuMatch/internal/transport/http/resume.go:279.16,282.3 2 1
ResuMatch/internal/transport/http/resume.go:285.2,285.51 1 1
ResuMatch/internal/transport/http/resume.go:285.51,288.3 2 0
ResuMatch/internal/transport/http/resume.go:306.78,311.16 3 1
ResuMatch/internal/transport/http/resume.go:311.16,315.3 2 1
ResuMatch/internal/transport/http/resume.go:317.2,317.19 1 1
ResuMatch/internal/transport/http/resume.go:317.19,320.3 2 0
ResuMatch/internal/transport/http/resume.go:322.2,323.16 2 1
ResuMatch/internal/transport/http/resume.go:323.16,326.3 2 1
ResuMatch/internal/transport/http/resume.go:329.2,329.25 1 1
ResuMatch/internal/transport/http/resume.go:329.25,332.3 2 1
ResuMatch/internal/transport/http/resume.go:335.2,337.16 3 1
ResuMatch/internal/transport/http/resume.go:337.16,341.3 2 1
ResuMatch/internal/transport/http/resume.go:344.2,345.16 2 1
ResuMatch/internal/transport/http/resume.go:345.16,348.3 2 1
ResuMatch/internal/transport/http/resume.go:351.2,351.53 1 1
ResuMatch/internal/transport/http/resume.go:351.53,354.3 2 0
ResuMatch/internal/transport/http/resume.go:369.79,374.16 3 1
ResuMatch/internal/transport/http/resume.go:374.16,378.3 2 1
ResuMatch/internal/transport/http/resume.go:380.2,380.19 1 1
ResuMatch/internal/transport/http/resume.go:380.19,383.3 2 0
ResuMatch/internal/transport/http/resume.go:385.2,386.16 2 1
ResuMatch/internal/transport/http/resume.go:386.16,389.3 2 1
ResuMatch/internal/transport/http/resume.go:392.2,396.20 4 1
ResuMatch/internal/transport/http/resume.go:396.20,398.17 2 1
ResuMatch/internal/transport/http/resume.go:398.17,402.4 2 1
ResuMatch/internal/transport/http/resume.go:405.2,406.21 2 1
ResuMatch/internal/transport/http/resume.go:406.21,408.17 2 1
ResuMatch/internal/transport/http/resume.go:408.17,412.4 2 1
ResuMatch/internal/transport/http/resume.go:415.2,418.25 3 1
ResuMatch/internal/transport/http/resume.go:418.25,421.17 2 1
ResuMatch/internal/transport/http/resume.go:421.17,424.4 2 1
ResuMatch/internal/transport/http/resume.go:426.3,427.50 2 1
ResuMatch/internal/transport/http/resume.go:427.50,430.4 2 0
ResuMatch/internal/transport/http/resume.go:431.8,434.17 2 1
ResuMatch/internal/transport/http/resume.go:434.17,437.4 2 1
ResuMatch/internal/transport/http/resume.go:439.3,440.50 2 1
ResuMatch/internal/transport/http/resume.go:440.50,443.4 2 0
ResuMatch/internal/transport/http/resume.go:462.79,467.16 3 1
ResuMatch/internal/transport/http/resume.go:467.16,471.3 2 1
ResuMatch/internal/transport/http/resume.go:473.2,473.19 1 1
ResuMatch/internal/transport/http/resume.go:473.19,476.3 2 0
ResuMatch/internal/transport/http/resume.go:478.2,479.16 2 1
ResuMatch/internal/transport/http/resume.go:479.16,482.3 2 1
ResuMatch/internal/transport/http/resume.go:485.2,486.22 2 1
ResuMatch/internal/transport/http/resume.go:486.22,490.3 2 1
ResuMatch/internal/transport/http/resume.go:492.2,496.20 4 1
ResuMatch/internal/transport/http/resume.go:496.20,498.17 2 1
ResuMatch/internal/transport/http/resume.go:498.17,502.4 2 1
ResuMatch/internal/transport/http/resume.go:505.2,506.21 2 1
ResuMatch/internal/transport/http/resume.go:506.21,508.17 2 1
ResuMatch/internal/transport/http/resume.go:508.17,512.4 2 1
ResuMatch/internal/transport/http/resume.go:516.2,517.16 2 1
ResuMatch/internal/transport/http/resume.go:517.16,520.3 2 1
ResuMatch/internal/transport/http/resume.go:523.2,524.49 2 1
ResuMatch/internal/transport/http/resume.go:524.49,527.3 2 0
ResuMatch/internal/transport/http/resume.go:530.78,534.33 3 0
ResuMatch/internal/transport/http/resume.go:534.33,537.3 2 0
ResuMatch/internal/transport/http/resume.go:539.2,540.16 2 0
ResuMatch/internal/transport/http/resume.go:540.16,543.3 2 0
ResuMatch/internal/transport/http/resume.go:545.2,547.16 3 0
ResuMatch/internal/transport/http/resume.go:547.16,550.3 2 0
ResuMatch/internal/transport/http/resume.go:552.2,553.16 2 0
ResuMatch/internal/transport/http/resume.go:553.16,556.3 2 0
ResuMatch/internal/transport/http/resume.go:558.2,559.16 2 0
ResuMatch/internal/transport/http/resume.go:559.16,562.3 2 0
ResuMatch/internal/transport/http/resume.go:564.2,565.16 2 0
ResuMatch/internal/transport/http/resume.go:565.16,567.3 1 0
ResuMatch/internal/transport/http/resume.go:569.2,571.45 3 0
ResuMatch/internal/transport/http/resume.go:571.45,574.3 2 0
ResuMatch/internal/transport/http/specialization.go:15.99,17.2 1 0
ResuMatch/internal/transport/http/specialization.go:19.61,25.2 4 0
ResuMatch/internal/transport/http/specialization.go:35.99,40.16 3 1
ResuMatch/internal/transport/http/specialization.go:40.16,43.3 2 1
ResuMatch/internal/transport/http/specialization.go:46.2,46.64 1 1
ResuMatch/internal/transport/http/specialization.go:46.64,49.3 2 0
ResuMatch/internal/transport/http/specialization.go:60.99,65.16 3 0
ResuMatch/internal/transport/http/specialization.go:65.16,68.3 2 0
ResuMatch/internal/transport/http/specialization.go:71.2,71.57 1 0
ResuMatch/internal/transport/http/specialization.go:71.57,74.3 2 0
ResuMatch/internal/transport/http/vacancy.go:33.18,41.2 1 1
ResuMatch/internal/transport/http/vacancy.go:43.54,60.2 16 0
ResuMatch/internal/transport/http/vacancy.go:62.80,66.16 3 1
ResuMatch/internal/transport/http/vacancy.go:66.16,70.3 2 1
ResuMatch/internal/transport/http/vacancy.go:72.2,72.19 1 1
ResuMatch/internal/transport/http/vacancy.go:72.19,75.3 2 0
ResuMatch/internal/transport/http/vacancy.go:77.2,78.16 2 1
ResuMatch/internal/transport/http/vacancy.go:78.16,81.3 2 1
ResuMatch/internal/transport/http/vacancy.go:83.2,83.28 1 1
ResuMatch/internal/transport/http/vacancy.go:83.28,86.3 2 1
ResuMatch/internal/transport/http/vacancy.go:88.2,89.71 2 1
ResuMatch/internal/transport/http/vacancy.go:89.71,93.3 3 0
ResuMatch/internal/transport/http/vacancy.go:95.2,107.45 12 1
ResuMatch/internal/transport/http/vacancy.go:107.45,109.3 1 1
ResuMatch/internal/transport/http/vacancy.go:111.2,112.16 2 1
ResuMatch/internal/transport/http/vacancy.go:112.16,115.3 2 1
ResuMatch/internal/transport/http/vacancy.go:117.2,119.59 3 1
ResuMatch/internal/transport/http/vacancy.go:119.59,123.3 3 0
ResuMatch/internal/transport/http/vacancy.go:126.77,133.33 5 1
ResuMatch/internal/transport/http/vacancy.go:133.33,135.17 2 1
ResuMatch/internal/transport/http/vacancy.go:135.17,138.4 2 1
ResuMatch/internal/transport/http/vacancy.go:141.2,143.16 3 1
ResuMatch/internal/transport/http/vacancy.go:143.16,147.3 2 1
ResuMatch/internal/transport/http/vacancy.go:149.2,150.16 2 0
ResuMatch/internal/transport/http/vacancy.go:150.16,153.3 2 0
ResuMatch/internal/transport/http/vacancy.go:155.2,157.59 3 0
ResuMatch/internal/transport/http/vacancy.go:157.59,161.3 3 0
ResuMatch/internal/transport/http/vacancy.go:164.80,169.16 3 1
ResuMatch/internal/transport/http/vacancy.go:169.16,173.3 2 1
ResuMatch/internal/transport/http/vacancy.go:175.2,175.19 1 1
ResuMatch/internal/transport/http/vacancy.go:175.19,178.3 2 0
ResuMatch/internal/transport/http/vacancy.go:180.2,181.16 2 1
ResuMatch/internal/transport/http/vacancy.go:181.16,184.3 2 1
ResuMatch/internal/transport/http/vacancy.go:186.2,186.28 1 1
ResuMatch/internal/transport/http/vacancy.go:186.28,189.3 2 1
ResuMatch/internal/transport/http/vacancy.go:191.2,193.16 3 1
ResuMatch/internal/transport/http/vacancy.go:193.16,197.3 2 1
ResuMatch/internal/transport/http/vacancy.go:199.2,200.71 2 1
ResuMatch/internal/transport/http/vacancy.go:200.71,204.3 2 1
ResuMatch/internal/transport/http/vacancy.go:207.2,221.45 12 1
ResuMatch/internal/transport/http/vacancy.go:221.45,223.3 1 1
ResuMatch/internal/transport/http/vacancy.go:225.2,226.16 2 1
ResuMatch/internal/transport/http/vacancy.go:226.16,229.3 2 1
ResuMatch/internal/transport/http/vacancy.go:231.2,233.59 3 1
ResuMatch/internal/transport/http/vacancy.go:233.59,237.3 3 0
ResuMatch/internal/transport/http/vacancy.go:240.80,245.16 3 1
ResuMatch/internal/transport/http/vacancy.go:245.16,249.3 3 0
ResuMatch/internal/transport/http/vacancy.go:251.2,251.19 1 1
ResuMatch/internal/transport/http/vacancy.go:251.19,254.3 2 0
ResuMatch/internal/transport/http/vacancy.go:256.2,257.16 2 1
ResuMatch/internal/transport/http/vacancy.go:257.16,260.3 2 0
ResuMatch/internal/transport/http/vacancy.go:262.2,262.28 1 1
ResuMatch/internal/transport/http/vacancy.go:262.28,265.3 2 1
ResuMatch/internal/transport/http/vacancy.go:267.2,269.16 3 1
ResuMatch/internal/transport/http/vacancy.go:269.16,273.3 2 1
ResuMatch/internal/transport/http/vacancy.go:275.2,276.16 2 0
ResuMatch/internal/transport/http/vacancy.go:276.16,279.3 2 0
ResuMatch/internal/transport/http/vacancy.go:281.2,283.60 3 0
ResuMatch/internal/transport/http/vacancy.go:283.60,287.3 3 0
ResuMatch/internal/transport/http/vacancy.go:290.82,297.33 5 1
ResuMatch/internal/transport/http/vacancy.go:297.33,299.17 2 1
ResuMatch/internal/transport/http/vacancy.go:299.17,302.4 2 1
ResuMatch/internal/transport/http/vacancy.go:306.2,310.20 4 1
ResuMatch/internal/transport/http/vacancy.go:310.20,312.17 2 1
ResuMatch/internal/transport/http/vacancy.go:312.17,316.4 3 0
ResuMatch/internal/transport/http/vacancy.go:319.2,320.21 2 1
ResuMatch/internal/transport/http/vacancy.go:320.21,322.17 2 1
ResuMatch/internal/transport/http/vacancy.go:322.17,326.4 3 0
ResuMatch/internal/transport/http/vacancy.go:329.2,330.16 2 1
ResuMatch/internal/transport/http/vacancy.go:330.16,333.3 2 0
ResuMatch/internal/transport/http/vacancy.go:335.2,337.61 3 1
ResuMatch/internal/transport/http/vacancy.go:337.61,341.3 3 0
ResuMatch/internal/transport/http/vacancy.go:344.81,348.33 3 1
ResuMatch/internal/transport/http/vacancy.go:348.33,352.3 2 1
ResuMatch/internal/transport/http/vacancy.go:355.2,356.16 2 1
ResuMatch/internal/transport/http/vacancy.go:356.16,360.3 2 1
ResuMatch/internal/transport/http/vacancy.go:362.2,363.16 2 1
ResuMatch/internal/transport/http/vacancy.go:363.16,366.3 2 1
ResuMatch/internal/transport/http/vacancy.go:369.2,370.43 2 1
ResuMatch/internal/transport/http/vacancy.go:370.43,373.3 2 1
ResuMatch/internal/transport/http/vacancy.go:376.2,376.25 1 1
ResuMatch/internal/transport/http/vacancy.go:376.25,380.70 2 1
ResuMatch/internal/transport/http/vacancy.go:380.70,383.4 1 1
ResuMatch/internal/transport/http/vacancy.go:386.2,387.16 2 1
ResuMatch/internal/transport/http/vacancy.go:387.16,390.3 2 1
ResuMatch/internal/transport/http/vacancy.go:392.2,393.16 2 1
ResuMatch/internal/transport/http/vacancy.go:393.16,396.3 2 1
ResuMatch/internal/transport/http/vacancy.go:398.2,399.16 2 1
ResuMatch/internal/transport/http/vacancy.go:399.16,401.3 1 1
ResuMatch/internal/transport/http/vacancy.go:403.2,403.35 1 1
ResuMatch/internal/transport/http/vacancy.go:406.88,411.16 4 1
ResuMatch/internal/transport/http/vacancy.go:411.16,415.3 2 1
ResuMatch/internal/transport/http/vacancy.go:417.2,418.33 2 1
ResuMatch/internal/transport/http/vacancy.go:418.33,422.3 2 1
ResuMatch/internal/transport/http/vacancy.go:424.2,425.16 2 1
ResuMatch/internal/transport/http/vacancy.go:425.16,428.3 2 1
ResuMatch/internal/transport/http/vacancy.go:430.2,430.28 1 1
ResuMatch/internal/transport/http/vacancy.go:430.28,433.3 2 1
ResuMatch/internal/transport/http/vacancy.go:435.2,439.20 4 1
ResuMatch/internal/transport/http/vacancy.go:439.20,441.17 2 1
ResuMatch/internal/transport/http/vacancy.go:441.17,445.4 2 1
ResuMatch/internal/transport/http/vacancy.go:448.2,449.21 2 1
ResuMatch/internal/transport/http/vacancy.go:449.21,451.17 2 1
ResuMatch/internal/transport/http/vacancy.go:451.17,455.4 2 1
ResuMatch/internal/transport/http/vacancy.go:458.2,459.16 2 1
ResuMatch/internal/transport/http/vacancy.go:459.16,462.3 2 1
ResuMatch/internal/transport/http/vacancy.go:464.2,466.59 3 1
ResuMatch/internal/transport/http/vacancy.go:466.59,470.3 3 0
ResuMatch/internal/transport/http/vacancy.go:473.95,481.16 6 1
ResuMatch/internal/transport/http/vacancy.go:481.16,485.3 2 1
ResuMatch/internal/transport/http/vacancy.go:487.2,488.33 2 1
ResuMatch/internal/transport/http/vacancy.go:488.33,490.17 2 1
ResuMatch/internal/transport/http/vacancy.go:490.17,493.4 2 1
ResuMatch/internal/transport/http/vacancy.go:497.2,501.20 4 1
ResuMatch/internal/transport/http/vacancy.go:501.20,503.17 2 1
ResuMatch/internal/transport/http/vacancy.go:503.17,507.4 2 1
ResuMatch/internal/transport/http/vacancy.go:510.2,511.21 2 1
ResuMatch/internal/transport/http/vacancy.go:511.21,513.17 2 1
ResuMatch/internal/transport/http/vacancy.go:513.17,517.4 2 1
ResuMatch/internal/transport/http/vacancy.go:520.2,521.16 2 1
ResuMatch/internal/transport/http/vacancy.go:521.16,524.3 2 1
ResuMatch/internal/transport/http/vacancy.go:526.2,528.61 3 1
ResuMatch/internal/transport/http/vacancy.go:528.61,532.3 3 0
ResuMatch/internal/transport/http/vacancy.go:535.90,539.33 3 1
ResuMatch/internal/transport/http/vacancy.go:539.33,543.3 2 1
ResuMatch/internal/transport/http/vacancy.go:545.2,546.16 2 1
ResuMatch/internal/transport/http/vacancy.go:546.16,549.3 2 1
ResuMatch/internal/transport/http/vacancy.go:551.2,551.29 1 1
ResuMatch/internal/transport/http/vacancy.go:551.29,554.3 2 1
ResuMatch/internal/transport/http/vacancy.go:556.2,558.16 3 1
ResuMatch/internal/transport/http/vacancy.go:558.16,562.3 2 1
ResuMatch/internal/transport/http/vacancy.go:564.2,564.34 1 1
ResuMatch/internal/transport/http/vacancy.go:564.34,567.3 2 1
ResuMatch/internal/transport/http/vacancy.go:570.2,574.20 4 1
ResuMatch/internal/transport/http/vacancy.go:574.20,576.17 2 1
ResuMatch/internal/transport/http/vacancy.go:576.17,580.4 2 1
ResuMatch/internal/transport/http/vacancy.go:583.2,584.21 2 1
ResuMatch/internal/transport/http/vacancy.go:584.21,586.17 2 1
ResuMatch/internal/transport/http/vacancy.go:586.17,590.4 2 1
ResuMatch/internal/transport/http/vacancy.go:594.2,595.16 2 1
ResuMatch/internal/transport/http/vacancy.go:595.16,598.3 2 1
ResuMatch/internal/transport/http/vacancy.go:600.2,602.61 3 1
ResuMatch/internal/transport/http/vacancy.go:602.61,606.3 3 0
ResuMatch/internal/transport/http/vacancy.go:621.82,629.33 5 1
ResuMatch/internal/transport/http/vacancy.go:629.33,631.17 2 1
ResuMatch/internal/transport/http/vacancy.go:631.17,634.4 2 1
ResuMatch/internal/transport/http/vacancy.go:638.2,639.23 2 1
ResuMatch/internal/transport/http/vacancy.go:639.23,643.3 3 0
ResuMatch/internal/transport/http/vacancy.go:645.2,649.20 4 1
ResuMatch/internal/transport/http/vacancy.go:649.20,651.17 2 1
ResuMatch/internal/transport/http/vacancy.go:651.17,655.4 3 0
ResuMatch/internal/transport/http/vacancy.go:658.2,659.21 2 1
ResuMatch/internal/transport/http/vacancy.go:659.21,661.17 2 1
ResuMatch/internal/transport/http/vacancy.go:661.17,665.4 3 0
ResuMatch/internal/transport/http/vacancy.go:669.2,670.16 2 1
ResuMatch/internal/transport/http/vacancy.go:670.16,673.3 2 0
ResuMatch/internal/transport/http/vacancy.go:676.2,678.61 3 1
ResuMatch/internal/transport/http/vacancy.go:678.61,682.3 3 0
ResuMatch/internal/transport/http/vacancy.go:686.99,694.33 5 1
ResuMatch/internal/transport/http/vacancy.go:694.33,696.17 2 0
ResuMatch/internal/transport/http/vacancy.go:696.17,699.4 2 0
ResuMatch/internal/transport/http/vacancy.go:703.2,707.20 4 1
ResuMatch/internal/transport/http/vacancy.go:707.20,709.17 2 1
ResuMatch/internal/transport/http/vacancy.go:709.17,713.4 3 0
ResuMatch/internal/transport/http/vacancy.go:716.2,717.21 2 1
ResuMatch/internal/transport/http/vacancy.go:717.21,719.17 2 1
ResuMatch/internal/transport/http/vacancy.go:719.17,723.4 3 0
ResuMatch/internal/transport/http/vacancy.go:727.2,728.71 2 1
ResuMatch/internal/transport/http/vacancy.go:728.71,732.3 2 1
ResuMatch/internal/transport/http/vacancy.go:735.2,735.53 1 1
ResuMatch/internal/transport/http/vacancy.go:735.53,737.3 1 1
ResuMatch/internal/transport/http/vacancy.go:740.2,740.45 1 1
ResuMatch/internal/transport/http/vacancy.go:740.45,743.3 2 1
ResuMatch/internal/transport/http/vacancy.go:746.2,747.16 2 1
ResuMatch/internal/transport/http/vacancy.go:747.16,750.3 2 1
ResuMatch/internal/transport/http/vacancy.go:753.2,755.61 3 0
ResuMatch/internal/transport/http/vacancy.go:755.61,759.3 3 0
ResuMatch/internal/transport/http/vacancy.go:763.107,771.33 5 1
ResuMatch/internal/transport/http/vacancy.go:771.33,773.17 2 0
ResuMatch/internal/transport/http/vacancy.go:773.17,776.4 2 0
ResuMatch/internal/transport/http/vacancy.go:780.2,781.23 2 1
ResuMatch/internal/transport/http/vacancy.go:781.23,785.3 2 1
ResuMatch/internal/transport/http/vacancy.go:788.2,792.20 4 1
ResuMatch/internal/transport/http/vacancy.go:792.20,794.17 2 1
ResuMatch/internal/transport/http/vacancy.go:794.17,798.4 3 0
ResuMatch/internal/transport/http/vacancy.go:801.2,802.21 2 1
ResuMatch/internal/transport/http/vacancy.go:802.21,804.17 2 1
ResuMatch/internal/transport/http/vacancy.go:804.17,808.4 3 0
ResuMatch/internal/transport/http/vacancy.go:812.2,813.71 2 1
ResuMatch/internal/transport/http/vacancy.go:813.71,817.3 3 0
ResuMatch/internal/transport/http/vacancy.go:820.2,820.53 1 1
ResuMatch/internal/transport/http/vacancy.go:820.53,822.3 1 1
ResuMatch/internal/transport/http/vacancy.go:825.2,825.45 1 1
ResuMatch/internal/transport/http/vacancy.go:825.45,828.3 2 1
ResuMatch/internal/transport/http/vacancy.go:831.2,832.16 2 1
ResuMatch/internal/transport/http/vacancy.go:832.16,835.3 2 1
ResuMatch/internal/transport/http/vacancy.go:838.2,840.61 3 0
ResuMatch/internal/transport/http/vacancy.go:840.61,844.3 3 0
ResuMatch/internal/transport/http/vacancy.go:847.84,851.33 3 1
ResuMatch/internal/transport/http/vacancy.go:851.33,855.3 2 1
ResuMatch/internal/transport/http/vacancy.go:857.2,858.16 2 1
ResuMatch/internal/transport/http/vacancy.go:858.16,861.3 2 1
ResuMatch/internal/transport/http/vacancy.go:863.2,863.29 1 1
ResuMatch/internal/transport/http/vacancy.go:863.29,866.3 2 1
ResuMatch/internal/transport/http/vacancy.go:868.2,870.16 3 1
ResuMatch/internal/transport/http/vacancy.go:870.16,874.3 2 1
ResuMatch/internal/transport/http/vacancy.go:876.2,876.34 1 1
ResuMatch/internal/transport/http/vacancy.go:876.34,879.3 2 1
ResuMatch/internal/transport/http/vacancy.go:881.2,885.20 4 1
ResuMatch/internal/transport/http/vacancy.go:885.20,887.17 2 1
ResuMatch/internal/transport/http/vacancy.go:887.17,891.4 2 1
ResuMatch/internal/transport/http/vacancy.go:894.2,895.21 2 1
ResuMatch/internal/transport/http/vacancy.go:895.21,897.17 2 1
ResuMatch/internal/transport/http/vacancy.go:897.17,901.4 2 1
ResuMatch/internal/transport/http/vacancy.go:904.2,904.34 1 1
ResuMatch/internal/transport/http/vacancy.go:904.34,907.3 2 0
ResuMatch/internal/transport/http/vacancy.go:909.2,910.16 2 1
ResuMatch/internal/transport/http/vacancy.go:910.16,913.3 2 1
ResuMatch/internal/transport/http/vacancy.go:915.2,917.61 3 1
ResuMatch/internal/transport/http/vacancy.go:917.61,921.3 3 0
ResuMatch/internal/transport/http/vacancy.go:924.78,928.33 3 1
ResuMatch/internal/transport/http/vacancy.go:928.33,932.3 2 1
ResuMatch/internal/transport/http/vacancy.go:934.2,935.50 2 1
ResuMatch/internal/transport/http/vacancy.go:935.50,938.3 2 1
ResuMatch/internal/transport/http/vacancy.go:940.2,941.16 2 1
ResuMatch/internal/transport/http/vacancy.go:941.16,945.3 2 1
ResuMatch/internal/transport/http/vacancy.go:947.2,948.16 2 0
ResuMatch/internal/transport/http/vacancy.go:948.16,951.3 2 0
ResuMatch/internal/transport/http/vacancy.go:953.2,953.35 1 0
ResuMatch/internal/server/server.go:21.70,32.2 1 1
ResuMatch/internal/server/server.go:34.64,54.2 8 1
ResuMatch/internal/server/server.go:56.30,58.2 1 1
ResuMatch/internal/server/server.go:60.31,64.2 3 1
ResuMatch/internal/usecase/service/applicant.go:25.21,31.2 1 1
ResuMatch/internal/usecase/service/applicant.go:33.144,51.34 2 1
ResuMatch/internal/usecase/service/applicant.go:51.34,53.17 2 0
ResuMatch/internal/usecase/service/applicant.go:53.17,55.4 1 0
ResuMatch/internal/usecase/service/applicant.go:56.3,56.30 1 0
ResuMatch/internal/usecase/service/applicant.go:59.2,59.32 1 1
ResuMatch/internal/usecase/service/applicant.go:59.32,61.17 2 1
ResuMatch/internal/usecase/service/applicant.go:61.17,63.4 1 0
ResuMatch/internal/usecase/service/applicant.go:64.3,64.27 1 1
ResuMatch/internal/usecase/service/applicant.go:67.2,67.21 1 1
ResuMatch/internal/usecase/service/applicant.go:70.107,71.71 1 1
ResuMatch/internal/usecase/service/applicant.go:71.71,76.3 1 1
ResuMatch/internal/usecase/service/applicant.go:78.2,78.64 1 1
ResuMatch/internal/usecase/service/applicant.go:78.64,80.3 1 1
ResuMatch/internal/usecase/service/applicant.go:82.2,82.70 1 1
ResuMatch/internal/usecase/service/applicant.go:82.70,84.3 1 1
ResuMatch/internal/usecase/service/applicant.go:86.2,87.16 2 1
ResuMatch/internal/usecase/service/applicant.go:87.16,90.3 2 0
ResuMatch/internal/usecase/service/applicant.go:92.2,95.16 4 1
ResuMatch/internal/usecase/service/applicant.go:95.16,97.3 1 1
ResuMatch/internal/usecase/service/applicant.go:98.2,98.26 1 1
ResuMatch/internal/usecase/service/applicant.go:101.89,102.61 1 1
ResuMatch/internal/usecase/service/applicant.go:102.61,104.3 1 1
ResuMatch/internal/usecase/service/applicant.go:106.2,106.67 1 1
ResuMatch/internal/usecase/service/applicant.go:106.67,108.3 1 1
ResuMatch/internal/usecase/service/applicant.go:110.2,111.16 2 1
ResuMatch/internal/usecase/service/applicant.go:111.16,113.3 1 1
ResuMatch/internal/usecase/service/applicant.go:115.2,115.93 1 1
ResuMatch/internal/usecase/service/applicant.go:115.93,117.3 1 1
ResuMatch/internal/usecase/service/applicant.go:118.2,121.3 1 1
ResuMatch/internal/usecase/service/applicant.go:124.113,126.16 2 1
ResuMatch/internal/usecase/service/applicant.go:126.16,128.3 1 1
ResuMatch/internal/usecase/service/applicant.go:129.2,129.47 1 1
ResuMatch/internal/usecase/service/applicant.go:132.123,133.72 1 1
ResuMatch/internal/usecase/service/applicant.go:133.72,138.3 1 1
ResuMatch/internal/usecase/service/applicant.go:140.2,142.34 2 1
ResuMatch/internal/usecase/service/applicant.go:142.34,144.3 1 1
ResuMatch/internal/usecase/service/applicant.go:145.2,145.33 1 1
ResuMatch/internal/usecase/service/applicant.go:145.33,147.3 1 1
ResuMatch/internal/usecase/service/applicant.go:148.2,148.35 1 1
ResuMatch/internal/usecase/service/applicant.go:148.35,150.3 1 1
ResuMatch/internal/usecase/service/applicant.go:151.2,151.38 1 1
ResuMatch/internal/usecase/service/applicant.go:151.38,152.74 1 1
ResuMatch/internal/usecase/service/applicant.go:152.74,154.4 1 1
ResuMatch/internal/usecase/service/applicant.go:155.3,155.54 1 1
ResuMatch/internal/usecase/service/applicant.go:157.2,157.28 1 1
ResuMatch/internal/usecase/service/applicant.go:157.28,159.3 1 1
ResuMatch/internal/usecase/service/applicant.go:160.2,160.31 1 1
ResuMatch/internal/usecase/service/applicant.go:160.31,161.68 1 1
ResuMatch/internal/usecase/service/applicant.go:161.68,163.4 1 1
ResuMatch/internal/usecase/service/applicant.go:164.3,164.47 1 1
ResuMatch/internal/usecase/service/applicant.go:166.2,166.30 1 1
ResuMatch/internal/usecase/service/applicant.go:166.30,168.3 1 1
ResuMatch/internal/usecase/service/applicant.go:169.2,169.27 1 1
ResuMatch/internal/usecase/service/applicant.go:169.27,171.3 1 1
ResuMatch/internal/usecase/service/applicant.go:172.2,172.33 1 1
ResuMatch/internal/usecase/service/applicant.go:172.33,174.3 1 1
ResuMatch/internal/usecase/service/applicant.go:175.2,175.33 1 1
ResuMatch/internal/usecase/service/applicant.go:175.33,177.3 1 1
ResuMatch/internal/usecase/service/applicant.go:178.2,178.29 1 1
ResuMatch/internal/usecase/service/applicant.go:178.29,180.17 2 1
ResuMatch/internal/usecase/service/applicant.go:180.17,182.4 1 1
ResuMatch/internal/usecase/service/applicant.go:183.3,183.36 1 1
ResuMatch/internal/usecase/service/applicant.go:186.2,186.28 1 1
ResuMatch/internal/usecase/service/applicant.go:186.28,191.3 1 1
ResuMatch/internal/usecase/service/applicant.go:193.2,193.73 1 1
ResuMatch/internal/usecase/service/applicant.go:196.122,198.16 2 1
ResuMatch/internal/usecase/service/applicant.go:198.16,200.3 1 1
ResuMatch/internal/usecase/service/applicant.go:202.2,203.16 2 1
ResuMatch/internal/usecase/service/applicant.go:203.16,205.3 1 0
ResuMatch/internal/usecase/service/applicant.go:207.2,207.29 1 1
ResuMatch/internal/usecase/service/applicant.go:207.29,209.17 2 1
ResuMatch/internal/usecase/service/applicant.go:209.17,211.4 1 1
ResuMatch/internal/usecase/service/applicant.go:214.2,215.16 2 1
ResuMatch/internal/usecase/service/applicant.go:215.16,217.3 1 0
ResuMatch/internal/usecase/service/applicant.go:218.2,218.20 1 1
ResuMatch/internal/usecase/service/applicant.go:221.109,222.52 1 1
ResuMatch/internal/usecase/service/applicant.go:222.52,224.3 1 1
ResuMatch/internal/usecase/service/applicant.go:226.2,227.36 2 1
ResuMatch/internal/usecase/service/applicant.go:227.36,232.3 1 1
ResuMatch/internal/usecase/service/applicant.go:234.2,234.17 1 1
ResuMatch/internal/usecase/service/auth.go:15.16,19.2 1 1
ResuMatch/internal/usecase/service/auth.go:21.73,22.72 1 1
ResuMatch/internal/usecase/service/auth.go:22.72,24.3 1 1
ResuMatch/internal/usecase/service/auth.go:25.2,25.12 1 1
ResuMatch/internal/usecase/service/auth.go:28.85,29.81 1 1
ResuMatch/internal/usecase/service/auth.go:29.81,31.3 1 1
ResuMatch/internal/usecase/service/auth.go:32.2,32.12 1 1
ResuMatch/internal/usecase/service/auth.go:35.100,37.16 2 1
ResuMatch/internal/usecase/service/auth.go:37.16,39.3 1 1
ResuMatch/internal/usecase/service/auth.go:40.2,40.26 1 1
ResuMatch/internal/usecase/service/auth.go:43.99,45.16 2 1
ResuMatch/internal/usecase/service/auth.go:45.16,47.3 1 1
ResuMatch/internal/usecase/service/auth.go:48.2,48.21 1 1
ResuMatch/internal/usecase/service/employer.go:20.122,25.2 1 1
ResuMatch/internal/usecase/service/employer.go:27.133,43.25 2 1
ResuMatch/internal/usecase/service/employer.go:43.25,45.17 2 1
ResuMatch/internal/usecase/service/employer.go:45.17,47.4 1 1
ResuMatch/internal/usecase/service/employer.go:48.3,48.26 1 1
ResuMatch/internal/usecase/service/employer.go:51.2,51.21 1 1
ResuMatch/internal/usecase/service/employer.go:54.105,55.71 1 1
ResuMatch/internal/usecase/service/employer.go:55.71,60.3 1 1
ResuMatch/internal/usecase/service/employer.go:62.2,64.64 2 1
ResuMatch/internal/usecase/service/employer.go:64.64,66.3 1 1
ResuMatch/internal/usecase/service/employer.go:68.2,68.70 1 1
ResuMatch/internal/usecase/service/employer.go:68.70,70.3 1 1
ResuMatch/internal/usecase/service/employer.go:72.2,73.16 2 1
ResuMatch/internal/usecase/service/employer.go:73.16,76.3 2 0
ResuMatch/internal/usecase/service/employer.go:78.2,81.16 4 1
ResuMatch/internal/usecase/service/employer.go:81.16,83.3 1 1
ResuMatch/internal/usecase/service/employer.go:84.2,84.25 1 1
ResuMatch/internal/usecase/service/employer.go:87.88,88.61 1 1
ResuMatch/internal/usecase/service/employer.go:88.61,90.3 1 1
ResuMatch/internal/usecase/service/employer.go:92.2,92.67 1 1
ResuMatch/internal/usecase/service/employer.go:92.67,94.3 1 1
ResuMatch/internal/usecase/service/employer.go:96.2,97.16 2 1
ResuMatch/internal/usecase/service/employer.go:97.16,99.3 1 1
ResuMatch/internal/usecase/service/employer.go:100.2,100.91 1 1
ResuMatch/internal/usecase/service/employer.go:100.91,102.3 1 1
ResuMatch/internal/usecase/service/employer.go:103.2,106.3 1 1
ResuMatch/internal/usecase/service/employer.go:109.110,111.16 2 1
ResuMatch/internal/usecase/service/employer.go:111.16,113.3 1 1
ResuMatch/internal/usecase/service/employer.go:114.2,114.45 1 1
ResuMatch/internal/usecase/service/employer.go:117.120,118.71 1 1
ResuMatch/internal/usecase/service/employer.go:118.71,123.3 1 1
ResuMatch/internal/usecase/service/employer.go:125.2,127.35 2 1
ResuMatch/internal/usecase/service/employer.go:127.35,129.3 1 1
ResuMatch/internal/usecase/service/employer.go:130.2,130.36 1 1
ResuMatch/internal/usecase/service/employer.go:130.36,132.3 1 1
ResuMatch/internal/usecase/service/employer.go:133.2,133.30 1 1
ResuMatch/internal/usecase/service/employer.go:133.30,135.3 1 1
ResuMatch/internal/usecase/service/employer.go:136.2,136.31 1 1
ResuMatch/internal/usecase/service/employer.go:136.31,138.3 1 1
ResuMatch/internal/usecase/service/employer.go:139.2,139.35 1 1
ResuMatch/internal/usecase/service/employer.go:139.35,141.3 1 1
ResuMatch/internal/usecase/service/employer.go:142.2,142.26 1 1
ResuMatch/internal/usecase/service/employer.go:142.26,144.3 1 1
ResuMatch/internal/usecase/service/employer.go:145.2,145.32 1 1
ResuMatch/internal/usecase/service/employer.go:145.32,147.3 1 1
ResuMatch/internal/usecase/service/employer.go:148.2,148.32 1 1
ResuMatch/internal/usecase/service/employer.go:148.32,150.3 1 1
ResuMatch/internal/usecase/service/employer.go:152.2,152.28 1 1
ResuMatch/internal/usecase/service/employer.go:152.28,157.3 1 1
ResuMatch/internal/usecase/service/employer.go:159.2,159.71 1 1
ResuMatch/internal/usecase/service/employer.go:162.119,164.16 2 1
ResuMatch/internal/usecase/service/employer.go:164.16,166.3 1 1
ResuMatch/internal/usecase/service/employer.go:168.2,169.16 2 1
ResuMatch/internal/usecase/service/employer.go:169.16,171.3 1 0
ResuMatch/internal/usecase/service/employer.go:173.2,173.26 1 1
ResuMatch/internal/usecase/service/employer.go:173.26,175.17 2 1
ResuMatch/internal/usecase/service/employer.go:175.17,177.4 1 1
ResuMatch/internal/usecase/service/employer.go:180.2,181.16 2 1
ResuMatch/internal/usecase/service/employer.go:181.16,183.3 1 1
ResuMatch/internal/usecase/service/employer.go:184.2,184.18 1 1
ResuMatch/internal/usecase/service/employer.go:187.108,188.52 1 1
ResuMatch/internal/usecase/service/employer.go:188.52,190.3 1 1
ResuMatch/internal/usecase/service/employer.go:192.2,193.35 2 1
ResuMatch/internal/usecase/service/employer.go:193.35,198.3 1 1
ResuMatch/internal/usecase/service/employer.go:200.2,200.17 1 1
ResuMatch/internal/usecase/service/notification.go:15.102,19.2 1 0
ResuMatch/internal/usecase/service/notification.go:21.142,22.55 1 0
ResuMatch/internal/usecase/service/notification.go:22.55,24.3 1 0
ResuMatch/internal/usecase/service/notification.go:26.2,26.78 1 0
ResuMatch/internal/usecase/service/notification.go:26.78,31.3 1 0
ResuMatch/internal/usecase/service/notification.go:32.2,32.110 1 0
ResuMatch/internal/usecase/service/notification.go:32.110,34.3 1 0
ResuMatch/internal/usecase/service/notification.go:36.2,36.81 1 0
ResuMatch/internal/usecase/service/notification.go:36.81,38.3 1 0
ResuMatch/internal/usecase/service/notification.go:40.2,40.55 1 0
ResuMatch/internal/usecase/service/notification.go:40.55,42.3 1 0
ResuMatch/internal/usecase/service/notification.go:43.2,43.86 1 0
ResuMatch/internal/usecase/service/notification.go:46.102,48.16 2 0
ResuMatch/internal/usecase/service/notification.go:48.16,50.3 1 0
ResuMatch/internal/usecase/service/notification.go:51.2,51.27 1 0
ResuMatch/internal/usecase/service/notification.go:51.27,53.3 1 0
ResuMatch/internal/usecase/service/notification.go:55.2,55.39 1 0
ResuMatch/internal/usecase/service/notification.go:55.39,60.3 1 0
ResuMatch/internal/usecase/service/notification.go:61.2,61.65 1 0
ResuMatch/internal/usecase/service/notification.go:64.103,66.2 1 0
ResuMatch/internal/usecase/service/notification.go:68.105,70.2 1 0
ResuMatch/internal/usecase/service/notification.go:72.139,73.14 1 0
ResuMatch/internal/usecase/service/notification.go:74.19,75.79 1 0
ResuMatch/internal/usecase/service/notification.go:76.18,77.70 1 0
ResuMatch/internal/usecase/service/notification.go:78.10,82.4 1 0
ResuMatch/internal/usecase/service/resume.go:69.25,78.2 1 1
ResuMatch/internal/usecase/service/resume.go:80.149,99.16 3 0
ResuMatch/internal/usecase/service/resume.go:99.16,101.3 1 0
ResuMatch/internal/usecase/service/resume.go:102.2,105.16 3 0
ResuMatch/internal/usecase/service/resume.go:105.16,107.3 1 0
ResuMatch/internal/usecase/service/resume.go:108.2,117.45 7 0
ResuMatch/internal/usecase/service/resume.go:117.45,125.17 3 0
ResuMatch/internal/usecase/service/resume.go:125.17,127.4 1 0
ResuMatch/internal/usecase/service/resume.go:128.3,129.60 2 0
ResuMatch/internal/usecase/service/resume.go:131.2,132.27 2 0
ResuMatch/internal/usecase/service/resume.go:135.133,146.34 5 1
ResuMatch/internal/usecase/service/resume.go:146.34,148.17 2 1
ResuMatch/internal/usecase/service/resume.go:148.17,150.4 1 1
ResuMatch/internal/usecase/service/resume.go:154.2,155.34 2 1
ResuMatch/internal/usecase/service/resume.go:155.34,157.17 2 1
ResuMatch/internal/usecase/service/resume.go:157.17,162.4 1 1
ResuMatch/internal/usecase/service/resume.go:166.2,177.42 2 1
ResuMatch/internal/usecase/service/resume.go:177.42,179.3 1 0
ResuMatch/internal/usecase/service/resume.go:182.2,183.16 2 1
ResuMatch/internal/usecase/service/resume.go:183.16,185.3 1 1
ResuMatch/internal/usecase/service/resume.go:188.2,188.29 1 1
ResuMatch/internal/usecase/service/resume.go:188.29,190.17 2 1
ResuMatch/internal/usecase/service/resume.go:190.17,192.4 1 0
ResuMatch/internal/usecase/service/resume.go:194.3,194.24 1 1
ResuMatch/internal/usecase/service/resume.go:194.24,195.88 1 1
ResuMatch/internal/usecase/service/resume.go:195.88,197.5 1 0
ResuMatch/internal/usecase/service/resume.go:202.2,202.48 1 1
ResuMatch/internal/usecase/service/resume.go:202.48,204.17 2 1
ResuMatch/internal/usecase/service/resume.go:204.17,206.4 1 0
ResuMatch/internal/usecase/service/resume.go:208.3,208.23 1 1
ResuMatch/internal/usecase/service/resume.go:208.23,209.96 1 1
ResuMatch/internal/usecase/service/resume.go:209.96,211.5 1 0
ResuMatch/internal/usecase/service/resume.go:216.2,217.45 2 1
ResuMatch/internal/usecase/service/resume.go:217.45,219.17 2 1
ResuMatch/internal/usecase/service/resume.go:219.17,224.4 1 1
ResuMatch/internal/usecase/service/resume.go:226.3,227.39 2 1
ResuMatch/internal/usecase/service/resume.go:227.39,229.18 2 1
ResuMatch/internal/usecase/service/resume.go:229.18,234.5 1 1
ResuMatch/internal/usecase/service/resume.go:237.3,248.51 2 1
ResuMatch/internal/usecase/service/resume.go:248.51,250.4 1 0
ResuMatch/internal/usecase/service/resume.go:252.3,253.17 2 1
ResuMatch/internal/usecase/service/resume.go:253.17,255.4 1 1
ResuMatch/internal/usecase/service/resume.go:257.3,257.68 1 1
ResuMatch/internal/usecase/service/resume.go:261.2,262.41 2 1
ResuMatch/internal/usecase/service/resume.go:262.41,264.17 2 1
ResuMatch/internal/usecase/service/resume.go:264.17,266.4 1 0
ResuMatch/internal/usecase/service/resume.go:267.3,267.43 1 1
ResuMatch/internal/usecase/service/resume.go:271.2,272.16 2 1
ResuMatch/internal/usecase/service/resume.go:272.16,274.3 1 0
ResuMatch/internal/usecase/service/resume.go:277.2,278.16 2 1
ResuMatch/internal/usecase/service/resume.go:278.16,280.3 1 0
ResuMatch/internal/usecase/service/resume.go:283.2,297.35 2 1
ResuMatch/internal/usecase/service/resume.go:297.35,299.3 1 1
ResuMatch/internal/usecase/service/resume.go:302.2,302.48 1 1
ResuMatch/internal/usecase/service/resume.go:302.48,304.3 1 1
ResuMatch/internal/usecase/service/resume.go:307.2,307.44 1 1
ResuMatch/internal/usecase/service/resume.go:307.44,309.3 1 1
ResuMatch/internal/usecase/service/resume.go:312.2,312.31 1 1
ResuMatch/internal/usecase/service/resume.go:312.31,314.3 1 1
ResuMatch/internal/usecase/service/resume.go:317.2,317.49 1 1
ResuMatch/internal/usecase/service/resume.go:317.49,319.3 1 1
ResuMatch/internal/usecase/service/resume.go:322.2,322.37 1 1
ResuMatch/internal/usecase/service/resume.go:322.37,334.43 2 1
ResuMatch/internal/usecase/service/resume.go:334.43,336.4 1 1
ResuMatch/internal/usecase/service/resume.go:338.3,338.71 1 1
ResuMatch/internal/usecase/service/resume.go:341.2,341.22 1 1
ResuMatch/internal/usecase/service/resume.go:344.91,354.16 4 1
ResuMatch/internal/usecase/service/resume.go:354.16,356.3 1 1
ResuMatch/internal/usecase/service/resume.go:359.2,360.34 2 1
ResuMatch/internal/usecase/service/resume.go:360.34,362.17 2 1
ResuMatch/internal/usecase/service/resume.go:362.17,364.4 1 1
ResuMatch/internal/usecase/service/resume.go:365.3,365.43 1 1
ResuMatch/internal/usecase/service/resume.go:369.2,370.16 2 1
ResuMatch/internal/usecase/service/resume.go:370.16,372.3 1 1
ResuMatch/internal/usecase/service/resume.go:375.2,376.16 2 1
ResuMatch/internal/usecase/service/resume.go:376.16,378.3 1 1
ResuMatch/internal/usecase/service/resume.go:381.2,382.16 2 1
ResuMatch/internal/usecase/service/resume.go:382.16,384.3 1 1
ResuMatch/internal/usecase/service/resume.go:387.2,401.28 2 1
ResuMatch/internal/usecase/service/resume.go:401.28,403.3 1 1
ResuMatch/internal/usecase/service/resume.go:406.2,406.41 1 1
ResuMatch/internal/usecase/service/resume.go:406.41,408.3 1 1
ResuMatch/internal/usecase/service/resume.go:411.2,411.37 1 1
ResuMatch/internal/usecase/service/resume.go:411.37,413.3 1 1
ResuMatch/internal/usecase/service/resume.go:416.2,416.31 1 1
[...]
ResuMatch/internal/usecase/service/resume.go:899.3,900.17 2 1
ResuMatch/internal/usecase/service/resume.go:900.17,906.12 2 1
ResuMatch/internal/usecase/service/resume.go:910.3,911.32 2 1
ResuMatch/internal/usecase/service/resume.go:911.32,913.4 1 1
ResuMatch/internal/usecase/service/resume.go:916.3,927.31 2 1
ResuMatch/internal/usecase/service/resume.go:927.31,939.44 3 1
ResuMatch/internal/usecase/service/resume.go:939.44,941.5 1 0
ResuMatch/internal/usecase/service/resume.go:943.4,943.40 1 1
ResuMatch/internal/usecase/service/resume.go:946.3,946.43 1 1
ResuMatch/internal/usecase/service/resume.go:949.2,949.22 1 1
ResuMatch/internal/usecase/service/resume.go:953.174,967.25 5 1
ResuMatch/internal/usecase/service/resume.go:967.25,970.3 1 1
ResuMatch/internal/usecase/service/resume.go:970.8,973.3 1 1
ResuMatch/internal/usecase/service/resume.go:975.2,975.16 1 1
ResuMatch/internal/usecase/service/resume.go:975.16,977.3 1 1
ResuMatch/internal/usecase/service/resume.go:980.2,981.33 2 1
ResuMatch/internal/usecase/service/resume.go:981.33,984.35 2 1
ResuMatch/internal/usecase/service/resume.go:984.35,986.18 2 1
ResuMatch/internal/usecase/service/resume.go:986.18,993.13 2 1
ResuMatch/internal/usecase/service/resume.go:995.4,995.44 1 1
ResuMatch/internal/usecase/service/resume.go:999.3,1000.17 2 1
ResuMatch/internal/usecase/service/resume.go:1000.17,1006.12 2 1
ResuMatch/internal/usecase/service/resume.go:1010.3,1011.17 2 1
ResuMatch/internal/usecase/service/resume.go:1011.17,1018.12 2 1
ResuMatch/internal/usecase/service/resume.go:1022.3,1032.31 2 1
ResuMatch/internal/usecase/service/resume.go:1032.31,1044.44 3 1
ResuMatch/internal/usecase/service/resume.go:1044.44,1046.5 1 0
ResuMatch/internal/usecase/service/resume.go:1048.4,1048.40 1 1
ResuMatch/internal/usecase/service/resume.go:1051.3,1051.43 1 1
ResuMatch/internal/usecase/service/resume.go:1054.2,1054.22 1 1
ResuMatch/internal/usecase/service/resume.go:1057.131,1059.16 2 0
ResuMatch/internal/usecase/service/resume.go:1059.16,1061.3 1 0
ResuMatch/internal/usecase/service/resume.go:1063.2,1064.16 2 0
ResuMatch/internal/usecase/service/resume.go:1064.16,1066.3 1 0
ResuMatch/internal/usecase/service/resume.go:1068.2,1069.16 2 0
ResuMatch/internal/usecase/service/resume.go:1069.16,1071.3 1 0
ResuMatch/internal/usecase/service/resume.go:1073.2,1074.16 2 0
ResuMatch/internal/usecase/service/resume.go:1074.16,1076.3 1 0
ResuMatch/internal/usecase/service/resume.go:1078.2,1079.16 2 0
ResuMatch/internal/usecase/service/resume.go:1079.16,1081.3 1 0
ResuMatch/internal/usecase/service/resume.go:1083.2,1094.36 3 0
ResuMatch/internal/usecase/service/resume.go:1097.82,1099.42 1 0
ResuMatch/internal/usecase/service/resume.go:1099.42,1101.4 1 0
ResuMatch/internal/usecase/service/resume.go:1103.2,1105.16 3 0
ResuMatch/internal/usecase/service/resume.go:1105.16,1107.3 1 0
ResuMatch/internal/usecase/service/resume.go:1109.2,1110.49 2 0
ResuMatch/internal/usecase/service/resume.go:1110.49,1112.3 1 0
ResuMatch/internal/usecase/service/resume.go:1114.2,1114.26 1 0
ResuMatch/internal/usecase/service/specialization.go:20.117,24.2 1 1
ResuMatch/internal/usecase/service/specialization.go:26.122,30.16 3 1
ResuMatch/internal/usecase/service/specialization.go:30.16,36.3 2 1
ResuMatch/internal/usecase/service/specialization.go:39.2,40.39 2 1
ResuMatch/internal/usecase/service/specialization.go:40.39,42.3 1 1
ResuMatch/internal/usecase/service/specialization.go:44.2,46.8 1 1
ResuMatch/internal/usecase/service/specialization.go:49.129,53.16 3 0
ResuMatch/internal/usecase/service/specialization.go:53.16,59.3 2 0
ResuMatch/internal/usecase/service/specialization.go:61.2,65.34 2 0
ResuMatch/internal/usecase/service/specialization.go:65.34,73.3 1 0
ResuMatch/internal/usecase/service/specialization.go:75.2,75.22 1 0
ResuMatch/internal/usecase/service/static.go:29.84,33.2 1 1
ResuMatch/internal/usecase/service/static.go:35.107,37.29 2 0
ResuMatch/internal/usecase/service/static.go:37.29,40.3 2 0
ResuMatch/internal/usecase/service/static.go:42.2,44.14 3 0
ResuMatch/internal/usecase/service/static.go:44.14,47.3 2 0
ResuMatch/internal/usecase/service/static.go:49.2,49.66 1 0
ResuMatch/internal/usecase/service/static.go:49.66,52.3 2 0
ResuMatch/internal/usecase/service/static.go:54.2,56.16 3 0
ResuMatch/internal/usecase/service/static.go:56.16,58.3 1 0
ResuMatch/internal/usecase/service/static.go:59.2,62.8 1 0
ResuMatch/internal/usecase/service/static.go:65.85,66.21 1 0
ResuMatch/internal/usecase/service/static.go:67.33,68.67 1 0
ResuMatch/internal/usecase/service/static.go:68.67,73.4 1 0
ResuMatch/internal/usecase/service/static.go:74.10,78.4 1 0
ResuMatch/internal/usecase/service/static.go:80.2,80.12 1 0
ResuMatch/internal/usecase/service/static.go:83.80,85.2 1 1
ResuMatch/internal/usecase/service/static.go:87.73,89.2 1 1
ResuMatch/internal/usecase/service/vacancy.go:32.19,41.2 1 1
ResuMatch/internal/usecase/service/vacancy.go:43.138,53.34 5 1
ResuMatch/internal/usecase/service/vacancy.go:53.34,55.17 2 1
ResuMatch/internal/usecase/service/vacancy.go:55.17,57.4 1 1
ResuMatch/internal/usecase/service/vacancy.go:60.2,80.43 2 1
ResuMatch/internal/usecase/service/vacancy.go:80.43,82.3 1 1
ResuMatch/internal/usecase/service/vacancy.go:84.2,85.16 2 1
ResuMatch/internal/usecase/service/vacancy.go:85.16,87.3 1 0
ResuMatch/internal/usecase/service/vacancy.go:89.2,89.29 1 1
ResuMatch/internal/usecase/service/vacancy.go:89.29,91.17 2 1
ResuMatch/internal/usecase/service/vacancy.go:91.17,93.4 1 0
ResuMatch/internal/usecase/service/vacancy.go:95.3,95.24 1 1
ResuMatch/internal/usecase/service/vacancy.go:95.24,96.93 1 1
ResuMatch/internal/usecase/service/vacancy.go:96.93,98.5 1 0
ResuMatch/internal/usecase/service/vacancy.go:101.2,102.42 2 1
ResuMatch/internal/usecase/service/vacancy.go:102.42,104.17 2 1
ResuMatch/internal/usecase/service/vacancy.go:104.17,106.4 1 0
ResuMatch/internal/usecase/service/vacancy.go:107.3,107.43 1 1
ResuMatch/internal/usecase/service/vacancy.go:110.2,111.16 2 1
ResuMatch/internal/usecase/service/vacancy.go:111.16,113.3 1 0
ResuMatch/internal/usecase/service/vacancy.go:115.2,140.31 3 1
ResuMatch/internal/usecase/service/vacancy.go:140.31,142.3 1 1
ResuMatch/internal/usecase/service/vacancy.go:144.2,144.22 1 1
ResuMatch/internal/usecase/service/vacancy.go:147.131,156.16 4 1
ResuMatch/internal/usecase/service/vacancy.go:156.16,158.3 1 1
ResuMatch/internal/usecase/service/vacancy.go:160.2,161.35 2 1
ResuMatch/internal/usecase/service/vacancy.go:161.35,163.17 2 1
ResuMatch/internal/usecase/service/vacancy.go:163.17,165.4 1 1
ResuMatch/internal/usecase/service/vacancy.go:166.3,166.43 1 1
ResuMatch/internal/usecase/service/vacancy.go:169.2,170.16 2 1
ResuMatch/internal/usecase/service/vacancy.go:170.16,172.3 1 0
ResuMatch/internal/usecase/service/vacancy.go:174.2,175.51 2 1
ResuMatch/internal/usecase/service/vacancy.go:175.51,177.17 2 1
ResuMatch/internal/usecase/service/vacancy.go:177.17,179.4 1 0
ResuMatch/internal/usecase/service/vacancy.go:182.2,183.51 2 1
ResuMatch/internal/usecase/service/vacancy.go:183.51,185.17 2 1
ResuMatch/internal/usecase/service/vacancy.go:185.17,187.4 1 0
ResuMatch/internal/usecase/service/vacancy.go:190.2,217.31 3 1
ResuMatch/internal/usecase/service/vacancy.go:217.31,219.3 1 1
ResuMatch/internal/usecase/service/vacancy.go:221.2,221.22 1 1
ResuMatch/internal/usecase/service/vacancy.go:224.146,234.16 4 1
ResuMatch/internal/usecase/service/vacancy.go:234.16,236.3 1 1
ResuMatch/internal/usecase/service/vacancy.go:238.2,238.46 1 1
ResuMatch/internal/usecase/service/vacancy.go:238.46,243.3 1 1
ResuMatch/internal/usecase/service/vacancy.go:245.2,246.34 2 1
ResuMatch/internal/usecase/service/vacancy.go:246.34,248.17 2 1
ResuMatch/internal/usecase/service/vacancy.go:248.17,250.4 1 1
ResuMatch/internal/usecase/service/vacancy.go:253.2,273.43 2 1
ResuMatch/internal/usecase/service/vacancy.go:273.43,275.3 1 1
ResuMatch/internal/usecase/service/vacancy.go:277.2,278.16 2 1
ResuMatch/internal/usecase/service/vacancy.go:278.16,280.3 1 0
ResuMatch/internal/usecase/service/vacancy.go:282.2,282.69 1 1
ResuMatch/internal/usecase/service/vacancy.go:282.69,284.3 1 0
ResuMatch/internal/usecase/service/vacancy.go:285.2,285.29 1 1
ResuMatch/internal/usecase/service/vacancy.go:285.29,287.17 2 1
ResuMatch/internal/usecase/service/vacancy.go:287.17,289.4 1 0
ResuMatch/internal/usecase/service/vacancy.go:290.3,290.24 1 1
ResuMatch/internal/usecase/service/vacancy.go:290.24,291.78 1 1
ResuMatch/internal/usecase/service/vacancy.go:291.78,293.5 1 0
ResuMatch/internal/usecase/service/vacancy.go:297.2,298.42 2 1
ResuMatch/internal/usecase/service/vacancy.go:298.42,300.17 2 1
ResuMatch/internal/usecase/service/vacancy.go:300.17,302.4 1 0
ResuMatch/internal/usecase/service/vacancy.go:303.3,303.43 1 1
ResuMatch/internal/usecase/service/vacancy.go:305.2,306.16 2 1
ResuMatch/internal/usecase/service/vacancy.go:306.16,308.3 1 0
ResuMatch/internal/usecase/service/vacancy.go:310.2,334.31 3 1
ResuMatch/internal/usecase/service/vacancy.go:334.31,336.3 1 1
ResuMatch/internal/usecase/service/vacancy.go:337.2,337.22 1 1
ResuMatch/internal/usecase/service/vacancy.go:340.116,350.16 4 1
ResuMatch/internal/usecase/service/vacancy.go:350.16,352.3 1 1
ResuMatch/internal/usecase/service/vacancy.go:354.2,354.46 1 1
ResuMatch/internal/usecase/service/vacancy.go:354.46,359.3 1 0
ResuMatch/internal/usecase/service/vacancy.go:361.2,361.69 1 1
ResuMatch/internal/usecase/service/vacancy.go:361.69,363.3 1 0
ResuMatch/internal/usecase/service/vacancy.go:365.2,365.67 1 1
ResuMatch/internal/usecase/service/vacancy.go:365.67,367.3 1 0
ResuMatch/internal/usecase/service/vacancy.go:369.2,369.63 1 1
ResuMatch/internal/usecase/service/vacancy.go:369.63,371.3 1 0
ResuMatch/internal/usecase/service/vacancy.go:373.2,376.8 1 1
ResuMatch/internal/usecase/service/vacancy.go:379.151,389.16 4 1
ResuMatch/internal/usecase/service/vacancy.go:389.16,391.3 1 1
ResuMatch/internal/usecase/service/vacancy.go:393.2,394.36 2 1
ResuMatch/internal/usecase/service/vacancy.go:394.36,396.36 2 1
ResuMatch/internal/usecase/service/vacancy.go:396.36,398.18 2 1
ResuMatch/internal/usecase/service/vacancy.go:398.18,405.13 2 1
ResuMatch/internal/usecase/service/vacancy.go:407.4,407.44 1 1
ResuMatch/internal/usecase/service/vacancy.go:410.3,411.52 2 1
ResuMatch/internal/usecase/service/vacancy.go:411.52,413.18 2 1
ResuMatch/internal/usecase/service/vacancy.go:413.18,415.5 1 1
ResuMatch/internal/usecase/service/vacancy.go:418.3,419.52 2 1
ResuMatch/internal/usecase/service/vacancy.go:419.52,421.18 2 1
ResuMatch/internal/usecase/service/vacancy.go:421.18,423.5 1 1
ResuMatch/internal/usecase/service/vacancy.go:426.3,427.17 2 1
ResuMatch/internal/usecase/service/vacancy.go:427.17,434.12 2 1
ResuMatch/internal/usecase/service/vacancy.go:437.3,455.44 2 1
ResuMatch/internal/usecase/service/vacancy.go:458.2,458.22 1 1
ResuMatch/internal/usecase/service/vacancy.go:461.132,464.16 2 1
ResuMatch/internal/usecase/service/vacancy.go:464.16,466.3 1 1
ResuMatch/internal/usecase/service/vacancy.go:468.2,469.16 2 1
ResuMatch/internal/usecase/service/vacancy.go:469.16,471.3 1 1
ResuMatch/internal/usecase/service/vacancy.go:472.2,472.18 1 1
ResuMatch/internal/usecase/service/vacancy.go:472.18,474.3 1 1
ResuMatch/internal/usecase/service/vacancy.go:476.2,486.99 2 1
ResuMatch/internal/usecase/service/vacancy.go:489.147,499.16 4 1
ResuMatch/internal/usecase/service/vacancy.go:499.16,501.3 1 1
ResuMatch/internal/usecase/service/vacancy.go:503.2,505.30 2 1
ResuMatch/internal/usecase/service/vacancy.go:505.30,507.17 2 1
ResuMatch/internal/usecase/service/vacancy.go:507.17,509.4 1 1
ResuMatch/internal/usecase/service/vacancy.go:510.3,511.35 2 1
ResuMatch/internal/usecase/service/vacancy.go:511.35,513.18 2 1
ResuMatch/internal/usecase/service/vacancy.go:513.18,520.13 2 0
ResuMatch/internal/usecase/service/vacancy.go:522.4,522.44 1 1
ResuMatch/internal/usecase/service/vacancy.go:525.3,526.17 2 1
ResuMatch/internal/usecase/service/vacancy.go:526.17,532.12 2 0
ResuMatch/internal/usecase/service/vacancy.go:535.3,536.17 2 1
ResuMatch/internal/usecase/service/vacancy.go:536.17,543.12 2 0
ResuMatch/internal/usecase/service/vacancy.go:546.3,555.31 2 1
ResuMatch/internal/usecase/service/vacancy.go:555.31,567.44 3 1
ResuMatch/internal/usecase/service/vacancy.go:567.44,569.5 1 1
ResuMatch/internal/usecase/service/vacancy.go:571.4,571.40 1 1
ResuMatch/internal/usecase/service/vacancy.go:574.3,574.43 1 1
ResuMatch/internal/usecase/service/vacancy.go:576.2,576.22 1 1
ResuMatch/internal/usecase/service/vacancy.go:579.181,588.16 4 1
ResuMatch/internal/usecase/service/vacancy.go:588.16,590.3 1 1
ResuMatch/internal/usecase/service/vacancy.go:592.2,593.36 2 1
ResuMatch/internal/usecase/service/vacancy.go:593.36,595.36 2 1
ResuMatch/internal/usecase/service/vacancy.go:595.36,597.18 2 1
ResuMatch/internal/usecase/service/vacancy.go:597.18,604.13 2 1
ResuMatch/internal/usecase/service/vacancy.go:606.4,606.44 1 1
ResuMatch/internal/usecase/service/vacancy.go:609.3,610.45 2 1
ResuMatch/internal/usecase/service/vacancy.go:610.45,612.18 2 1
ResuMatch/internal/usecase/service/vacancy.go:612.18,614.5 1 0
ResuMatch/internal/usecase/service/vacancy.go:617.3,618.45 2 1
ResuMatch/internal/usecase/service/vacancy.go:618.45,620.18 2 1
ResuMatch/internal/usecase/service/vacancy.go:620.18,622.5 1 0
ResuMatch/internal/usecase/service/vacancy.go:625.3,626.17 2 1
ResuMatch/internal/usecase/service/vacancy.go:626.17,633.12 2 0
ResuMatch/internal/usecase/service/vacancy.go:636.3,654.44 2 1
ResuMatch/internal/usecase/service/vacancy.go:657.2,657.22 1 1
ResuMatch/internal/usecase/service/vacancy.go:660.152,669.16 4 1
ResuMatch/internal/usecase/service/vacancy.go:669.16,671.3 1 0
ResuMatch/internal/usecase/service/vacancy.go:673.2,674.36 2 1
ResuMatch/internal/usecase/service/vacancy.go:674.36,676.36 2 1
ResuMatch/internal/usecase/service/vacancy.go:676.36,678.18 2 1
ResuMatch/internal/usecase/service/vacancy.go:678.18,685.13 2 1
ResuMatch/internal/usecase/service/vacancy.go:687.4,687.44 1 0
ResuMatch/internal/usecase/service/vacancy.go:690.3,691.23 2 1
ResuMatch/internal/usecase/service/vacancy.go:691.23,693.18 2 1
ResuMatch/internal/usecase/service/vacancy.go:693.18,695.5 1 1
ResuMatch/internal/usecase/service/vacancy.go:698.3,699.23 2 0
ResuMatch/internal/usecase/service/vacancy.go:699.23,701.18 2 0
ResuMatch/internal/usecase/service/vacancy.go:701.18,703.5 1 0
ResuMatch/internal/usecase/service/vacancy.go:706.3,707.17 2 0
ResuMatch/internal/usecase/service/vacancy.go:707.17,714.12 2 0
ResuMatch/internal/usecase/service/vacancy.go:717.3,735.44 2 0
ResuMatch/internal/usecase/service/vacancy.go:738.2,738.22 1 1
ResuMatch/internal/usecase/service/vacancy.go:742.173,756.28 5 1
ResuMatch/internal/usecase/service/vacancy.go:756.28,759.3 1 1
ResuMatch/internal/usecase/service/vacancy.go:759.8,762.3 1 1
ResuMatch/internal/usecase/service/vacancy.go:764.2,764.16 1 1
ResuMatch/internal/usecase/service/vacancy.go:764.16,766.3 1 1
ResuMatch/internal/usecase/service/vacancy.go:769.2,770.36 2 1
ResuMatch/internal/usecase/service/vacancy.go:770.36,772.36 2 1
ResuMatch/internal/usecase/service/vacancy.go:772.36,774.18 2 1
ResuMatch/internal/usecase/service/vacancy.go:774.18,781.13 2 0
ResuMatch/internal/usecase/service/vacancy.go:783.4,783.44 1 1
ResuMatch/internal/usecase/service/vacancy.go:786.3,787.45 2 1
ResuMatch/internal/usecase/service/vacancy.go:787.45,789.18 2 1
ResuMatch/internal/usecase/service/vacancy.go:789.18,791.5 1 0
ResuMatch/internal/usecase/service/vacancy.go:794.3,795.45 2 1
ResuMatch/internal/usecase/service/vacancy.go:795.45,797.18 2 1
ResuMatch/internal/usecase/service/vacancy.go:797.18,799.5 1 0
ResuMatch/internal/usecase/service/vacancy.go:803.3,804.17 2 1
ResuMatch/internal/usecase/service/vacancy.go:804.17,811.12 2 0
ResuMatch/internal/usecase/service/vacancy.go:814.3,832.44 2 1
ResuMatch/internal/usecase/service/vacancy.go:835.2,835.22 1 1
ResuMatch/internal/usecase/service/vacancy.go:839.196,853.16 4 1
ResuMatch/internal/usecase/service/vacancy.go:853.16,855.3 1 1
ResuMatch/internal/usecase/service/vacancy.go:858.2,858.33 1 1
ResuMatch/internal/usecase/service/vacancy.go:858.33,860.3 1 1
ResuMatch/internal/usecase/service/vacancy.go:863.2,864.16 2 1
ResuMatch/internal/usecase/service/vacancy.go:864.16,866.3 1 1
ResuMatch/internal/usecase/service/vacancy.go:869.2,870.36 2 1
ResuMatch/internal/usecase/service/vacancy.go:870.36,872.36 2 1
ResuMatch/internal/usecase/service/vacancy.go:872.36,874.18 2 1
ResuMatch/internal/usecase/service/vacancy.go:874.18,881.13 2 1
ResuMatch/internal/usecase/service/vacancy.go:883.4,883.44 1 1
ResuMatch/internal/usecase/service/vacancy.go:886.3,887.45 2 1
ResuMatch/internal/usecase/service/vacancy.go:887.45,889.18 2 1
ResuMatch/internal/usecase/service/vacancy.go:889.18,891.5 1 1
ResuMatch/internal/usecase/service/vacancy.go:894.3,895.45 2 1
ResuMatch/internal/usecase/service/vacancy.go:895.45,897.18 2 1
ResuMatch/internal/usecase/service/vacancy.go:897.18,899.5 1 1
ResuMatch/internal/usecase/service/vacancy.go:903.3,904.17 2 1
ResuMatch/internal/usecase/service/vacancy.go:904.17,911.12 2 0
ResuMatch/internal/usecase/service/vacancy.go:914.3,932.44 2 1
ResuMatch/internal/usecase/service/vacancy.go:935.2,935.22 1 1
ResuMatch/internal/usecase/service/vacancy.go:939.224,954.16 4 1
ResuMatch/internal/usecase/service/vacancy.go:954.16,956.3 1 1
ResuMatch/internal/usecase/service/vacancy.go:959.2,959.33 1 1
ResuMatch/internal/usecase/service/vacancy.go:959.33,961.3 1 1
ResuMatch/internal/usecase/service/vacancy.go:964.2,965.16 2 1
ResuMatch/internal/usecase/service/vacancy.go:965.16,967.3 1 1
ResuMatch/internal/usecase/service/vacancy.go:970.2,971.36 2 1
ResuMatch/internal/usecase/service/vacancy.go:971.36,973.36 2 1
ResuMatch/internal/usecase/service/vacancy.go:973.36,975.18 2 1
ResuMatch/internal/usecase/service/vacancy.go:975.18,982.13 2 1
ResuMatch/internal/usecase/service/vacancy.go:984.4,984.44 1 1
ResuMatch/internal/usecase/service/vacancy.go:987.3,988.45 2 1
ResuMatch/internal/usecase/service/vacancy.go:988.45,990.18 2 1
ResuMatch/internal/usecase/service/vacancy.go:990.18,992.5 1 1
ResuMatch/internal/usecase/service/vacancy.go:995.3,996.45 2 1
ResuMatch/internal/usecase/service/vacancy.go:996.45,998.18 2 1
ResuMatch/internal/usecase/service/vacancy.go:998.18,1000.5 1 1
ResuMatch/internal/usecase/service/vacancy.go:1004.3,1005.17 2 1
ResuMatch/internal/usecase/service/vacancy.go:1005.17,1012.12 2 0
ResuMatch/internal/usecase/service/vacancy.go:1015.3,1033.44 2 1
ResuMatch/internal/usecase/service/vacancy.go:1036.2,1036.22 1 1
ResuMatch/internal/usecase/service/vacancy.go:1039.96,1041.74 1 1
ResuMatch/internal/usecase/service/vacancy.go:1041.74,1043.3 1 0
ResuMatch/internal/usecase/service/vacancy.go:1045.2,1046.16 2 1
ResuMatch/internal/usecase/service/vacancy.go:1046.16,1048.3 1 1
ResuMatch/internal/usecase/service/vacancy.go:1049.2,1049.14 1 1
ResuMatch/internal/usecase/service/vacancy.go:1049.14,1051.3 1 1
ResuMatch/internal/usecase/service/vacancy.go:1053.2,1053.71 1 1
ResuMatch/internal/usecase/service/vacancy.go:1055.140,1064.16 4 1
ResuMatch/internal/usecase/service/vacancy.go:1064.16,1066.3 1 1
ResuMatch/internal/usecase/service/vacancy.go:1068.2,1069.36 2 1
ResuMatch/internal/usecase/service/vacancy.go:1069.36,1071.36 2 1
ResuMatch/internal/usecase/service/vacancy.go:1071.36,1073.18 2 1
ResuMatch/internal/usecase/service/vacancy.go:1073.18,1080.13 2 1
ResuMatch/internal/usecase/service/vacancy.go:1082.4,1082.44 1 1
ResuMatch/internal/usecase/service/vacancy.go:1085.3,1086.17 2 1
ResuMatch/internal/usecase/service/vacancy.go:1086.17,1093.12 2 1
ResuMatch/internal/usecase/service/vacancy.go:1096.3,1097.23 2 1
ResuMatch/internal/usecase/service/vacancy.go:1097.23,1099.18 2 1
ResuMatch/internal/usecase/service/vacancy.go:1099.18,1101.5 1 0
ResuMatch/internal/usecase/service/vacancy.go:1104.3,1122.44 2 1
ResuMatch/internal/usecase/service/vacancy.go:1125.2,1125.22 1 1
