mode: set
ResuMatch/cmd/app/main.go:24.13,27.16 2 0
ResuMatch/cmd/app/main.go:27.16,29.3 1 0
ResuMatch/cmd/app/main.go:32.2,38.12 4 0
ResuMatch/cmd/app/main.go:38.12,41.36 3 0
ResuMatch/cmd/app/main.go:41.36,43.4 1 0
ResuMatch/cmd/app/main.go:47.2,48.75 2 0
ResuMatch/cmd/app/main.go:48.75,50.3 1 0
ResuMatch/cmd/auth/main.go:21.13,23.16 2 0
ResuMatch/cmd/auth/main.go:23.16,25.3 1 0
ResuMatch/cmd/auth/main.go:27.2,32.16 4 0
ResuMatch/cmd/auth/main.go:32.16,34.3 1 0
ResuMatch/cmd/auth/main.go:37.2,48.12 6 0
ResuMatch/cmd/auth/main.go:48.12,49.66 1 0
ResuMatch/cmd/auth/main.go:49.66,51.4 1 0
ResuMatch/cmd/auth/main.go:54.2,55.16 2 0
ResuMatch/cmd/auth/main.go:55.16,57.3 1 0
ResuMatch/cmd/auth/main.go:59.2,64.12 4 0
ResuMatch/cmd/auth/main.go:64.12,65.52 1 0
ResuMatch/cmd/auth/main.go:65.52,67.4 1 0
ResuMatch/cmd/auth/main.go:70.2,74.72 4 0
ResuMatch/docs/docs.go:1746.13,1748.2 1 0
ResuMatch/internal/app/app.go:18.46,21.16 2 0
ResuMatch/internal/app/app.go:21.16,23.3 1 0
ResuMatch/internal/app/app.go:26.2,27.16 2 0
ResuMatch/internal/app/app.go:27.16,29.3 1 0
ResuMatch/internal/app/app.go:31.2,32.16 2 0
ResuMatch/internal/app/app.go:32.16,34.3 1 0
ResuMatch/internal/app/app.go:36.2,37.16 2 0
ResuMatch/internal/app/app.go:37.16,39.3 1 0
ResuMatch/internal/app/app.go:41.2,42.16 2 0
ResuMatch/internal/app/app.go:42.16,44.3 1 0
ResuMatch/internal/app/app.go:46.2,47.16 2 0
ResuMatch/internal/app/app.go:47.16,49.3 1 0
ResuMatch/internal/app/app.go:51.2,52.16 2 0
ResuMatch/internal/app/app.go:52.16,54.3 1 0
ResuMatch/internal/app/app.go:56.2,57.16 2 0
ResuMatch/internal/app/app.go:57.16,59.3 1 0
ResuMatch/internal/app/app.go:61.2,62.16 2 0
ResuMatch/internal/app/app.go:62.16,64.3 1 0
ResuMatch/internal/app/app.go:66.2,67.16 2 0
ResuMatch/internal/app/app.go:67.16,69.3 1 0
ResuMatch/internal/app/app.go:71.2,72.16 2 0
ResuMatch/internal/app/app.go:72.16,74.3 1 0
ResuMatch/internal/app/app.go:77.2,78.16 2 0
ResuMatch/internal/app/app.go:78.16,80.3 1 0
ResuMatch/internal/app/app.go:82.2,83.16 2 0
ResuMatch/internal/app/app.go:83.16,85.3 1 0
ResuMatch/internal/app/app.go:87.2,118.41 21 0
ResuMatch/internal/app/app.go:118.41,128.3 9 0
ResuMatch/internal/app/app.go:130.2,130.12 1 0
ResuMatch/cmd/static/main.go:23.13,25.16 2 0
ResuMatch/cmd/static/main.go:25.16,27.3 1 0
ResuMatch/cmd/static/main.go:29.2,32.16 3 0
ResuMatch/cmd/static/main.go:32.16,34.3 1 0
ResuMatch/cmd/static/main.go:36.2,37.16 2 0
ResuMatch/cmd/static/main.go:37.16,39.3 1 0
ResuMatch/cmd/static/main.go:41.2,51.12 6 0
ResuMatch/cmd/static/main.go:51.12,52.66 1 0
ResuMatch/cmd/static/main.go:52.66,54.4 1 0
ResuMatch/cmd/static/main.go:57.2,58.16 2 0
ResuMatch/cmd/static/main.go:58.16,60.3 1 0
ResuMatch/cmd/static/main.go:62.2,67.12 4 0
ResuMatch/cmd/static/main.go:67.12,68.52 1 0
ResuMatch/cmd/static/main.go:68.52,70.4 1 0
ResuMatch/cmd/static/main.go:73.2,77.64 4 0
ResuMatch/internal/config/config.go:64.41,66.2 1 0
ResuMatch/internal/config/config.go:76.35,78.2 1 0
ResuMatch/internal/config/config.go:100.36,102.2 1 0
ResuMatch/internal/config/config.go:109.42,111.2 1 0
ResuMatch/internal/config/config.go:130.39,131.40 1 0
ResuMatch/internal/config/config.go:131.40,133.3 1 0
ResuMatch/internal/config/config.go:135.2,136.16 2 0
ResuMatch/internal/config/config.go:136.16,138.3 1 0
ResuMatch/internal/config/config.go:140.2,141.55 2 0
ResuMatch/internal/config/config.go:141.55,143.3 1 0
ResuMatch/internal/config/config.go:145.2,149.18 3 0
ResuMatch/internal/config/config.go:152.44,153.40 1 0
ResuMatch/internal/config/config.go:153.40,155.3 1 0
ResuMatch/internal/config/config.go:157.2,158.16 2 0
ResuMatch/internal/config/config.go:158.16,160.3 1 0
ResuMatch/internal/config/config.go:162.2,163.55 2 0
ResuMatch/internal/config/config.go:163.55,165.3 1 0
ResuMatch/internal/config/config.go:167.2,175.18 2 0
ResuMatch/internal/config/config.go:178.40,179.40 1 0
ResuMatch/internal/config/config.go:179.40,181.3 1 0
ResuMatch/internal/config/config.go:183.2,184.16 2 0
ResuMatch/internal/config/config.go:184.16,186.3 1 0
ResuMatch/internal/config/config.go:188.2,189.55 2 0
ResuMatch/internal/config/config.go:189.55,191.3 1 0
ResuMatch/internal/config/config.go:193.2,198.18 4 0
ResuMatch/internal/config/config.go:201.42,218.2 1 0
ResuMatch/internal/entity/applicant.go:39.42,40.26 1 0
ResuMatch/internal/entity/applicant.go:40.26,45.3 1 0
ResuMatch/internal/entity/applicant.go:46.2,46.12 1 0
ResuMatch/internal/entity/applicant.go:49.38,50.16 1 0
ResuMatch/internal/entity/applicant.go:55.30,56.14 1 0
ResuMatch/internal/entity/applicant.go:58.2,58.14 1 0
ResuMatch/internal/entity/applicant.go:61.51,62.33 1 0
ResuMatch/internal/entity/applicant.go:62.33,67.3 1 0
ResuMatch/internal/entity/applicant.go:68.2,68.12 1 0
ResuMatch/internal/entity/auth.go:18.46,19.9 1 0
ResuMatch/internal/entity/auth.go:20.25,24.4 1 0
ResuMatch/internal/entity/auth.go:26.26,30.4 1 0
ResuMatch/internal/entity/auth.go:32.76,36.4 1 0
ResuMatch/internal/entity/auth.go:62.10,63.13 1 0
ResuMatch/internal/entity/auth.go:67.74,70.16 3 0
ResuMatch/internal/entity/auth.go:70.16,75.3 1 0
ResuMatch/internal/entity/auth.go:77.2,85.24 2 0
ResuMatch/internal/entity/auth.go:88.77,100.2 1 0
ResuMatch/internal/entity/auth.go:102.40,105.28 2 0
ResuMatch/internal/entity/auth.go:105.28,110.3 1 0
ResuMatch/internal/entity/auth.go:112.2,112.22 1 0
ResuMatch/internal/entity/auth.go:112.22,117.3 1 0
ResuMatch/internal/entity/auth.go:118.2,118.12 1 0
ResuMatch/internal/entity/error.go:28.51,33.2 1 0
ResuMatch/internal/entity/error.go:35.31,37.2 1 0
ResuMatch/internal/entity/error.go:39.36,41.2 1 0
ResuMatch/internal/entity/error.go:43.34,45.2 1 0
ResuMatch/internal/entity/resume.go:57.35,58.24 1 0
ResuMatch/internal/entity/resume.go:58.24,63.3 1 0
ResuMatch/internal/entity/resume.go:65.2,65.28 1 0
ResuMatch/internal/entity/resume.go:65.28,70.3 1 0
ResuMatch/internal/entity/resume.go:72.2,72.12 1 0
ResuMatch/internal/entity/resume.go:75.43,76.73 1 0
ResuMatch/internal/entity/resume.go:76.73,81.3 1 0
ResuMatch/internal/entity/resume.go:83.2,83.12 1 0
ResuMatch/internal/entity/resume.go:86.61,88.2 1 0
ResuMatch/internal/entity/vacancy.go:40.36,41.76 1 0
ResuMatch/internal/entity/vacancy.go:41.76,46.3 1 0
ResuMatch/internal/entity/vacancy.go:48.2,48.23 1 0
ResuMatch/internal/entity/vacancy.go:48.23,53.3 1 0
ResuMatch/internal/entity/vacancy.go:55.2,55.29 1 0
ResuMatch/internal/entity/vacancy.go:55.29,60.3 1 0
ResuMatch/internal/entity/vacancy.go:62.2,68.37 2 0
ResuMatch/internal/entity/vacancy.go:68.37,73.3 1 0
ResuMatch/internal/entity/vacancy.go:75.2,83.36 2 0
ResuMatch/internal/entity/vacancy.go:83.36,88.3 1 0
ResuMatch/internal/entity/vacancy.go:90.2,98.33 2 0
ResuMatch/internal/entity/vacancy.go:98.33,103.3 1 0
ResuMatch/internal/entity/vacancy.go:105.2,105.47 1 0
ResuMatch/internal/entity/vacancy.go:105.47,110.3 1 0
ResuMatch/internal/entity/vacancy.go:112.2,112.52 1 0
ResuMatch/internal/entity/vacancy.go:112.52,117.3 1 0
ResuMatch/internal/entity/vacancy.go:119.2,119.73 1 0
ResuMatch/internal/entity/vacancy.go:119.73,124.3 1 0
ResuMatch/internal/entity/vacancy.go:126.2,132.36 2 0
ResuMatch/internal/entity/vacancy.go:132.36,137.3 1 0
ResuMatch/internal/entity/vacancy.go:139.2,139.96 1 0
ResuMatch/internal/entity/vacancy.go:139.96,144.3 1 0
ResuMatch/internal/entity/vacancy.go:146.2,146.80 1 0
ResuMatch/internal/entity/vacancy.go:146.80,151.3 1 0
ResuMatch/internal/entity/vacancy.go:153.2,153.101 1 0
ResuMatch/internal/entity/vacancy.go:153.101,158.3 1 0
ResuMatch/internal/entity/vacancy.go:160.2,160.125 1 0
ResuMatch/internal/entity/vacancy.go:160.125,165.3 1 0
ResuMatch/internal/entity/vacancy.go:167.2,167.73 1 0
ResuMatch/internal/entity/vacancy.go:167.73,172.3 1 0
ResuMatch/internal/entity/vacancy.go:174.2,174.12 1 0
ResuMatch/internal/metrics/metrics.go:21.29,119.2 10 1
ResuMatch/internal/metrics/metrics.go:127.40,130.35 2 1
ResuMatch/internal/metrics/metrics.go:130.35,131.10 1 1
ResuMatch/internal/metrics/metrics.go:132.39,133.25 1 1
ResuMatch/internal/metrics/metrics.go:134.42,135.23 1 1
ResuMatch/internal/metrics/metrics.go:136.46,137.26 1 1
ResuMatch/internal/metrics/metrics.go:141.2,141.36 1 1
ResuMatch/internal/entity/dto/resume.go:11.13,12.99 1 0
ResuMatch/internal/entity/dto/resume.go:12.99,14.27 2 0
ResuMatch/internal/entity/dto/resume.go:14.27,16.4 1 0
ResuMatch/internal/entity/dto/resume.go:18.3,21.62 2 0
ResuMatch/internal/entity/dto/resume.go:21.62,23.4 1 0
ResuMatch/internal/entity/dto/resume.go:23.9,23.57 1 0
ResuMatch/internal/entity/dto/resume.go:23.57,25.4 1 0
ResuMatch/internal/entity/dto/resume.go:25.9,27.4 1 0
ResuMatch/internal/entity/dto/resume.go:29.3,30.61 2 0
ResuMatch/internal/entity/dto/resume.go:34.2,34.125 1 0
ResuMatch/internal/entity/dto/resume.go:34.125,36.10 2 0
ResuMatch/internal/entity/dto/resume.go:36.10,38.4 1 0
ResuMatch/internal/entity/dto/resume.go:40.3,41.20 2 0
ResuMatch/internal/entity/dto/vacancy.go:9.13,11.96 1 0
ResuMatch/internal/entity/dto/vacancy.go:11.96,13.10 2 0
ResuMatch/internal/entity/dto/vacancy.go:13.10,15.4 1 0
ResuMatch/internal/entity/dto/vacancy.go:16.3,22.22 2 0
ResuMatch/internal/entity/dto/vacancy.go:25.2,25.96 1 0
ResuMatch/internal/entity/dto/vacancy.go:25.96,27.10 2 0
ResuMatch/internal/entity/dto/vacancy.go:27.10,29.4 1 0
ResuMatch/internal/entity/dto/vacancy.go:30.3,38.20 2 0
ResuMatch/internal/entity/dto/vacancy.go:41.2,41.94 1 0
ResuMatch/internal/entity/dto/vacancy.go:41.94,43.10 2 0
ResuMatch/internal/entity/dto/vacancy.go:43.10,45.4 1 0
ResuMatch/internal/entity/dto/vacancy.go:46.3,54.24 2 0
ResuMatch/internal/entity/dto/vacancy.go:57.2,57.96 1 0
ResuMatch/internal/entity/dto/vacancy.go:57.96,59.10 2 0
ResuMatch/internal/entity/dto/vacancy.go:59.10,61.4 1 0
ResuMatch/internal/entity/dto/vacancy.go:62.3,68.21 2 0
ResuMatch/internal/middleware/access_log.go:16.60,17.46 1 1
ResuMatch/internal/middleware/access_log.go:17.46,18.72 1 1
ResuMatch/internal/middleware/access_log.go:18.72,35.4 5 1
ResuMatch/internal/middleware/access_log.go:39.42,40.53 1 1
ResuMatch/internal/middleware/access_log.go:40.53,42.3 1 1
ResuMatch/internal/middleware/access_log.go:43.2,43.47 1 1
ResuMatch/internal/middleware/access_log.go:43.47,45.3 1 1
ResuMatch/internal/middleware/access_log.go:46.2,46.21 1 1
ResuMatch/internal/middleware/cors.go:8.68,9.46 1 1
ResuMatch/internal/middleware/cors.go:9.46,10.72 1 1
ResuMatch/internal/middleware/cors.go:10.72,13.37 2 1
ResuMatch/internal/middleware/cors.go:13.37,14.32 1 1
ResuMatch/internal/middleware/cors.go:14.32,16.11 2 1
ResuMatch/internal/middleware/cors.go:20.4,37.38 5 1
ResuMatch/internal/middleware/cors.go:37.38,40.5 2 1
ResuMatch/internal/middleware/cors.go:42.4,42.24 1 1
ResuMatch/internal/middleware/csrf.go:13.85,15.21 2 1
ResuMatch/internal/middleware/csrf.go:15.21,17.3 1 1
ResuMatch/internal/middleware/csrf.go:17.8,20.3 1 1
ResuMatch/internal/middleware/csrf.go:21.2,21.54 1 1
ResuMatch/internal/middleware/csrf.go:24.82,27.26 3 1
ResuMatch/internal/middleware/csrf.go:27.26,29.3 1 1
ResuMatch/internal/middleware/csrf.go:31.2,43.39 3 1
ResuMatch/internal/middleware/csrf.go:46.76,47.46 1 1
ResuMatch/internal/middleware/csrf.go:47.46,48.72 1 1
ResuMatch/internal/middleware/csrf.go:48.72,53.99 2 1
ResuMatch/internal/middleware/csrf.go:53.99,54.18 1 1
ResuMatch/internal/middleware/csrf.go:54.18,56.6 1 1
ResuMatch/internal/middleware/csrf.go:58.5,59.11 2 1
ResuMatch/internal/middleware/csrf.go:63.4,64.27 2 1
ResuMatch/internal/middleware/csrf.go:64.27,67.5 2 1
ResuMatch/internal/middleware/csrf.go:69.4,70.18 2 1
ResuMatch/internal/middleware/csrf.go:70.18,73.5 2 1
ResuMatch/internal/middleware/csrf.go:75.4,75.64 1 1
ResuMatch/internal/middleware/csrf.go:75.64,78.5 2 1
ResuMatch/internal/middleware/csrf.go:80.4,80.24 1 1
ResuMatch/internal/middleware/csrf.go:85.58,86.22 1 1
ResuMatch/internal/middleware/csrf.go:87.13,88.30 1 1
ResuMatch/internal/middleware/csrf.go:89.16,90.33 1 1
ResuMatch/internal/middleware/csrf.go:91.14,92.31 1 1
ResuMatch/internal/middleware/csrf.go:93.10,94.34 1 1
ResuMatch/internal/middleware/metrics.go:12.58,13.46 1 1
ResuMatch/internal/middleware/metrics.go:13.46,14.72 1 1
ResuMatch/internal/middleware/metrics.go:14.72,29.29 11 1
ResuMatch/internal/middleware/metrics.go:29.29,31.5 1 1
ResuMatch/internal/middleware/metrics.go:36.39,38.2 1 0
ResuMatch/internal/middleware/middleware_chaining.go:7.57,8.46 1 1
ResuMatch/internal/middleware/middleware_chaining.go:8.46,9.37 1 1
ResuMatch/internal/middleware/middleware_chaining.go:9.37,12.4 2 1
ResuMatch/internal/middleware/middleware_chaining.go:14.3,14.14 1 1
ResuMatch/internal/middleware/recovery.go:12.59,13.46 1 0
ResuMatch/internal/middleware/recovery.go:13.46,14.72 1 0
ResuMatch/internal/middleware/recovery.go:14.72,15.17 1 0
ResuMatch/internal/middleware/recovery.go:15.17,16.37 1 0
ResuMatch/internal/middleware/recovery.go:16.37,22.6 3 0
ResuMatch/internal/middleware/recovery.go:24.4,24.24 1 0
ResuMatch/internal/middleware/request_id.go:9.60,10.46 1 0
ResuMatch/internal/middleware/request_id.go:10.46,11.72 1 0
ResuMatch/internal/middleware/request_id.go:11.72,15.4 3 0
ResuMatch/internal/middleware/response_writer.go:16.64,19.2 2 1
ResuMatch/internal/middleware/response_writer.go:21.65,25.2 3 1
ResuMatch/internal/middleware/response_writer.go:27.82,28.58 1 0
ResuMatch/internal/middleware/response_writer.go:28.58,30.3 1 0
ResuMatch/internal/middleware/response_writer.go:31.2,31.81 1 0
ResuMatch/internal/transport/grpc/interceptors/request_id.go:10.63,11.153 1 0
ResuMatch/internal/transport/grpc/interceptors/request_id.go:11.153,12.60 1 0
ResuMatch/internal/transport/grpc/interceptors/request_id.go:12.60,14.4 1 0
ResuMatch/internal/transport/grpc/interceptors/request_id.go:15.3,15.55 1 0
ResuMatch/internal/transport/grpc/interceptors/request_id.go:19.63,20.128 1 0
ResuMatch/internal/transport/grpc/interceptors/request_id.go:20.128,21.54 1 0
ResuMatch/internal/transport/grpc/interceptors/request_id.go:21.54,22.57 1 0
ResuMatch/internal/transport/grpc/interceptors/request_id.go:22.57,24.5 1 0
ResuMatch/internal/transport/grpc/interceptors/request_id.go:26.3,26.27 1 0
ResuMatch/internal/transport/grpc/auth/client.go:18.55,24.16 2 0
ResuMatch/internal/transport/grpc/auth/client.go:24.16,26.3 1 0
ResuMatch/internal/transport/grpc/auth/client.go:28.2,30.46 2 0
ResuMatch/internal/transport/grpc/auth/client.go:33.70,38.16 4 0
ResuMatch/internal/transport/grpc/auth/client.go:38.16,41.3 2 0
ResuMatch/internal/transport/grpc/auth/client.go:43.2,44.12 2 0
ResuMatch/internal/transport/grpc/auth/client.go:47.82,52.16 4 0
ResuMatch/internal/transport/grpc/auth/client.go:52.16,55.3 2 0
ResuMatch/internal/transport/grpc/auth/client.go:57.2,58.12 2 0
ResuMatch/internal/transport/grpc/auth/client.go:61.97,66.16 4 0
ResuMatch/internal/transport/grpc/auth/client.go:66.16,69.3 2 0
ResuMatch/internal/transport/grpc/auth/client.go:71.2,72.41 2 0
ResuMatch/internal/transport/grpc/auth/client.go:75.96,80.16 4 0
ResuMatch/internal/transport/grpc/auth/client.go:80.16,83.3 2 0
ResuMatch/internal/transport/grpc/auth/client.go:84.2,85.26 2 0
ResuMatch/internal/transport/grpc/auth/server.go:16.41,20.2 1 0
ResuMatch/internal/transport/grpc/auth/server.go:22.108,24.16 2 0
ResuMatch/internal/transport/grpc/auth/server.go:24.16,26.3 1 0
ResuMatch/internal/transport/grpc/auth/server.go:27.2,27.30 1 0
ResuMatch/internal/transport/grpc/auth/server.go:30.114,32.16 2 0
ResuMatch/internal/transport/grpc/auth/server.go:32.16,34.3 1 0
ResuMatch/internal/transport/grpc/auth/server.go:35.2,35.30 1 0
ResuMatch/internal/transport/grpc/auth/server.go:38.155,40.16 2 0
ResuMatch/internal/transport/grpc/auth/server.go:40.16,42.3 1 0
ResuMatch/internal/transport/grpc/auth/server.go:43.2,46.8 1 0
ResuMatch/internal/transport/grpc/auth/server.go:49.140,51.16 2 0
ResuMatch/internal/transport/grpc/auth/server.go:51.16,53.3 1 0
ResuMatch/internal/transport/grpc/auth/server.go:54.2,56.8 1 0
ResuMatch/internal/transport/ws/client.go:14.42,16.3 1 0
ResuMatch/internal/transport/ws/client.go:26.89,28.16 2 0
ResuMatch/internal/transport/ws/client.go:28.16,30.3 1 0
ResuMatch/internal/transport/ws/client.go:32.2,33.14 2 0
ResuMatch/internal/transport/ws/client.go:34.18,35.33 1 0
ResuMatch/internal/transport/ws/client.go:36.19,37.34 1 0
ResuMatch/internal/transport/ws/client.go:38.10,40.9 2 0
ResuMatch/internal/transport/ws/client.go:43.2,56.22 4 0
ResuMatch/internal/transport/ws/client.go:59.29,60.15 1 0
ResuMatch/internal/transport/ws/client.go:60.15,62.40 2 0
ResuMatch/internal/transport/ws/client.go:62.40,64.4 1 0
ResuMatch/internal/transport/ws/client.go:67.2,67.6 1 0
ResuMatch/internal/transport/ws/client.go:67.6,75.47 3 0
ResuMatch/internal/transport/ws/client.go:75.47,77.9 2 0
ResuMatch/internal/transport/ws/client.go:80.3,80.34 1 0
ResuMatch/internal/transport/ws/client.go:80.34,91.4 2 0
ResuMatch/internal/transport/ws/client.go:95.30,96.15 1 0
ResuMatch/internal/transport/ws/client.go:96.15,97.40 1 0
ResuMatch/internal/transport/ws/client.go:97.40,99.4 1 0
ResuMatch/internal/transport/ws/client.go:102.2,102.26 1 0
ResuMatch/internal/transport/ws/client.go:102.26,104.47 2 0
ResuMatch/internal/transport/ws/client.go:104.47,106.9 2 0
ResuMatch/internal/transport/ws/hub.go:21.37,29.2 1 0
ResuMatch/internal/transport/ws/hub.go:31.21,32.6 1 0
ResuMatch/internal/transport/ws/hub.go:32.6,33.10 1 0
ResuMatch/internal/transport/ws/hub.go:34.31,38.52 4 0
ResuMatch/internal/transport/ws/hub.go:40.33,42.42 2 0
ResuMatch/internal/transport/ws/hub.go:42.42,46.5 3 0
ResuMatch/internal/transport/ws/hub.go:47.4,47.17 1 0
ResuMatch/internal/transport/ws/hub.go:49.33,51.44 2 0
ResuMatch/internal/transport/ws/hub.go:52.25,56.19 3 0
ResuMatch/internal/transport/ws/hub.go:56.19,59.14 3 0
ResuMatch/internal/transport/ws/hub.go:62.5,67.51 2 0
ResuMatch/internal/transport/ws/hub.go:67.51,72.6 1 0
ResuMatch/internal/transport/ws/hub.go:74.5,79.47 2 0
ResuMatch/internal/transport/ws/hub.go:79.47,84.6 1 0
ResuMatch/internal/transport/ws/hub.go:85.33,89.33 3 0
ResuMatch/internal/transport/ws/hub.go:90.36,91.41 1 0
ResuMatch/internal/transport/ws/hub.go:92.39,93.40 1 0
ResuMatch/internal/transport/ws/hub.go:96.5,100.41 2 0
ResuMatch/internal/transport/ws/hub.go:100.41,102.6 1 0
ResuMatch/internal/transport/ws/hub.go:104.4,104.17 1 0
ResuMatch/internal/transport/ws/hub.go:109.67,110.19 1 0
ResuMatch/internal/transport/ws/hub.go:110.19,112.3 1 0
ResuMatch/internal/transport/ws/hub.go:113.2,113.29 1 0
ResuMatch/internal/transport/ws/ws.go:15.75,17.2 1 0
ResuMatch/internal/transport/ws/ws.go:19.56,25.2 3 0
ResuMatch/internal/transport/ws/ws.go:27.84,31.16 3 0
ResuMatch/internal/transport/ws/ws.go:31.16,34.3 2 0
ResuMatch/internal/transport/ws/ws.go:35.2,36.16 2 0
ResuMatch/internal/transport/ws/ws.go:36.16,39.3 2 0
ResuMatch/internal/transport/ws/ws.go:40.2,40.38 1 0
ResuMatch/internal/transport/grpc/utils/error.go:28.35,30.29 2 0
ResuMatch/internal/transport/grpc/utils/error.go:30.29,32.68 2 0
ResuMatch/internal/transport/grpc/utils/error.go:32.68,34.4 1 0
ResuMatch/internal/transport/grpc/utils/error.go:35.3,35.58 1 0
ResuMatch/internal/transport/grpc/utils/error.go:37.2,37.62 1 0
ResuMatch/internal/transport/grpc/utils/error.go:40.37,42.9 2 0
ResuMatch/internal/transport/grpc/utils/error.go:42.9,44.3 1 0
ResuMatch/internal/transport/grpc/utils/error.go:46.2,47.9 2 0
ResuMatch/internal/transport/grpc/utils/error.go:47.9,49.3 1 0
ResuMatch/internal/transport/grpc/utils/error.go:51.2,51.61 1 0
ResuMatch/internal/repository/redis/session.go:24.55,31.36 2 0
ResuMatch/internal/repository/redis/session.go:31.36,37.18 2 0
ResuMatch/internal/repository/redis/session.go:37.18,40.5 2 0
ResuMatch/internal/repository/redis/session.go:43.4,43.53 1 0
ResuMatch/internal/repository/redis/session.go:43.53,45.24 2 0
ResuMatch/internal/repository/redis/session.go:45.24,47.6 1 0
ResuMatch/internal/repository/redis/session.go:48.5,49.93 2 0
ResuMatch/internal/repository/redis/session.go:51.4,51.20 1 0
ResuMatch/internal/repository/redis/session.go:62.92,68.2 1 0
ResuMatch/internal/repository/redis/session.go:70.105,80.15 4 0
ResuMatch/internal/repository/redis/session.go:80.15,81.38 1 0
ResuMatch/internal/repository/redis/session.go:81.38,83.4 1 0
ResuMatch/internal/repository/redis/session.go:86.2,88.6 2 0
ResuMatch/internal/repository/redis/session.go:88.6,90.17 2 0
ResuMatch/internal/repository/redis/session.go:90.17,96.4 2 0
ResuMatch/internal/repository/redis/session.go:97.3,97.18 1 0
ResuMatch/internal/repository/redis/session.go:97.18,98.9 1 0
ResuMatch/internal/repository/redis/session.go:100.3,100.34 1 0
ResuMatch/internal/repository/redis/session.go:103.2,104.16 2 0
ResuMatch/internal/repository/redis/session.go:104.16,110.3 2 0
ResuMatch/internal/repository/redis/session.go:112.2,114.16 3 0
ResuMatch/internal/repository/redis/session.go:114.16,120.3 2 0
ResuMatch/internal/repository/redis/session.go:122.2,123.16 2 0
ResuMatch/internal/repository/redis/session.go:123.16,129.3 2 0
ResuMatch/internal/repository/redis/session.go:130.2,130.26 1 0
ResuMatch/internal/repository/redis/session.go:133.103,142.15 4 0
ResuMatch/internal/repository/redis/session.go:142.15,143.38 1 0
ResuMatch/internal/repository/redis/session.go:143.38,145.4 1 0
ResuMatch/internal/repository/redis/session.go:148.2,149.16 2 0
ResuMatch/internal/repository/redis/session.go:149.16,151.35 2 0
ResuMatch/internal/repository/redis/session.go:151.35,156.4 1 0
ResuMatch/internal/repository/redis/session.go:157.3,160.4 1 0
ResuMatch/internal/repository/redis/session.go:163.2,166.16 4 0
ResuMatch/internal/repository/redis/session.go:166.16,172.3 2 0
ResuMatch/internal/repository/redis/session.go:174.2,174.26 1 0
ResuMatch/internal/repository/redis/session.go:177.91,186.15 4 0
ResuMatch/internal/repository/redis/session.go:186.15,187.38 1 0
ResuMatch/internal/repository/redis/session.go:187.38,189.4 1 0
ResuMatch/internal/repository/redis/session.go:192.2,193.16 2 0
ResuMatch/internal/repository/redis/session.go:193.16,195.35 2 0
ResuMatch/internal/repository/redis/session.go:195.35,197.4 1 0
ResuMatch/internal/repository/redis/session.go:198.3,201.4 1 0
ResuMatch/internal/repository/redis/session.go:204.2,205.16 2 0
ResuMatch/internal/repository/redis/session.go:205.16,211.3 2 0
ResuMatch/internal/repository/redis/session.go:213.2,216.16 4 0
ResuMatch/internal/repository/redis/session.go:216.16,222.3 2 0
ResuMatch/internal/repository/redis/session.go:224.2,226.16 3 0
ResuMatch/internal/repository/redis/session.go:226.16,232.3 2 0
ResuMatch/internal/repository/redis/session.go:234.2,234.12 1 0
ResuMatch/internal/repository/redis/session.go:237.99,247.15 4 0
ResuMatch/internal/repository/redis/session.go:247.15,248.38 1 0
ResuMatch/internal/repository/redis/session.go:248.38,250.4 1 0
ResuMatch/internal/repository/redis/session.go:253.2,256.16 3 0
ResuMatch/internal/repository/redis/session.go:256.16,262.3 2 0
ResuMatch/internal/repository/redis/session.go:264.2,264.35 1 0
ResuMatch/internal/repository/redis/session.go:264.35,266.17 2 0
ResuMatch/internal/repository/redis/session.go:266.17,272.4 2 0
ResuMatch/internal/repository/redis/session.go:275.2,276.16 2 0
ResuMatch/internal/repository/redis/session.go:276.16,282.3 2 0
ResuMatch/internal/repository/redis/session.go:284.2,284.12 1 0
ResuMatch/internal/transport/grpc/static/client.go:19.55,25.16 2 0
ResuMatch/internal/transport/grpc/static/client.go:25.16,27.3 1 0
ResuMatch/internal/transport/grpc/static/client.go:29.2,30.50 2 0
ResuMatch/internal/transport/grpc/static/client.go:33.102,38.16 4 0
ResuMatch/internal/transport/grpc/static/client.go:38.16,41.3 2 0
ResuMatch/internal/transport/grpc/static/client.go:43.2,49.23 3 0
ResuMatch/internal/transport/grpc/static/client.go:52.75,57.16 4 0
ResuMatch/internal/transport/grpc/static/client.go:57.16,60.3 2 0
ResuMatch/internal/transport/grpc/static/client.go:62.2,63.23 2 0
ResuMatch/internal/transport/grpc/static/client.go:67.68,72.16 4 0
ResuMatch/internal/transport/grpc/static/client.go:72.16,75.3 2 0
ResuMatch/internal/transport/grpc/static/client.go:77.2,78.12 2 0
ResuMatch/internal/transport/grpc/static/server.go:16.45,20.2 1 0
ResuMatch/internal/transport/grpc/static/server.go:22.137,24.16 2 0
ResuMatch/internal/transport/grpc/static/server.go:24.16,26.3 1 0
ResuMatch/internal/transport/grpc/static/server.go:28.2,31.8 1 0
ResuMatch/internal/transport/grpc/static/server.go:34.110,36.16 2 0
ResuMatch/internal/transport/grpc/static/server.go:36.16,38.3 1 0
ResuMatch/internal/transport/grpc/static/server.go:40.2,42.8 1 0
ResuMatch/internal/transport/grpc/static/server.go:45.105,47.16 2 0
ResuMatch/internal/transport/grpc/static/server.go:47.16,49.3 1 0
ResuMatch/internal/transport/grpc/static/server.go:51.2,51.30 1 0
ResuMatch/internal/transport/http/utils/error.go:25.37,28.34 3 1
ResuMatch/internal/transport/http/utils/error.go:28.34,31.54 3 1
ResuMatch/internal/transport/http/utils/error.go:31.54,33.4 1 1
ResuMatch/internal/transport/http/utils/error.go:33.9,35.4 1 1
ResuMatch/internal/transport/http/utils/error.go:36.8,39.3 2 1
ResuMatch/internal/transport/http/utils/error.go:40.2,40.17 1 1
ResuMatch/internal/transport/http/utils/error.go:43.63,48.2 1 1
ResuMatch/internal/transport/http/utils/error.go:50.62,51.27 1 1
ResuMatch/internal/transport/http/utils/error.go:51.27,53.3 1 1
ResuMatch/internal/transport/http/utils/error.go:53.8,55.3 1 1
ResuMatch/internal/transport/http/utils/error.go:56.2,59.16 4 1
ResuMatch/internal/transport/http/utils/error.go:59.16,61.3 1 0
ResuMatch/internal/transport/http/utils/json.go:10.74,13.16 3 0
ResuMatch/internal/transport/http/utils/json.go:13.16,19.3 1 0
ResuMatch/internal/transport/http/utils/json.go:20.2,20.45 1 0
ResuMatch/internal/transport/http/utils/json.go:20.45,25.3 1 0
ResuMatch/internal/transport/http/utils/json.go:26.2,26.12 1 0
ResuMatch/internal/transport/http/utils/json.go:29.62,31.16 2 0
ResuMatch/internal/transport/http/utils/json.go:31.16,36.3 1 0
ResuMatch/internal/transport/http/utils/json.go:37.2,37.12 1 0
ResuMatch/internal/transport/http/utils/session.go:9.47,29.2 2 1
ResuMatch/internal/transport/http/utils/session.go:31.110,34.16 3 1
ResuMatch/internal/transport/http/utils/session.go:34.16,36.3 1 1
ResuMatch/internal/transport/http/utils/session.go:37.2,39.12 3 1
ResuMatch/internal/transport/http/utils/session.go:42.73,52.2 1 1
ResuMatch/internal/repository/postgres/applicant.go:42.55,64.2 2 1
ResuMatch/internal/repository/postgres/applicant.go:66.70,67.18 1 1
ResuMatch/internal/repository/postgres/applicant.go:67.18,69.3 1 1
ResuMatch/internal/repository/postgres/applicant.go:70.2,70.11 1 1
ResuMatch/internal/repository/postgres/applicant.go:73.81,75.2 1 0
ResuMatch/internal/repository/postgres/applicant.go:78.120,107.16 6 1
ResuMatch/internal/repository/postgres/applicant.go:107.16,110.29 2 1
ResuMatch/internal/repository/postgres/applicant.go:110.29,111.22 1 1
ResuMatch/internal/repository/postgres/applicant.go:112.36,116.6 1 1
ResuMatch/internal/repository/postgres/applicant.go:117.37,121.6 1 1
ResuMatch/internal/repository/postgres/applicant.go:122.38,126.6 1 1
ResuMatch/internal/repository/postgres/applicant.go:127.35,131.6 1 1
ResuMatch/internal/repository/postgres/applicant.go:132.12,136.6 1 1
ResuMatch/internal/repository/postgres/applicant.go:140.3,148.4 2 1
ResuMatch/internal/repository/postgres/applicant.go:150.2,150.31 1 1
ResuMatch/internal/repository/postgres/applicant.go:153.104,193.16 7 1
ResuMatch/internal/repository/postgres/applicant.go:193.16,195.36 1 1
ResuMatch/internal/repository/postgres/applicant.go:195.36,200.4 1 1
ResuMatch/internal/repository/postgres/applicant.go:202.3,211.4 2 1
ResuMatch/internal/repository/postgres/applicant.go:214.2,214.23 1 1
ResuMatch/internal/repository/postgres/applicant.go:217.113,257.16 7 1
ResuMatch/internal/repository/postgres/applicant.go:257.16,259.36 1 1
ResuMatch/internal/repository/postgres/applicant.go:259.36,264.4 1 1
ResuMatch/internal/repository/postgres/applicant.go:266.3,275.4 2 1
ResuMatch/internal/repository/postgres/applicant.go:278.2,278.23 1 1
ResuMatch/internal/repository/postgres/applicant.go:281.117,293.35 7 1
ResuMatch/internal/repository/postgres/applicant.go:293.35,297.3 3 1
ResuMatch/internal/repository/postgres/applicant.go:299.2,305.16 5 1
ResuMatch/internal/repository/postgres/applicant.go:305.16,308.29 2 1
ResuMatch/internal/repository/postgres/applicant.go:308.29,309.22 1 1
ResuMatch/internal/repository/postgres/applicant.go:310.36,314.6 1 1
ResuMatch/internal/repository/postgres/applicant.go:315.37,319.6 1 1
ResuMatch/internal/repository/postgres/applicant.go:320.38,324.6 1 1
ResuMatch/internal/repository/postgres/applicant.go:325.35,329.6 1 1
ResuMatch/internal/repository/postgres/applicant.go:330.12,334.6 1 1
ResuMatch/internal/repository/postgres/applicant.go:338.3,347.4 2 1
ResuMatch/internal/repository/postgres/applicant.go:350.2,351.16 2 1
ResuMatch/internal/repository/postgres/applicant.go:351.16,363.3 2 1
ResuMatch/internal/repository/postgres/applicant.go:365.2,365.23 1 1
ResuMatch/internal/repository/postgres/applicant.go:365.23,376.3 2 1
ResuMatch/internal/repository/postgres/applicant.go:378.2,378.12 1 1
ResuMatch/internal/repository/postgres/chat.go:20.62,24.2 1 0
ResuMatch/internal/repository/postgres/chat.go:26.111,53.16 6 0
ResuMatch/internal/repository/postgres/chat.go:53.16,54.36 1 0
ResuMatch/internal/repository/postgres/chat.go:54.36,56.4 1 0
ResuMatch/internal/repository/postgres/chat.go:57.3,60.4 1 0
ResuMatch/internal/repository/postgres/chat.go:62.2,62.19 1 0
ResuMatch/internal/repository/postgres/chat.go:65.130,95.16 6 0
ResuMatch/internal/repository/postgres/chat.go:95.16,97.29 2 0
ResuMatch/internal/repository/postgres/chat.go:97.29,98.22 1 0
ResuMatch/internal/repository/postgres/chat.go:99.36,103.6 1 0
ResuMatch/internal/repository/postgres/chat.go:104.37,108.6 1 0
ResuMatch/internal/repository/postgres/chat.go:109.12,113.6 1 0
ResuMatch/internal/repository/postgres/chat.go:116.3,119.4 1 0
ResuMatch/internal/repository/postgres/chat.go:121.2,121.19 1 0
ResuMatch/internal/repository/postgres/chat.go:124.93,146.16 6 0
ResuMatch/internal/repository/postgres/chat.go:146.16,147.36 1 0
ResuMatch/internal/repository/postgres/chat.go:147.36,152.4 1 0
ResuMatch/internal/repository/postgres/chat.go:154.3,157.4 1 0
ResuMatch/internal/repository/postgres/chat.go:159.2,159.19 1 0
ResuMatch/internal/repository/postgres/chat.go:162.112,182.16 5 0
ResuMatch/internal/repository/postgres/chat.go:182.16,192.3 2 0
ResuMatch/internal/repository/postgres/chat.go:194.2,196.15 2 0
ResuMatch/internal/repository/postgres/chat.go:196.15,197.48 1 0
ResuMatch/internal/repository/postgres/chat.go:197.48,204.4 1 0
ResuMatch/internal/repository/postgres/chat.go:207.2,207.18 1 0
ResuMatch/internal/repository/postgres/chat.go:207.18,219.17 3 0
ResuMatch/internal/repository/postgres/chat.go:219.17,231.4 2 0
ResuMatch/internal/repository/postgres/chat.go:232.3,232.31 1 0
ResuMatch/internal/repository/postgres/chat.go:234.2,234.34 1 0
ResuMatch/internal/repository/postgres/chat.go:234.34,239.3 1 0
ResuMatch/internal/repository/postgres/chat.go:241.2,241.19 1 0
ResuMatch/internal/repository/postgres/chat.go:244.127,268.16 6 0
ResuMatch/internal/repository/postgres/chat.go:268.16,269.36 1 0
ResuMatch/internal/repository/postgres/chat.go:269.36,271.4 1 0
ResuMatch/internal/repository/postgres/chat.go:272.3,275.4 1 0
ResuMatch/internal/repository/postgres/chat.go:277.2,277.19 1 0
ResuMatch/internal/repository/postgres/city.go:19.71,21.2 1 0
ResuMatch/internal/repository/postgres/city.go:23.89,34.16 6 1
ResuMatch/internal/repository/postgres/city.go:34.16,36.36 1 1
ResuMatch/internal/repository/postgres/city.go:36.36,41.4 1 1
ResuMatch/internal/repository/postgres/city.go:43.3,52.4 2 1
ResuMatch/internal/repository/postgres/city.go:55.2,55.19 1 1
ResuMatch/internal/repository/postgres/city.go:97.96,108.16 6 1
ResuMatch/internal/repository/postgres/city.go:108.16,110.36 1 1
ResuMatch/internal/repository/postgres/city.go:110.36,115.4 1 1
ResuMatch/internal/repository/postgres/city.go:117.3,126.4 2 1
ResuMatch/internal/repository/postgres/city.go:128.2,128.19 1 1
ResuMatch/internal/repository/postgres/employer.go:39.53,58.2 2 1
ResuMatch/internal/repository/postgres/employer.go:60.79,62.2 1 0
ResuMatch/internal/repository/postgres/employer.go:64.168,93.16 6 1
ResuMatch/internal/repository/postgres/employer.go:93.16,96.29 2 1
ResuMatch/internal/repository/postgres/employer.go:96.29,97.22 1 1
ResuMatch/internal/repository/postgres/employer.go:98.36,102.6 1 1
ResuMatch/internal/repository/postgres/employer.go:103.37,107.6 1 1
ResuMatch/internal/repository/postgres/employer.go:108.38,112.6 1 1
ResuMatch/internal/repository/postgres/employer.go:113.35,117.6 1 1
ResuMatch/internal/repository/postgres/employer.go:118.12,122.6 1 1
ResuMatch/internal/repository/postgres/employer.go:126.3,134.4 2 1
ResuMatch/internal/repository/postgres/employer.go:137.2,137.30 1 1
ResuMatch/internal/repository/postgres/employer.go:140.101,176.16 7 1
ResuMatch/internal/repository/postgres/employer.go:176.16,178.36 1 1
ResuMatch/internal/repository/postgres/employer.go:178.36,183.4 1 1
ResuMatch/internal/repository/postgres/employer.go:185.3,194.4 2 1
ResuMatch/internal/repository/postgres/employer.go:197.2,197.22 1 1
ResuMatch/internal/repository/postgres/employer.go:200.110,236.16 7 1
ResuMatch/internal/repository/postgres/employer.go:236.16,238.36 1 1
ResuMatch/internal/repository/postgres/employer.go:238.36,243.4 1 1
ResuMatch/internal/repository/postgres/employer.go:245.3,254.4 2 1
ResuMatch/internal/repository/postgres/employer.go:257.2,257.22 1 1
ResuMatch/internal/repository/postgres/employer.go:260.115,272.35 7 1
ResuMatch/internal/repository/postgres/employer.go:272.35,276.3 3 1
ResuMatch/internal/repository/postgres/employer.go:278.2,284.16 5 1
ResuMatch/internal/repository/postgres/employer.go:284.16,287.29 2 1
ResuMatch/internal/repository/postgres/employer.go:287.29,288.22 1 1
ResuMatch/internal/repository/postgres/employer.go:289.36,293.6 1 1
ResuMatch/internal/repository/postgres/employer.go:294.37,298.6 1 1
ResuMatch/internal/repository/postgres/employer.go:299.38,303.6 1 1
ResuMatch/internal/repository/postgres/employer.go:304.35,308.6 1 1
ResuMatch/internal/repository/postgres/employer.go:309.12,313.6 1 1
ResuMatch/internal/repository/postgres/employer.go:317.3,326.4 2 1
ResuMatch/internal/repository/postgres/employer.go:329.2,330.16 2 1
ResuMatch/internal/repository/postgres/employer.go:330.16,342.3 2 1
ResuMatch/internal/repository/postgres/employer.go:344.2,344.23 1 1
ResuMatch/internal/repository/postgres/employer.go:344.23,355.3 2 1
ResuMatch/internal/repository/postgres/employer.go:357.2,357.12 1 1
ResuMatch/internal/repository/postgres/message.go:20.68,24.2 1 0
ResuMatch/internal/repository/postgres/message.go:26.147,55.16 6 0
ResuMatch/internal/repository/postgres/message.go:55.16,57.29 2 0
ResuMatch/internal/repository/postgres/message.go:57.29,58.22 1 0
ResuMatch/internal/repository/postgres/message.go:59.37,63.6 1 0
ResuMatch/internal/repository/postgres/message.go:64.35,68.6 1 0
ResuMatch/internal/repository/postgres/message.go:71.3,74.4 1 0
ResuMatch/internal/repository/postgres/message.go:76.2,76.22 1 0
ResuMatch/internal/repository/postgres/message.go:79.108,91.16 5 0
ResuMatch/internal/repository/postgres/message.go:91.16,99.3 2 0
ResuMatch/internal/repository/postgres/message.go:101.2,103.15 2 0
ResuMatch/internal/repository/postgres/message.go:103.15,104.48 1 0
ResuMatch/internal/repository/postgres/message.go:104.48,110.4 1 0
ResuMatch/internal/repository/postgres/message.go:113.2,113.18 1 0
ResuMatch/internal/repository/postgres/message.go:113.18,123.17 3 0
ResuMatch/internal/repository/postgres/message.go:123.17,134.4 2 0
ResuMatch/internal/repository/postgres/message.go:135.3,135.40 1 0
ResuMatch/internal/repository/postgres/message.go:138.2,138.34 1 0
ResuMatch/internal/repository/postgres/message.go:138.34,143.3 1 0
ResuMatch/internal/repository/postgres/message.go:145.2,145.22 1 0
ResuMatch/internal/repository/postgres/notification.go:19.87,21.2 1 0
ResuMatch/internal/repository/postgres/notification.go:23.140,66.16 6 1
ResuMatch/internal/repository/postgres/notification.go:66.16,76.3 2 1
ResuMatch/internal/repository/postgres/notification.go:78.2,78.22 1 1
ResuMatch/internal/repository/postgres/notification.go:81.149,124.16 6 1
ResuMatch/internal/repository/postgres/notification.go:124.16,133.3 2 1
ResuMatch/internal/repository/postgres/notification.go:135.2,135.22 1 1
ResuMatch/internal/repository/postgres/notification.go:138.125,178.16 7 1
ResuMatch/internal/repository/postgres/notification.go:178.16,179.36 1 1
ResuMatch/internal/repository/postgres/notification.go:179.36,187.4 2 1
ResuMatch/internal/repository/postgres/notification.go:188.3,195.4 2 1
ResuMatch/internal/repository/postgres/notification.go:198.2,198.16 1 1
ResuMatch/internal/repository/postgres/notification.go:201.115,235.16 5 1
ResuMatch/internal/repository/postgres/notification.go:235.16,247.3 2 1
ResuMatch/internal/repository/postgres/notification.go:249.2,255.12 2 1
ResuMatch/internal/repository/postgres/notification.go:258.98,273.16 5 1
ResuMatch/internal/repository/postgres/notification.go:273.16,282.3 2 1
ResuMatch/internal/repository/postgres/notification.go:284.2,285.16 2 1
ResuMatch/internal/repository/postgres/notification.go:285.16,294.3 2 1
ResuMatch/internal/repository/postgres/notification.go:296.2,296.23 1 1
ResuMatch/internal/repository/postgres/notification.go:296.23,304.3 2 1
ResuMatch/internal/repository/postgres/notification.go:306.2,306.12 1 1
ResuMatch/internal/repository/postgres/notification.go:309.107,319.14 4 1
ResuMatch/internal/repository/postgres/notification.go:320.19,325.4 1 1
ResuMatch/internal/repository/postgres/notification.go:326.18,331.4 1 1
ResuMatch/internal/repository/postgres/notification.go:332.10,340.4 2 1
ResuMatch/internal/repository/postgres/notification.go:343.2,344.16 2 1
ResuMatch/internal/repository/postgres/notification.go:344.16,353.3 2 1
ResuMatch/internal/repository/postgres/notification.go:355.2,355.12 1 1
ResuMatch/internal/repository/postgres/notification.go:358.109,368.14 4 1
ResuMatch/internal/repository/postgres/notification.go:369.19,373.4 1 1
ResuMatch/internal/repository/postgres/notification.go:374.18,378.4 1 1
ResuMatch/internal/repository/postgres/notification.go:379.10,387.4 2 1
ResuMatch/internal/repository/postgres/notification.go:390.2,391.16 2 1
ResuMatch/internal/repository/postgres/notification.go:391.16,400.3 2 1
ResuMatch/internal/repository/postgres/notification.go:402.2,402.12 1 1
ResuMatch/internal/repository/postgres/notification.go:405.135,435.16 5 1
ResuMatch/internal/repository/postgres/notification.go:435.16,445.3 2 1
ResuMatch/internal/repository/postgres/notification.go:447.2,447.29 1 1
ResuMatch/internal/repository/postgres/notification.go:447.29,449.17 2 1
ResuMatch/internal/repository/postgres/notification.go:449.17,453.4 1 0
ResuMatch/internal/repository/postgres/notification.go:456.2,458.18 2 1
ResuMatch/internal/repository/postgres/notification.go:458.18,473.17 3 1
ResuMatch/internal/repository/postgres/notification.go:473.17,482.4 2 1
ResuMatch/internal/repository/postgres/notification.go:483.3,483.50 1 1
ResuMatch/internal/repository/postgres/notification.go:486.2,486.35 1 1
ResuMatch/internal/repository/postgres/notification.go:486.35,495.3 2 0
ResuMatch/internal/repository/postgres/notification.go:497.2,497.27 1 1
ResuMatch/internal/repository/postgres/notification.go:500.144,530.16 5 1
ResuMatch/internal/repository/postgres/notification.go:530.16,539.3 2 1
ResuMatch/internal/repository/postgres/notification.go:541.2,541.29 1 1
ResuMatch/internal/repository/postgres/notification.go:541.29,543.17 2 1
ResuMatch/internal/repository/postgres/notification.go:543.17,547.4 1 0
ResuMatch/internal/repository/postgres/notification.go:550.2,552.18 2 1
ResuMatch/internal/repository/postgres/notification.go:552.18,567.17 3 1
ResuMatch/internal/repository/postgres/notification.go:567.17,576.4 2 1
ResuMatch/internal/repository/postgres/notification.go:577.3,577.50 1 1
ResuMatch/internal/repository/postgres/notification.go:580.2,580.35 1 1
ResuMatch/internal/repository/postgres/notification.go:580.35,589.3 2 0
ResuMatch/internal/repository/postgres/notification.go:591.2,591.27 1 1
ResuMatch/internal/repository/postgres/resume.go:23.75,25.2 1 0
ResuMatch/internal/repository/postgres/resume.go:27.103,67.16 6 1
ResuMatch/internal/repository/postgres/resume.go:67.16,70.29 2 1
ResuMatch/internal/repository/postgres/resume.go:70.29,71.22 1 1
ResuMatch/internal/repository/postgres/resume.go:72.36,76.6 1 1
ResuMatch/internal/repository/postgres/resume.go:77.37,81.6 1 1
ResuMatch/internal/repository/postgres/resume.go:82.38,86.6 1 1
ResuMatch/internal/repository/postgres/resume.go:87.35,91.6 1 1
ResuMatch/internal/repository/postgres/resume.go:95.3,103.4 2 1
ResuMatch/internal/repository/postgres/resume.go:106.2,106.28 1 1
ResuMatch/internal/repository/postgres/resume.go:109.95,117.16 4 1
ResuMatch/internal/repository/postgres/resume.go:117.16,128.3 2 1
ResuMatch/internal/repository/postgres/resume.go:129.2,129.15 1 1
ResuMatch/internal/repository/postgres/resume.go:129.15,130.17 1 1
ResuMatch/internal/repository/postgres/resume.go:130.17,132.56 1 1
ResuMatch/internal/repository/postgres/resume.go:132.56,137.5 1 1
ResuMatch/internal/repository/postgres/resume.go:141.2,145.16 2 1
ResuMatch/internal/repository/postgres/resume.go:145.16,156.3 2 1
ResuMatch/internal/repository/postgres/resume.go:157.2,157.29 1 1
ResuMatch/internal/repository/postgres/resume.go:157.29,159.17 2 1
ResuMatch/internal/repository/postgres/resume.go:159.17,164.4 1 0
ResuMatch/internal/repository/postgres/resume.go:167.2,167.35 1 1
ResuMatch/internal/repository/postgres/resume.go:167.35,169.17 2 1
ResuMatch/internal/repository/postgres/resume.go:169.17,172.30 2 1
ResuMatch/internal/repository/postgres/resume.go:172.30,173.23 1 1
ResuMatch/internal/repository/postgres/resume.go:174.37,175.14 1 1
ResuMatch/internal/repository/postgres/resume.go:176.38,180.7 1 1
ResuMatch/internal/repository/postgres/resume.go:181.39,185.7 1 1
ResuMatch/internal/repository/postgres/resume.go:186.36,190.7 1 1
ResuMatch/internal/repository/postgres/resume.go:194.4,204.5 2 1
ResuMatch/internal/repository/postgres/resume.go:208.2,208.35 1 1
ResuMatch/internal/repository/postgres/resume.go:208.35,219.3 2 1
ResuMatch/internal/repository/postgres/resume.go:221.2,221.12 1 1
ResuMatch/internal/repository/postgres/resume.go:224.138,241.66 5 1
ResuMatch/internal/repository/postgres/resume.go:241.66,246.3 1 1
ResuMatch/internal/repository/postgres/resume.go:248.2,273.19 3 1
ResuMatch/internal/repository/postgres/resume.go:273.19,275.3 1 1
ResuMatch/internal/repository/postgres/resume.go:277.2,277.16 1 1
ResuMatch/internal/repository/postgres/resume.go:277.16,280.29 2 1
ResuMatch/internal/repository/postgres/resume.go:280.29,281.22 1 1
ResuMatch/internal/repository/postgres/resume.go:282.36,286.6 1 1
ResuMatch/internal/repository/postgres/resume.go:287.37,291.6 1 1
ResuMatch/internal/repository/postgres/resume.go:292.38,296.6 1 1
ResuMatch/internal/repository/postgres/resume.go:297.35,301.6 1 1
ResuMatch/internal/repository/postgres/resume.go:305.3,313.4 2 1
ResuMatch/internal/repository/postgres/resume.go:316.2,316.36 1 1
ResuMatch/internal/repository/postgres/resume.go:319.89,347.16 6 1
ResuMatch/internal/repository/postgres/resume.go:347.16,349.36 1 1
ResuMatch/internal/repository/postgres/resume.go:349.36,354.4 1 1
ResuMatch/internal/repository/postgres/resume.go:356.3,365.4 2 1
ResuMatch/internal/repository/postgres/resume.go:368.2,368.21 1 1
ResuMatch/internal/repository/postgres/resume.go:371.107,386.16 5 1
ResuMatch/internal/repository/postgres/resume.go:386.16,398.3 2 1
ResuMatch/internal/repository/postgres/resume.go:400.2,400.29 1 1
ResuMatch/internal/repository/postgres/resume.go:400.29,402.17 2 1
ResuMatch/internal/repository/postgres/resume.go:402.17,407.4 1 0
ResuMatch/internal/repository/postgres/resume.go:410.2,411.18 2 1
ResuMatch/internal/repository/postgres/resume.go:411.18,413.59 2 1
ResuMatch/internal/repository/postgres/resume.go:413.59,425.4 2 1
ResuMatch/internal/repository/postgres/resume.go:426.3,426.33 1 1
ResuMatch/internal/repository/postgres/resume.go:429.2,429.35 1 1
ResuMatch/internal/repository/postgres/resume.go:429.35,441.3 2 1
ResuMatch/internal/repository/postgres/resume.go:443.2,443.20 1 1
ResuMatch/internal/repository/postgres/resume.go:446.124,462.16 5 1
ResuMatch/internal/repository/postgres/resume.go:462.16,473.3 2 1
ResuMatch/internal/repository/postgres/resume.go:475.2,475.29 1 1
ResuMatch/internal/repository/postgres/resume.go:475.29,477.17 2 1
ResuMatch/internal/repository/postgres/resume.go:477.17,482.4 1 0
ResuMatch/internal/repository/postgres/resume.go:485.2,486.18 2 1
ResuMatch/internal/repository/postgres/resume.go:486.18,501.17 3 1
ResuMatch/internal/repository/postgres/resume.go:501.17,513.4 2 1
ResuMatch/internal/repository/postgres/resume.go:515.3,515.20 1 1
ResuMatch/internal/repository/postgres/resume.go:515.20,517.4 1 1
ResuMatch/internal/repository/postgres/resume.go:519.3,519.48 1 1
ResuMatch/internal/repository/postgres/resume.go:522.2,522.35 1 1
ResuMatch/internal/repository/postgres/resume.go:522.35,534.3 2 1
ResuMatch/internal/repository/postgres/resume.go:536.2,536.25 1 1
ResuMatch/internal/repository/postgres/resume.go:539.113,547.16 4 1
ResuMatch/internal/repository/postgres/resume.go:547.16,558.3 2 1
ResuMatch/internal/repository/postgres/resume.go:559.2,559.15 1 1
ResuMatch/internal/repository/postgres/resume.go:559.15,560.17 1 1
ResuMatch/internal/repository/postgres/resume.go:560.17,562.56 1 1
ResuMatch/internal/repository/postgres/resume.go:562.56,567.5 1 1
ResuMatch/internal/repository/postgres/resume.go:571.2,575.16 2 1
ResuMatch/internal/repository/postgres/resume.go:575.16,586.3 2 1
ResuMatch/internal/repository/postgres/resume.go:588.2,588.29 1 1
ResuMatch/internal/repository/postgres/resume.go:588.29,590.17 2 1
ResuMatch/internal/repository/postgres/resume.go:590.17,595.4 1 0
ResuMatch/internal/repository/postgres/resume.go:598.2,598.53 1 1
ResuMatch/internal/repository/postgres/resume.go:598.53,600.17 2 1
ResuMatch/internal/repository/postgres/resume.go:600.17,603.30 2 1
ResuMatch/internal/repository/postgres/resume.go:603.30,604.23 1 1
ResuMatch/internal/repository/postgres/resume.go:605.37,606.14 1 1
ResuMatch/internal/repository/postgres/resume.go:607.38,611.7 1 1
ResuMatch/internal/repository/postgres/resume.go:612.39,616.7 1 1
ResuMatch/internal/repository/postgres/resume.go:617.36,621.7 1 1
ResuMatch/internal/repository/postgres/resume.go:625.4,635.5 2 1
ResuMatch/internal/repository/postgres/resume.go:639.2,639.35 1 1
ResuMatch/internal/repository/postgres/resume.go:639.35,650.3 2 1
ResuMatch/internal/repository/postgres/resume.go:652.2,652.12 1 1
ResuMatch/internal/repository/postgres/resume.go:655.125,670.16 5 1
ResuMatch/internal/repository/postgres/resume.go:670.16,682.3 2 1
ResuMatch/internal/repository/postgres/resume.go:684.2,684.29 1 1
ResuMatch/internal/repository/postgres/resume.go:684.29,686.17 2 1
ResuMatch/internal/repository/postgres/resume.go:686.17,691.4 1 0
ResuMatch/internal/repository/postgres/resume.go:694.2,695.18 2 1
ResuMatch/internal/repository/postgres/resume.go:695.18,697.77 2 1
ResuMatch/internal/repository/postgres/resume.go:697.77,709.4 2 1
ResuMatch/internal/repository/postgres/resume.go:710.3,710.60 1 1
ResuMatch/internal/repository/postgres/resume.go:713.2,713.35 1 1
ResuMatch/internal/repository/postgres/resume.go:713.35,725.3 2 1
ResuMatch/internal/repository/postgres/resume.go:727.2,727.29 1 1
ResuMatch/internal/repository/postgres/resume.go:730.103,777.16 6 1
ResuMatch/internal/repository/postgres/resume.go:777.16,779.36 1 1
ResuMatch/internal/repository/postgres/resume.go:779.36,791.4 2 1
ResuMatch/internal/repository/postgres/resume.go:793.3,794.29 2 1
ResuMatch/internal/repository/postgres/resume.go:794.29,795.22 1 1
ResuMatch/internal/repository/postgres/resume.go:796.36,800.6 1 1
ResuMatch/internal/repository/postgres/resume.go:801.37,805.6 1 1
ResuMatch/internal/repository/postgres/resume.go:806.38,810.6 1 1
ResuMatch/internal/repository/postgres/resume.go:811.35,815.6 1 1
ResuMatch/internal/repository/postgres/resume.go:819.3,829.4 2 1
ResuMatch/internal/repository/postgres/resume.go:832.2,832.28 1 1
ResuMatch/internal/repository/postgres/resume.go:835.70,848.16 5 1
ResuMatch/internal/repository/postgres/resume.go:848.16,860.3 2 1
ResuMatch/internal/repository/postgres/resume.go:862.2,863.16 2 1
ResuMatch/internal/repository/postgres/resume.go:863.16,875.3 2 1
ResuMatch/internal/repository/postgres/resume.go:877.2,877.23 1 1
ResuMatch/internal/repository/postgres/resume.go:877.23,887.3 2 1
ResuMatch/internal/repository/postgres/resume.go:889.2,889.12 1 1
ResuMatch/internal/repository/postgres/resume.go:893.82,906.16 5 1
ResuMatch/internal/repository/postgres/resume.go:906.16,917.3 2 1
ResuMatch/internal/repository/postgres/resume.go:919.2,919.12 1 1
ResuMatch/internal/repository/postgres/resume.go:923.91,936.16 5 1
ResuMatch/internal/repository/postgres/resume.go:936.16,947.3 2 1
ResuMatch/internal/repository/postgres/resume.go:949.2,949.12 1 1
ResuMatch/internal/repository/postgres/resume.go:953.91,966.16 5 1
ResuMatch/internal/repository/postgres/resume.go:966.16,978.3 2 1
ResuMatch/internal/repository/postgres/resume.go:980.2,980.12 1 1
ResuMatch/internal/repository/postgres/resume.go:984.141,1008.66 5 1
ResuMatch/internal/repository/postgres/resume.go:1008.66,1013.3 1 1
ResuMatch/internal/repository/postgres/resume.go:1015.2,1041.19 3 1
ResuMatch/internal/repository/postgres/resume.go:1041.19,1043.3 1 1
ResuMatch/internal/repository/postgres/resume.go:1045.2,1045.16 1 1
ResuMatch/internal/repository/postgres/resume.go:1045.16,1047.36 1 1
ResuMatch/internal/repository/postgres/resume.go:1047.36,1059.4 2 1
ResuMatch/internal/repository/postgres/resume.go:1061.3,1062.29 2 1
ResuMatch/internal/repository/postgres/resume.go:1062.29,1063.22 1 1
ResuMatch/internal/repository/postgres/resume.go:1064.36,1068.6 1 1
ResuMatch/internal/repository/postgres/resume.go:1069.37,1073.6 1 1
ResuMatch/internal/repository/postgres/resume.go:1074.38,1078.6 1 1
ResuMatch/internal/repository/postgres/resume.go:1079.35,1083.6 1 1
ResuMatch/internal/repository/postgres/resume.go:1087.3,1097.4 2 1
ResuMatch/internal/repository/postgres/resume.go:1100.2,1100.36 1 1
ResuMatch/internal/repository/postgres/resume.go:1104.84,1117.16 5 1
ResuMatch/internal/repository/postgres/resume.go:1117.16,1129.3 2 1
ResuMatch/internal/repository/postgres/resume.go:1131.2,1132.16 2 1
ResuMatch/internal/repository/postgres/resume.go:1132.16,1143.3 2 1
ResuMatch/internal/repository/postgres/resume.go:1145.2,1145.23 1 1
ResuMatch/internal/repository/postgres/resume.go:1145.23,1155.3 2 1
ResuMatch/internal/repository/postgres/resume.go:1157.2,1157.12 1 1
ResuMatch/internal/repository/postgres/resume.go:1161.104,1177.16 5 1
ResuMatch/internal/repository/postgres/resume.go:1177.16,1188.3 2 1
ResuMatch/internal/repository/postgres/resume.go:1190.2,1190.29 1 1
ResuMatch/internal/repository/postgres/resume.go:1190.29,1192.17 2 1
ResuMatch/internal/repository/postgres/resume.go:1192.17,1197.4 1 0
ResuMatch/internal/repository/postgres/resume.go:1200.2,1201.18 2 1
ResuMatch/internal/repository/postgres/resume.go:1201.18,1215.17 3 1
ResuMatch/internal/repository/postgres/resume.go:1215.17,1226.4 2 1
ResuMatch/internal/repository/postgres/resume.go:1227.3,1227.36 1 1
ResuMatch/internal/repository/postgres/resume.go:1230.2,1230.35 1 1
ResuMatch/internal/repository/postgres/resume.go:1230.35,1241.3 2 1
ResuMatch/internal/repository/postgres/resume.go:1243.2,1243.21 1 1
ResuMatch/internal/repository/postgres/resume.go:1247.141,1265.16 5 1
ResuMatch/internal/repository/postgres/resume.go:1265.16,1276.3 2 1
ResuMatch/internal/repository/postgres/resume.go:1278.2,1278.29 1 1
ResuMatch/internal/repository/postgres/resume.go:1278.29,1280.17 2 1
ResuMatch/internal/repository/postgres/resume.go:1280.17,1285.4 1 0
ResuMatch/internal/repository/postgres/resume.go:1288.2,1289.18 2 1
ResuMatch/internal/repository/postgres/resume.go:1289.18,1303.17 3 1
ResuMatch/internal/repository/postgres/resume.go:1303.17,1314.4 2 0
ResuMatch/internal/repository/postgres/resume.go:1315.3,1315.36 1 1
ResuMatch/internal/repository/postgres/resume.go:1318.2,1318.35 1 1
ResuMatch/internal/repository/postgres/resume.go:1318.35,1329.3 2 1
ResuMatch/internal/repository/postgres/resume.go:1331.2,1331.21 1 1
ResuMatch/internal/repository/postgres/resume.go:1406.105,1413.26 3 1
ResuMatch/internal/repository/postgres/resume.go:1413.26,1415.3 1 1
ResuMatch/internal/repository/postgres/resume.go:1417.2,1420.34 2 1
ResuMatch/internal/repository/postgres/resume.go:1420.34,1422.17 2 1
ResuMatch/internal/repository/postgres/resume.go:1422.17,1424.4 1 1
ResuMatch/internal/repository/postgres/resume.go:1425.3,1425.34 1 1
ResuMatch/internal/repository/postgres/resume.go:1428.2,1428.22 1 1
ResuMatch/internal/repository/postgres/resume.go:1471.116,1479.2 3 1
ResuMatch/internal/repository/postgres/resume.go:1554.123,1561.35 3 1
ResuMatch/internal/repository/postgres/resume.go:1561.35,1563.3 1 1
ResuMatch/internal/repository/postgres/resume.go:1565.2,1568.43 2 1
ResuMatch/internal/repository/postgres/resume.go:1568.43,1570.17 2 1
ResuMatch/internal/repository/postgres/resume.go:1570.17,1572.4 1 1
ResuMatch/internal/repository/postgres/resume.go:1573.3,1573.52 1 1
ResuMatch/internal/repository/postgres/resume.go:1576.2,1576.31 1 1
ResuMatch/internal/repository/postgres/resume.go:1580.103,1596.16 6 1
ResuMatch/internal/repository/postgres/resume.go:1596.16,1599.3 1 1
ResuMatch/internal/repository/postgres/resume.go:1601.2,1601.36 1 1
ResuMatch/internal/repository/postgres/resume.go:1601.36,1613.3 2 1
ResuMatch/internal/repository/postgres/resume.go:1616.2,1622.16 3 1
ResuMatch/internal/repository/postgres/resume.go:1622.16,1624.29 2 1
ResuMatch/internal/repository/postgres/resume.go:1624.29,1625.22 1 1
ResuMatch/internal/repository/postgres/resume.go:1626.36,1635.19 3 1
ResuMatch/internal/repository/postgres/resume.go:1635.19,1646.6 2 1
ResuMatch/internal/repository/postgres/resume.go:1647.5,1647.19 1 1
ResuMatch/internal/repository/postgres/resume.go:1648.12,1658.6 2 0
ResuMatch/internal/repository/postgres/resume.go:1662.3,1671.4 2 1
ResuMatch/internal/repository/postgres/resume.go:1674.2,1680.16 2 1
ResuMatch/internal/repository/postgres/resume.go:1684.121,1700.16 6 1
ResuMatch/internal/repository/postgres/resume.go:1700.16,1703.3 1 1
ResuMatch/internal/repository/postgres/resume.go:1705.2,1705.36 1 1
ResuMatch/internal/repository/postgres/resume.go:1705.36,1718.3 2 1
ResuMatch/internal/repository/postgres/resume.go:1721.2,1727.16 3 1
ResuMatch/internal/repository/postgres/resume.go:1727.16,1730.29 2 1
ResuMatch/internal/repository/postgres/resume.go:1730.29,1731.22 1 1
ResuMatch/internal/repository/postgres/resume.go:1732.36,1741.19 3 1
ResuMatch/internal/repository/postgres/resume.go:1741.19,1752.6 2 1
ResuMatch/internal/repository/postgres/resume.go:1753.5,1753.19 1 1
ResuMatch/internal/repository/postgres/resume.go:1754.12,1764.6 2 0
ResuMatch/internal/repository/postgres/resume.go:1768.3,1777.4 2 1
ResuMatch/internal/repository/postgres/resume.go:1780.2,1786.16 2 1
ResuMatch/internal/repository/postgres/resume.go:1790.142,1808.16 5 1
ResuMatch/internal/repository/postgres/resume.go:1808.16,1819.3 2 1
ResuMatch/internal/repository/postgres/resume.go:1821.2,1821.15 1 1
ResuMatch/internal/repository/postgres/resume.go:1821.15,1822.38 1 1
ResuMatch/internal/repository/postgres/resume.go:1822.38,1827.4 1 0
ResuMatch/internal/repository/postgres/resume.go:1830.2,1831.18 2 1
ResuMatch/internal/repository/postgres/resume.go:1831.18,1845.17 3 1
ResuMatch/internal/repository/postgres/resume.go:1845.17,1856.4 2 0
ResuMatch/internal/repository/postgres/resume.go:1857.3,1857.36 1 1
ResuMatch/internal/repository/postgres/resume.go:1860.2,1860.35 1 1
ResuMatch/internal/repository/postgres/resume.go:1860.35,1871.3 2 1
ResuMatch/internal/repository/postgres/resume.go:1873.2,1873.21 1 1
ResuMatch/internal/repository/postgres/resume.go:1877.171,1896.16 5 1
ResuMatch/internal/repository/postgres/resume.go:1896.16,1906.3 2 1
ResuMatch/internal/repository/postgres/resume.go:1908.2,1908.15 1 1
ResuMatch/internal/repository/postgres/resume.go:1908.15,1909.38 1 1
ResuMatch/internal/repository/postgres/resume.go:1909.38,1914.4 1 0
ResuMatch/internal/repository/postgres/resume.go:1917.2,1918.18 2 1
ResuMatch/internal/repository/postgres/resume.go:1918.18,1932.17 3 1
ResuMatch/internal/repository/postgres/resume.go:1932.17,1943.4 2 0
ResuMatch/internal/repository/postgres/resume.go:1944.3,1944.36 1 1
ResuMatch/internal/repository/postgres/resume.go:1947.2,1947.35 1 1
ResuMatch/internal/repository/postgres/resume.go:1947.35,1957.3 2 1
ResuMatch/internal/repository/postgres/resume.go:1959.2,1959.21 1 1
ResuMatch/internal/repository/postgres/skill.go:20.73,22.2 1 0
ResuMatch/internal/repository/postgres/skill.go:24.92,27.19 2 1
ResuMatch/internal/repository/postgres/skill.go:27.19,29.3 1 1
ResuMatch/internal/repository/postgres/skill.go:31.2,33.25 3 1
ResuMatch/internal/repository/postgres/skill.go:33.25,36.3 2 1
ResuMatch/internal/repository/postgres/skill.go:38.2,45.16 3 1
ResuMatch/internal/repository/postgres/skill.go:45.16,57.3 2 1
ResuMatch/internal/repository/postgres/skill.go:59.2,59.29 1 1
ResuMatch/internal/repository/postgres/skill.go:59.29,61.17 2 1
ResuMatch/internal/repository/postgres/skill.go:61.17,66.4 1 0
ResuMatch/internal/repository/postgres/skill.go:69.2,70.18 2 1
ResuMatch/internal/repository/postgres/skill.go:70.18,72.59 2 1
ResuMatch/internal/repository/postgres/skill.go:72.59,83.4 2 0
ResuMatch/internal/repository/postgres/skill.go:84.3,84.33 1 1
ResuMatch/internal/repository/postgres/skill.go:87.2,87.35 1 1
ResuMatch/internal/repository/postgres/skill.go:87.35,98.3 2 1
ResuMatch/internal/repository/postgres/skill.go:100.2,100.20 1 1
ResuMatch/internal/repository/postgres/specialization.go:20.91,22.2 1 0
ResuMatch/internal/repository/postgres/specialization.go:24.105,39.35 5 1
ResuMatch/internal/repository/postgres/specialization.go:39.35,45.3 1 1
ResuMatch/internal/repository/postgres/specialization.go:45.8,45.23 1 1
ResuMatch/internal/repository/postgres/specialization.go:45.23,57.3 2 1
ResuMatch/internal/repository/postgres/specialization.go:59.2,59.29 1 1
ResuMatch/internal/repository/postgres/specialization.go:62.97,72.16 4 1
ResuMatch/internal/repository/postgres/specialization.go:72.16,83.3 2 1
ResuMatch/internal/repository/postgres/specialization.go:85.2,85.29 1 1
ResuMatch/internal/repository/postgres/specialization.go:85.29,87.17 2 1
ResuMatch/internal/repository/postgres/specialization.go:87.17,92.4 1 0
ResuMatch/internal/repository/postgres/specialization.go:95.2,96.18 2 1
ResuMatch/internal/repository/postgres/specialization.go:96.18,98.77 2 1
ResuMatch/internal/repository/postgres/specialization.go:98.77,109.4 2 0
ResuMatch/internal/repository/postgres/specialization.go:110.3,110.60 1 1
ResuMatch/internal/repository/postgres/specialization.go:113.2,113.35 1 1
ResuMatch/internal/repository/postgres/specialization.go:113.35,124.3 2 1
ResuMatch/internal/repository/postgres/specialization.go:126.2,126.29 1 1
ResuMatch/internal/repository/postgres/specialization.go:129.127,152.16 4 1
ResuMatch/internal/repository/postgres/specialization.go:152.16,163.3 2 1
ResuMatch/internal/repository/postgres/specialization.go:165.2,165.29 1 1
ResuMatch/internal/repository/postgres/specialization.go:165.29,167.17 2 1
ResuMatch/internal/repository/postgres/specialization.go:167.17,172.4 1 0
ResuMatch/internal/repository/postgres/specialization.go:175.2,176.18 2 1
ResuMatch/internal/repository/postgres/specialization.go:176.18,184.17 2 1
ResuMatch/internal/repository/postgres/specialization.go:184.17,195.4 2 0
ResuMatch/internal/repository/postgres/specialization.go:196.3,196.60 1 1
ResuMatch/internal/repository/postgres/specialization.go:199.2,199.35 1 1
ResuMatch/internal/repository/postgres/specialization.go:199.35,210.3 2 1
ResuMatch/internal/repository/postgres/specialization.go:212.2,212.29 1 1
ResuMatch/internal/repository/postgres/static.go:28.114,34.16 2 0
ResuMatch/internal/repository/postgres/static.go:34.16,40.3 1 0
ResuMatch/internal/repository/postgres/static.go:42.2,43.16 2 0
ResuMatch/internal/repository/postgres/static.go:43.16,49.3 1 0
ResuMatch/internal/repository/postgres/static.go:51.2,51.13 1 0
ResuMatch/internal/repository/postgres/static.go:51.13,52.96 1 0
ResuMatch/internal/repository/postgres/static.go:52.96,58.4 1 0
ResuMatch/internal/repository/postgres/static.go:60.2,66.8 1 0
ResuMatch/internal/repository/postgres/static.go:69.133,80.16 4 0
ResuMatch/internal/repository/postgres/static.go:80.16,86.3 1 0
ResuMatch/internal/repository/postgres/static.go:88.2,102.16 4 0
ResuMatch/internal/repository/postgres/static.go:102.16,108.3 1 0
ResuMatch/internal/repository/postgres/static.go:110.2,110.73 1 0
ResuMatch/internal/repository/postgres/static.go:113.83,126.16 6 1
ResuMatch/internal/repository/postgres/static.go:126.16,128.36 1 1
ResuMatch/internal/repository/postgres/static.go:128.36,133.4 1 1
ResuMatch/internal/repository/postgres/static.go:135.3,138.4 1 1
ResuMatch/internal/repository/postgres/static.go:141.2,141.48 1 1
ResuMatch/internal/repository/postgres/static.go:144.76,159.16 5 0
ResuMatch/internal/repository/postgres/static.go:159.16,161.36 1 0
ResuMatch/internal/repository/postgres/static.go:161.36,163.4 1 0
ResuMatch/internal/repository/postgres/static.go:164.3,164.50 1 0
ResuMatch/internal/repository/postgres/static.go:167.2,167.94 1 0
ResuMatch/internal/repository/postgres/static.go:167.94,173.3 1 0
ResuMatch/internal/repository/postgres/static.go:175.2,175.12 1 0
ResuMatch/internal/repository/postgres/static.go:178.73,180.2 1 1
ResuMatch/internal/repository/postgres/vacancy.go:24.77,26.2 1 0
ResuMatch/internal/repository/postgres/vacancy.go:28.107,31.58 2 1
ResuMatch/internal/repository/postgres/vacancy.go:31.58,33.3 1 1
ResuMatch/internal/repository/postgres/vacancy.go:34.2,106.16 5 1
ResuMatch/internal/repository/postgres/vacancy.go:106.16,109.29 2 1
ResuMatch/internal/repository/postgres/vacancy.go:109.29,110.22 1 1
ResuMatch/internal/repository/postgres/vacancy.go:111.37,115.6 1 1
ResuMatch/internal/repository/postgres/vacancy.go:116.36,120.6 1 1
ResuMatch/internal/repository/postgres/vacancy.go:121.38,125.6 1 1
ResuMatch/internal/repository/postgres/vacancy.go:126.35,130.6 1 1
ResuMatch/internal/repository/postgres/vacancy.go:134.3,142.4 2 1
ResuMatch/internal/repository/postgres/vacancy.go:145.2,145.29 1 1
ResuMatch/internal/repository/postgres/vacancy.go:148.97,156.16 4 1
ResuMatch/internal/repository/postgres/vacancy.go:156.16,167.3 2 1
ResuMatch/internal/repository/postgres/vacancy.go:168.2,168.15 1 1
ResuMatch/internal/repository/postgres/vacancy.go:168.15,169.17 1 1
ResuMatch/internal/repository/postgres/vacancy.go:169.17,171.56 1 1
ResuMatch/internal/repository/postgres/vacancy.go:171.56,176.5 1 0
ResuMatch/internal/repository/postgres/vacancy.go:180.2,184.16 2 1
ResuMatch/internal/repository/postgres/vacancy.go:184.16,195.3 2 1
ResuMatch/internal/repository/postgres/vacancy.go:197.2,197.29 1 1
ResuMatch/internal/repository/postgres/vacancy.go:197.29,199.17 2 1
ResuMatch/internal/repository/postgres/vacancy.go:199.17,204.4 1 0
ResuMatch/internal/repository/postgres/vacancy.go:207.2,207.35 1 1
ResuMatch/internal/repository/postgres/vacancy.go:207.35,209.17 2 1
ResuMatch/internal/repository/postgres/vacancy.go:209.17,212.30 2 1
ResuMatch/internal/repository/postgres/vacancy.go:212.30,213.23 1 1
ResuMatch/internal/repository/postgres/vacancy.go:214.37,215.14 1 1
ResuMatch/internal/repository/postgres/vacancy.go:216.38,220.7 1 1
ResuMatch/internal/repository/postgres/vacancy.go:221.39,225.7 1 1
ResuMatch/internal/repository/postgres/vacancy.go:226.36,230.7 1 1
ResuMatch/internal/repository/postgres/vacancy.go:234.4,244.5 2 1
ResuMatch/internal/repository/postgres/vacancy.go:248.2,248.35 1 1
ResuMatch/internal/repository/postgres/vacancy.go:248.35,259.3 2 0
ResuMatch/internal/repository/postgres/vacancy.go:261.2,261.12 1 1
ResuMatch/internal/repository/postgres/vacancy.go:264.94,272.16 4 1
ResuMatch/internal/repository/postgres/vacancy.go:272.16,283.3 2 1
ResuMatch/internal/repository/postgres/vacancy.go:284.2,284.15 1 1
ResuMatch/internal/repository/postgres/vacancy.go:284.15,285.17 1 1
ResuMatch/internal/repository/postgres/vacancy.go:285.17,287.56 1 1
ResuMatch/internal/repository/postgres/vacancy.go:287.56,292.5 1 0
ResuMatch/internal/repository/postgres/vacancy.go:296.2,300.16 2 1
ResuMatch/internal/repository/postgres/vacancy.go:300.16,311.3 2 1
ResuMatch/internal/repository/postgres/vacancy.go:313.2,313.29 1 1
ResuMatch/internal/repository/postgres/vacancy.go:313.29,315.17 2 1
ResuMatch/internal/repository/postgres/vacancy.go:315.17,320.4 1 0
ResuMatch/internal/repository/postgres/vacancy.go:323.2,323.33 1 1
ResuMatch/internal/repository/postgres/vacancy.go:323.33,325.17 2 1
ResuMatch/internal/repository/postgres/vacancy.go:325.17,328.30 2 1
ResuMatch/internal/repository/postgres/vacancy.go:328.30,329.23 1 1
ResuMatch/internal/repository/postgres/vacancy.go:330.37,331.14 1 1
ResuMatch/internal/repository/postgres/vacancy.go:332.38,336.7 1 1
ResuMatch/internal/repository/postgres/vacancy.go:337.39,341.7 1 1
ResuMatch/internal/repository/postgres/vacancy.go:342.36,346.7 1 1
ResuMatch/internal/repository/postgres/vacancy.go:350.4,360.5 2 1
ResuMatch/internal/repository/postgres/vacancy.go:364.2,364.35 1 1
ResuMatch/internal/repository/postgres/vacancy.go:364.35,375.3 2 0
ResuMatch/internal/repository/postgres/vacancy.go:377.2,377.12 1 1
ResuMatch/internal/repository/postgres/vacancy.go:380.104,396.16 6 1
ResuMatch/internal/repository/postgres/vacancy.go:396.16,399.3 1 1
ResuMatch/internal/repository/postgres/vacancy.go:401.2,401.36 1 1
ResuMatch/internal/repository/postgres/vacancy.go:401.36,414.3 2 1
ResuMatch/internal/repository/postgres/vacancy.go:416.2,422.16 3 1
ResuMatch/internal/repository/postgres/vacancy.go:422.16,425.29 2 1
ResuMatch/internal/repository/postgres/vacancy.go:425.29,426.22 1 1
ResuMatch/internal/repository/postgres/vacancy.go:427.36,436.19 3 1
ResuMatch/internal/repository/postgres/vacancy.go:436.19,447.6 2 1
ResuMatch/internal/repository/postgres/vacancy.go:448.5,448.19 1 1
ResuMatch/internal/repository/postgres/vacancy.go:449.12,459.6 2 1
ResuMatch/internal/repository/postgres/vacancy.go:463.3,472.4 2 1
ResuMatch/internal/repository/postgres/vacancy.go:475.2,481.16 2 1
ResuMatch/internal/repository/postgres/vacancy.go:484.91,535.16 5 1
ResuMatch/internal/repository/postgres/vacancy.go:535.16,537.36 1 1
ResuMatch/internal/repository/postgres/vacancy.go:537.36,547.4 2 1
ResuMatch/internal/repository/postgres/vacancy.go:549.3,558.4 2 1
ResuMatch/internal/repository/postgres/vacancy.go:561.2,561.22 1 1
ResuMatch/internal/repository/postgres/vacancy.go:564.107,636.16 6 1
ResuMatch/internal/repository/postgres/vacancy.go:636.16,639.29 2 1
ResuMatch/internal/repository/postgres/vacancy.go:639.29,640.22 1 0
ResuMatch/internal/repository/postgres/vacancy.go:641.17,645.6 1 0
ResuMatch/internal/repository/postgres/vacancy.go:646.17,650.6 1 0
ResuMatch/internal/repository/postgres/vacancy.go:651.17,655.6 1 0
ResuMatch/internal/repository/postgres/vacancy.go:656.17,660.6 1 0
ResuMatch/internal/repository/postgres/vacancy.go:661.17,665.6 1 0
ResuMatch/internal/repository/postgres/vacancy.go:669.3,678.4 2 1
ResuMatch/internal/repository/postgres/vacancy.go:680.2,680.29 1 0
ResuMatch/internal/repository/postgres/vacancy.go:683.107,713.16 4 1
ResuMatch/internal/repository/postgres/vacancy.go:713.16,724.3 2 1
ResuMatch/internal/repository/postgres/vacancy.go:726.2,726.29 1 1
ResuMatch/internal/repository/postgres/vacancy.go:726.29,728.17 2 1
ResuMatch/internal/repository/postgres/vacancy.go:728.17,733.4 1 0
ResuMatch/internal/repository/postgres/vacancy.go:736.2,737.18 2 1
ResuMatch/internal/repository/postgres/vacancy.go:737.18,761.17 3 1
ResuMatch/internal/repository/postgres/vacancy.go:761.17,772.4 2 0
ResuMatch/internal/repository/postgres/vacancy.go:773.3,773.42 1 1
ResuMatch/internal/repository/postgres/vacancy.go:776.2,776.35 1 1
ResuMatch/internal/repository/postgres/vacancy.go:776.35,787.3 2 1
ResuMatch/internal/repository/postgres/vacancy.go:795.2,795.23 1 1
ResuMatch/internal/repository/postgres/vacancy.go:798.78,811.16 5 1
ResuMatch/internal/repository/postgres/vacancy.go:811.16,823.3 2 1
ResuMatch/internal/repository/postgres/vacancy.go:825.2,826.16 2 1
ResuMatch/internal/repository/postgres/vacancy.go:826.16,838.3 2 1
ResuMatch/internal/repository/postgres/vacancy.go:840.2,840.23 1 1
ResuMatch/internal/repository/postgres/vacancy.go:840.23,850.3 2 1
ResuMatch/internal/repository/postgres/vacancy.go:851.2,851.12 1 1
ResuMatch/internal/repository/postgres/vacancy.go:854.110,869.16 5 1
ResuMatch/internal/repository/postgres/vacancy.go:869.16,881.3 2 1
ResuMatch/internal/repository/postgres/vacancy.go:883.2,883.29 1 1
ResuMatch/internal/repository/postgres/vacancy.go:883.29,885.17 2 1
ResuMatch/internal/repository/postgres/vacancy.go:885.17,890.4 1 0
ResuMatch/internal/repository/postgres/vacancy.go:893.2,894.18 2 1
ResuMatch/internal/repository/postgres/vacancy.go:894.18,896.59 2 1
ResuMatch/internal/repository/postgres/vacancy.go:896.59,908.4 2 1
ResuMatch/internal/repository/postgres/vacancy.go:909.3,909.33 1 1
ResuMatch/internal/repository/postgres/vacancy.go:912.2,912.35 1 1
ResuMatch/internal/repository/postgres/vacancy.go:912.35,924.3 2 1
ResuMatch/internal/repository/postgres/vacancy.go:926.2,926.20 1 1
ResuMatch/internal/repository/postgres/vacancy.go:929.107,944.16 5 1
ResuMatch/internal/repository/postgres/vacancy.go:944.16,955.3 2 1
ResuMatch/internal/repository/postgres/vacancy.go:957.2,957.29 1 1
ResuMatch/internal/repository/postgres/vacancy.go:957.29,959.17 2 1
ResuMatch/internal/repository/postgres/vacancy.go:959.17,964.4 1 0
ResuMatch/internal/repository/postgres/vacancy.go:967.2,968.18 2 1
ResuMatch/internal/repository/postgres/vacancy.go:968.18,970.59 2 1
ResuMatch/internal/repository/postgres/vacancy.go:970.59,982.4 2 1
ResuMatch/internal/repository/postgres/vacancy.go:983.3,983.33 1 1
ResuMatch/internal/repository/postgres/vacancy.go:986.2,986.35 1 1
ResuMatch/internal/repository/postgres/vacancy.go:986.35,998.3 2 1
ResuMatch/internal/repository/postgres/vacancy.go:1000.2,1000.20 1 1
ResuMatch/internal/repository/postgres/vacancy.go:1003.84,1016.16 5 1
ResuMatch/internal/repository/postgres/vacancy.go:1016.16,1027.3 2 1
ResuMatch/internal/repository/postgres/vacancy.go:1029.2,1029.12 1 1
ResuMatch/internal/repository/postgres/vacancy.go:1032.82,1044.16 5 1
ResuMatch/internal/repository/postgres/vacancy.go:1044.16,1056.3 2 1
ResuMatch/internal/repository/postgres/vacancy.go:1058.2,1058.12 1 1
ResuMatch/internal/repository/postgres/vacancy.go:1061.106,1068.26 3 1
ResuMatch/internal/repository/postgres/vacancy.go:1068.26,1070.3 1 1
ResuMatch/internal/repository/postgres/vacancy.go:1072.2,1075.34 2 1
ResuMatch/internal/repository/postgres/vacancy.go:1075.34,1077.17 2 1
ResuMatch/internal/repository/postgres/vacancy.go:1077.17,1079.4 1 1
ResuMatch/internal/repository/postgres/vacancy.go:1080.3,1080.34 1 1
ResuMatch/internal/repository/postgres/vacancy.go:1083.2,1083.22 1 1
ResuMatch/internal/repository/postgres/vacancy.go:1086.104,1093.25 3 1
ResuMatch/internal/repository/postgres/vacancy.go:1093.25,1095.3 1 1
ResuMatch/internal/repository/postgres/vacancy.go:1097.2,1099.33 3 1
ResuMatch/internal/repository/postgres/vacancy.go:1099.33,1102.3 2 1
ResuMatch/internal/repository/postgres/vacancy.go:1104.2,1111.16 3 1
ResuMatch/internal/repository/postgres/vacancy.go:1111.16,1122.3 2 1
ResuMatch/internal/repository/postgres/vacancy.go:1124.2,1124.29 1 1
ResuMatch/internal/repository/postgres/vacancy.go:1124.29,1126.17 2 1
ResuMatch/internal/repository/postgres/vacancy.go:1126.17,1131.4 1 0
ResuMatch/internal/repository/postgres/vacancy.go:1134.2,1135.18 2 1
ResuMatch/internal/repository/postgres/vacancy.go:1135.18,1137.40 2 1
ResuMatch/internal/repository/postgres/vacancy.go:1137.40,1148.4 2 1
ResuMatch/internal/repository/postgres/vacancy.go:1149.3,1149.32 1 1
ResuMatch/internal/repository/postgres/vacancy.go:1152.2,1152.35 1 1
ResuMatch/internal/repository/postgres/vacancy.go:1152.35,1163.3 2 1
ResuMatch/internal/repository/postgres/vacancy.go:1165.2,1165.21 1 1
ResuMatch/internal/repository/postgres/vacancy.go:1168.116,1177.16 4 0
ResuMatch/internal/repository/postgres/vacancy.go:1177.16,1185.3 2 0
ResuMatch/internal/repository/postgres/vacancy.go:1186.2,1186.20 1 0
ResuMatch/internal/repository/postgres/vacancy.go:1189.140,1205.16 4 0
ResuMatch/internal/repository/postgres/vacancy.go:1205.16,1207.3 1 0
ResuMatch/internal/repository/postgres/vacancy.go:1208.2,1208.29 1 0
ResuMatch/internal/repository/postgres/vacancy.go:1208.29,1210.17 2 0
ResuMatch/internal/repository/postgres/vacancy.go:1210.17,1215.4 1 0
ResuMatch/internal/repository/postgres/vacancy.go:1218.2,1219.18 2 0
ResuMatch/internal/repository/postgres/vacancy.go:1219.18,1228.17 3 0
ResuMatch/internal/repository/postgres/vacancy.go:1228.17,1230.4 1 0
ResuMatch/internal/repository/postgres/vacancy.go:1231.3,1231.39 1 0
ResuMatch/internal/repository/postgres/vacancy.go:1234.2,1234.35 1 0
ResuMatch/internal/repository/postgres/vacancy.go:1234.35,1236.3 1 0
ResuMatch/internal/repository/postgres/vacancy.go:1238.2,1238.23 1 0
ResuMatch/internal/repository/postgres/vacancy.go:1241.107,1246.2 4 1
ResuMatch/internal/repository/postgres/vacancy.go:1248.109,1284.16 5 0
ResuMatch/internal/repository/postgres/vacancy.go:1284.16,1287.29 2 0
ResuMatch/internal/repository/postgres/vacancy.go:1287.29,1288.22 1 0
ResuMatch/internal/repository/postgres/vacancy.go:1289.17,1291.56 1 0
ResuMatch/internal/repository/postgres/vacancy.go:1292.17,1294.44 1 0
ResuMatch/internal/repository/postgres/vacancy.go:1297.3,1297.66 1 0
ResuMatch/internal/repository/postgres/vacancy.go:1300.2,1300.12 1 0
ResuMatch/internal/repository/postgres/vacancy.go:1303.109,1318.16 5 0
ResuMatch/internal/repository/postgres/vacancy.go:1318.16,1325.3 2 0
ResuMatch/internal/repository/postgres/vacancy.go:1327.2,1328.16 2 0
ResuMatch/internal/repository/postgres/vacancy.go:1328.16,1335.3 2 0
ResuMatch/internal/repository/postgres/vacancy.go:1337.2,1337.23 1 0
ResuMatch/internal/repository/postgres/vacancy.go:1337.23,1340.3 1 0
ResuMatch/internal/repository/postgres/vacancy.go:1342.2,1342.12 1 0
ResuMatch/internal/repository/postgres/vacancy.go:1345.117,1353.2 3 1
ResuMatch/internal/repository/postgres/vacancy.go:1355.122,1371.16 6 1
ResuMatch/internal/repository/postgres/vacancy.go:1371.16,1374.3 1 1
ResuMatch/internal/repository/postgres/vacancy.go:1376.2,1376.36 1 1
ResuMatch/internal/repository/postgres/vacancy.go:1376.36,1388.3 2 1
ResuMatch/internal/repository/postgres/vacancy.go:1391.2,1397.16 3 1
ResuMatch/internal/repository/postgres/vacancy.go:1397.16,1400.29 2 1
ResuMatch/internal/repository/postgres/vacancy.go:1400.29,1401.22 1 1
ResuMatch/internal/repository/postgres/vacancy.go:1402.36,1411.19 3 1
ResuMatch/internal/repository/postgres/vacancy.go:1411.19,1422.6 2 1
ResuMatch/internal/repository/postgres/vacancy.go:1423.5,1423.19 1 1
ResuMatch/internal/repository/postgres/vacancy.go:1424.12,1434.6 2 0
ResuMatch/internal/repository/postgres/vacancy.go:1438.3,1447.4 2 1
ResuMatch/internal/repository/postgres/vacancy.go:1450.2,1456.16 2 1
ResuMatch/internal/repository/postgres/vacancy.go:1459.147,1473.16 4 1
ResuMatch/internal/repository/postgres/vacancy.go:1473.16,1485.3 2 1
ResuMatch/internal/repository/postgres/vacancy.go:1487.2,1487.29 1 1
ResuMatch/internal/repository/postgres/vacancy.go:1487.29,1489.17 2 1
ResuMatch/internal/repository/postgres/vacancy.go:1489.17,1494.4 1 0
ResuMatch/internal/repository/postgres/vacancy.go:1497.2,1498.18 2 1
ResuMatch/internal/repository/postgres/vacancy.go:1498.18,1507.17 3 1
ResuMatch/internal/repository/postgres/vacancy.go:1507.17,1518.4 2 1
ResuMatch/internal/repository/postgres/vacancy.go:1519.3,1519.42 1 1
ResuMatch/internal/repository/postgres/vacancy.go:1522.2,1522.23 1 1
ResuMatch/internal/repository/postgres/vacancy.go:1525.143,1544.16 4 1
ResuMatch/internal/repository/postgres/vacancy.go:1544.16,1553.3 2 1
ResuMatch/internal/repository/postgres/vacancy.go:1555.2,1555.29 1 0
ResuMatch/internal/repository/postgres/vacancy.go:1555.29,1557.17 2 0
ResuMatch/internal/repository/postgres/vacancy.go:1557.17,1562.4 1 0
ResuMatch/internal/repository/postgres/vacancy.go:1565.2,1566.18 2 0
ResuMatch/internal/repository/postgres/vacancy.go:1566.18,1575.17 3 0
ResuMatch/internal/repository/postgres/vacancy.go:1575.17,1578.4 1 0
ResuMatch/internal/repository/postgres/vacancy.go:1579.3,1579.42 1 0
ResuMatch/internal/repository/postgres/vacancy.go:1582.2,1582.25 1 0
ResuMatch/internal/repository/postgres/vacancy.go:1582.25,1584.3 1 0
ResuMatch/internal/repository/postgres/vacancy.go:1586.2,1586.23 1 0
ResuMatch/internal/repository/postgres/vacancy.go:1590.136,1614.16 5 1
ResuMatch/internal/repository/postgres/vacancy.go:1614.16,1625.3 2 1
ResuMatch/internal/repository/postgres/vacancy.go:1627.2,1627.15 1 1
ResuMatch/internal/repository/postgres/vacancy.go:1627.15,1628.38 1 1
ResuMatch/internal/repository/postgres/vacancy.go:1628.38,1633.4 1 0
ResuMatch/internal/repository/postgres/vacancy.go:1636.2,1637.18 2 1
ResuMatch/internal/repository/postgres/vacancy.go:1637.18,1661.17 3 1
ResuMatch/internal/repository/postgres/vacancy.go:1661.17,1672.4 2 1
ResuMatch/internal/repository/postgres/vacancy.go:1673.3,1673.42 1 1
ResuMatch/internal/repository/postgres/vacancy.go:1676.2,1676.35 1 1
ResuMatch/internal/repository/postgres/vacancy.go:1676.35,1687.3 2 1
ResuMatch/internal/repository/postgres/vacancy.go:1689.2,1689.23 1 1
ResuMatch/internal/repository/postgres/vacancy.go:1693.164,1716.16 5 1
ResuMatch/internal/repository/postgres/vacancy.go:1716.16,1727.3 2 1
ResuMatch/internal/repository/postgres/vacancy.go:1729.2,1729.15 1 1
ResuMatch/internal/repository/postgres/vacancy.go:1729.15,1730.38 1 1
ResuMatch/internal/repository/postgres/vacancy.go:1730.38,1735.4 1 0
ResuMatch/internal/repository/postgres/vacancy.go:1738.2,1739.18 2 1
ResuMatch/internal/repository/postgres/vacancy.go:1739.18,1763.17 3 1
ResuMatch/internal/repository/postgres/vacancy.go:1763.17,1774.4 2 1
ResuMatch/internal/repository/postgres/vacancy.go:1775.3,1775.42 1 1
ResuMatch/internal/repository/postgres/vacancy.go:1778.2,1778.35 1 1
ResuMatch/internal/repository/postgres/vacancy.go:1778.35,1789.3 2 1
ResuMatch/internal/repository/postgres/vacancy.go:1791.2,1791.23 1 1
ResuMatch/internal/repository/postgres/vacancy.go:1795.124,1803.35 3 1
ResuMatch/internal/repository/postgres/vacancy.go:1803.35,1805.3 1 1
ResuMatch/internal/repository/postgres/vacancy.go:1808.2,1810.43 3 1
ResuMatch/internal/repository/postgres/vacancy.go:1810.43,1813.3 2 1
ResuMatch/internal/repository/postgres/vacancy.go:1816.2,1824.16 3 1
ResuMatch/internal/repository/postgres/vacancy.go:1824.16,1835.3 2 1
ResuMatch/internal/repository/postgres/vacancy.go:1836.2,1836.15 1 1
ResuMatch/internal/repository/postgres/vacancy.go:1836.15,1837.38 1 1
ResuMatch/internal/repository/postgres/vacancy.go:1837.38,1842.4 1 0
ResuMatch/internal/repository/postgres/vacancy.go:1846.2,1847.18 2 1
ResuMatch/internal/repository/postgres/vacancy.go:1847.18,1849.40 2 1
ResuMatch/internal/repository/postgres/vacancy.go:1849.40,1860.4 2 0
ResuMatch/internal/repository/postgres/vacancy.go:1861.3,1861.52 1 1
[...]
ResuMatch/internal/usecase/service/resume.go:972.4,972.40 1 1
ResuMatch/internal/usecase/service/resume.go:975.3,975.43 1 1
ResuMatch/internal/usecase/service/resume.go:978.2,978.22 1 1
ResuMatch/internal/usecase/service/resume.go:982.174,996.25 5 1
ResuMatch/internal/usecase/service/resume.go:996.25,999.3 1 1
ResuMatch/internal/usecase/service/resume.go:999.8,1002.3 1 1
ResuMatch/internal/usecase/service/resume.go:1004.2,1004.16 1 1
ResuMatch/internal/usecase/service/resume.go:1004.16,1006.3 1 1
ResuMatch/internal/usecase/service/resume.go:1009.2,1010.33 2 1
ResuMatch/internal/usecase/service/resume.go:1010.33,1013.35 2 1
ResuMatch/internal/usecase/service/resume.go:1013.35,1015.18 2 1
ResuMatch/internal/usecase/service/resume.go:1015.18,1022.13 2 1
ResuMatch/internal/usecase/service/resume.go:1024.4,1024.44 1 1
ResuMatch/internal/usecase/service/resume.go:1028.3,1029.17 2 1
ResuMatch/internal/usecase/service/resume.go:1029.17,1035.12 2 1
ResuMatch/internal/usecase/service/resume.go:1039.3,1040.17 2 1
ResuMatch/internal/usecase/service/resume.go:1040.17,1047.12 2 1
ResuMatch/internal/usecase/service/resume.go:1051.3,1061.31 2 1
ResuMatch/internal/usecase/service/resume.go:1061.31,1073.44 3 1
ResuMatch/internal/usecase/service/resume.go:1073.44,1075.5 1 0
ResuMatch/internal/usecase/service/resume.go:1077.4,1077.40 1 1
ResuMatch/internal/usecase/service/resume.go:1080.3,1080.43 1 1
ResuMatch/internal/usecase/service/resume.go:1083.2,1083.22 1 1
ResuMatch/internal/usecase/service/resume.go:1086.131,1089.16 3 0
ResuMatch/internal/usecase/service/resume.go:1089.16,1091.3 1 0
ResuMatch/internal/usecase/service/resume.go:1093.2,1094.16 2 0
ResuMatch/internal/usecase/service/resume.go:1094.16,1096.3 1 0
ResuMatch/internal/usecase/service/resume.go:1098.2,1099.16 2 0
ResuMatch/internal/usecase/service/resume.go:1099.16,1101.3 1 0
ResuMatch/internal/usecase/service/resume.go:1103.2,1104.16 2 0
ResuMatch/internal/usecase/service/resume.go:1104.16,1106.3 1 0
ResuMatch/internal/usecase/service/resume.go:1108.2,1109.16 2 0
ResuMatch/internal/usecase/service/resume.go:1109.16,1111.3 1 0
ResuMatch/internal/usecase/service/resume.go:1113.2,1115.40 2 0
ResuMatch/internal/usecase/service/resume.go:1115.40,1125.3 1 0
ResuMatch/internal/usecase/service/resume.go:1126.2,1126.36 1 0
ResuMatch/internal/usecase/service/resume.go:1129.82,1131.55 2 0
ResuMatch/internal/usecase/service/resume.go:1131.55,1133.3 1 0
ResuMatch/internal/usecase/service/resume.go:1135.2,1135.26 1 0
ResuMatch/internal/usecase/service/specialization.go:20.117,24.2 1 1
ResuMatch/internal/usecase/service/specialization.go:26.122,30.16 3 1
ResuMatch/internal/usecase/service/specialization.go:30.16,36.3 2 1
ResuMatch/internal/usecase/service/specialization.go:39.2,40.39 2 1
ResuMatch/internal/usecase/service/specialization.go:40.39,42.3 1 1
ResuMatch/internal/usecase/service/specialization.go:44.2,46.8 1 1
ResuMatch/internal/usecase/service/specialization.go:49.129,53.16 3 0
ResuMatch/internal/usecase/service/specialization.go:53.16,59.3 2 0
ResuMatch/internal/usecase/service/specialization.go:61.2,65.34 2 0
ResuMatch/internal/usecase/service/specialization.go:65.34,73.3 1 0
ResuMatch/internal/usecase/service/specialization.go:75.2,75.22 1 0
ResuMatch/internal/usecase/service/static.go:29.84,33.2 1 1
ResuMatch/internal/usecase/service/static.go:35.107,37.29 2 0
ResuMatch/internal/usecase/service/static.go:37.29,40.3 2 0
ResuMatch/internal/usecase/service/static.go:42.2,44.14 3 0
ResuMatch/internal/usecase/service/static.go:44.14,47.3 2 0
ResuMatch/internal/usecase/service/static.go:49.2,49.66 1 0
ResuMatch/internal/usecase/service/static.go:49.66,52.3 2 0
ResuMatch/internal/usecase/service/static.go:54.2,56.16 3 0
ResuMatch/internal/usecase/service/static.go:56.16,58.3 1 0
ResuMatch/internal/usecase/service/static.go:59.2,62.8 1 0
ResuMatch/internal/usecase/service/static.go:65.85,66.21 1 0
ResuMatch/internal/usecase/service/static.go:67.33,68.67 1 0
ResuMatch/internal/usecase/service/static.go:68.67,73.4 1 0
ResuMatch/internal/usecase/service/static.go:74.10,78.4 1 0
ResuMatch/internal/usecase/service/static.go:80.2,80.12 1 0
ResuMatch/internal/usecase/service/static.go:83.80,85.2 1 1
ResuMatch/internal/usecase/service/static.go:87.73,89.2 1 1
ResuMatch/internal/usecase/service/vacancy.go:32.19,41.2 1 1
ResuMatch/internal/usecase/service/vacancy.go:43.138,53.34 5 1
ResuMatch/internal/usecase/service/vacancy.go:53.34,55.17 2 1
ResuMatch/internal/usecase/service/vacancy.go:55.17,57.4 1 1
ResuMatch/internal/usecase/service/vacancy.go:60.2,80.43 2 1
ResuMatch/internal/usecase/service/vacancy.go:80.43,82.3 1 0
ResuMatch/internal/usecase/service/vacancy.go:84.2,85.16 2 1
ResuMatch/internal/usecase/service/vacancy.go:85.16,87.3 1 1
ResuMatch/internal/usecase/service/vacancy.go:89.2,89.29 1 1
ResuMatch/internal/usecase/service/vacancy.go:89.29,91.17 2 1
ResuMatch/internal/usecase/service/vacancy.go:91.17,93.4 1 0
ResuMatch/internal/usecase/service/vacancy.go:95.3,95.24 1 1
ResuMatch/internal/usecase/service/vacancy.go:95.24,96.93 1 1
ResuMatch/internal/usecase/service/vacancy.go:96.93,98.5 1 1
ResuMatch/internal/usecase/service/vacancy.go:101.2,102.42 2 1
ResuMatch/internal/usecase/service/vacancy.go:102.42,104.17 2 1
ResuMatch/internal/usecase/service/vacancy.go:104.17,106.4 1 0
ResuMatch/internal/usecase/service/vacancy.go:107.3,107.43 1 1
ResuMatch/internal/usecase/service/vacancy.go:110.2,111.16 2 1
ResuMatch/internal/usecase/service/vacancy.go:111.16,113.3 1 0
ResuMatch/internal/usecase/service/vacancy.go:115.2,140.31 3 1
ResuMatch/internal/usecase/service/vacancy.go:140.31,142.3 1 1
ResuMatch/internal/usecase/service/vacancy.go:144.2,144.22 1 1
ResuMatch/internal/usecase/service/vacancy.go:147.131,156.16 4 1
ResuMatch/internal/usecase/service/vacancy.go:156.16,158.3 1 1
ResuMatch/internal/usecase/service/vacancy.go:160.2,161.35 2 1
ResuMatch/internal/usecase/service/vacancy.go:161.35,163.17 2 1
ResuMatch/internal/usecase/service/vacancy.go:163.17,165.4 1 1
ResuMatch/internal/usecase/service/vacancy.go:166.3,166.43 1 1
ResuMatch/internal/usecase/service/vacancy.go:169.2,170.16 2 1
ResuMatch/internal/usecase/service/vacancy.go:170.16,172.3 1 0
ResuMatch/internal/usecase/service/vacancy.go:174.2,175.51 2 1
ResuMatch/internal/usecase/service/vacancy.go:175.51,177.17 2 1
ResuMatch/internal/usecase/service/vacancy.go:177.17,179.4 1 0
ResuMatch/internal/usecase/service/vacancy.go:182.2,183.51 2 1
ResuMatch/internal/usecase/service/vacancy.go:183.51,185.17 2 1
ResuMatch/internal/usecase/service/vacancy.go:185.17,187.4 1 0
ResuMatch/internal/usecase/service/vacancy.go:190.2,217.31 3 1
ResuMatch/internal/usecase/service/vacancy.go:217.31,219.3 1 1
ResuMatch/internal/usecase/service/vacancy.go:221.2,221.22 1 1
ResuMatch/internal/usecase/service/vacancy.go:224.146,234.16 4 1
ResuMatch/internal/usecase/service/vacancy.go:234.16,236.3 1 1
ResuMatch/internal/usecase/service/vacancy.go:238.2,238.46 1 1
ResuMatch/internal/usecase/service/vacancy.go:238.46,243.3 1 1
ResuMatch/internal/usecase/service/vacancy.go:245.2,246.34 2 1
ResuMatch/internal/usecase/service/vacancy.go:246.34,248.17 2 1
ResuMatch/internal/usecase/service/vacancy.go:248.17,250.4 1 1
ResuMatch/internal/usecase/service/vacancy.go:253.2,273.43 2 1
ResuMatch/internal/usecase/service/vacancy.go:273.43,275.3 1 0
ResuMatch/internal/usecase/service/vacancy.go:277.2,278.16 2 1
ResuMatch/internal/usecase/service/vacancy.go:278.16,280.3 1 0
ResuMatch/internal/usecase/service/vacancy.go:282.2,282.69 1 1
ResuMatch/internal/usecase/service/vacancy.go:282.69,284.3 1 0
ResuMatch/internal/usecase/service/vacancy.go:285.2,285.29 1 1
ResuMatch/internal/usecase/service/vacancy.go:285.29,287.17 2 1
ResuMatch/internal/usecase/service/vacancy.go:287.17,289.4 1 0
ResuMatch/internal/usecase/service/vacancy.go:290.3,290.24 1 1
ResuMatch/internal/usecase/service/vacancy.go:290.24,291.78 1 1
ResuMatch/internal/usecase/service/vacancy.go:291.78,293.5 1 0
ResuMatch/internal/usecase/service/vacancy.go:297.2,298.42 2 1
ResuMatch/internal/usecase/service/vacancy.go:298.42,300.17 2 1
ResuMatch/internal/usecase/service/vacancy.go:300.17,302.4 1 0
ResuMatch/internal/usecase/service/vacancy.go:303.3,303.43 1 1
ResuMatch/internal/usecase/service/vacancy.go:305.2,306.16 2 1
ResuMatch/internal/usecase/service/vacancy.go:306.16,308.3 1 0
ResuMatch/internal/usecase/service/vacancy.go:310.2,334.31 3 1
ResuMatch/internal/usecase/service/vacancy.go:334.31,336.3 1 1
ResuMatch/internal/usecase/service/vacancy.go:337.2,337.22 1 1
ResuMatch/internal/usecase/service/vacancy.go:340.116,350.16 4 1
ResuMatch/internal/usecase/service/vacancy.go:350.16,352.3 1 1
ResuMatch/internal/usecase/service/vacancy.go:354.2,354.46 1 1
ResuMatch/internal/usecase/service/vacancy.go:354.46,359.3 1 0
ResuMatch/internal/usecase/service/vacancy.go:361.2,361.69 1 1
ResuMatch/internal/usecase/service/vacancy.go:361.69,363.3 1 0
ResuMatch/internal/usecase/service/vacancy.go:365.2,365.67 1 1
ResuMatch/internal/usecase/service/vacancy.go:365.67,367.3 1 0
ResuMatch/internal/usecase/service/vacancy.go:369.2,369.63 1 1
ResuMatch/internal/usecase/service/vacancy.go:369.63,371.3 1 0
ResuMatch/internal/usecase/service/vacancy.go:373.2,376.8 1 1
ResuMatch/internal/usecase/service/vacancy.go:379.151,389.16 4 1
ResuMatch/internal/usecase/service/vacancy.go:389.16,391.3 1 1
ResuMatch/internal/usecase/service/vacancy.go:393.2,394.36 2 1
ResuMatch/internal/usecase/service/vacancy.go:394.36,396.36 2 1
ResuMatch/internal/usecase/service/vacancy.go:396.36,398.18 2 1
ResuMatch/internal/usecase/service/vacancy.go:398.18,405.13 2 1
ResuMatch/internal/usecase/service/vacancy.go:407.4,407.44 1 1
ResuMatch/internal/usecase/service/vacancy.go:410.3,411.52 2 1
ResuMatch/internal/usecase/service/vacancy.go:411.52,413.18 2 1
ResuMatch/internal/usecase/service/vacancy.go:413.18,415.5 1 1
ResuMatch/internal/usecase/service/vacancy.go:418.3,419.52 2 1
ResuMatch/internal/usecase/service/vacancy.go:419.52,421.18 2 1
ResuMatch/internal/usecase/service/vacancy.go:421.18,423.5 1 1
ResuMatch/internal/usecase/service/vacancy.go:426.3,427.17 2 1
ResuMatch/internal/usecase/service/vacancy.go:427.17,434.12 2 1
ResuMatch/internal/usecase/service/vacancy.go:437.3,455.44 2 1
ResuMatch/internal/usecase/service/vacancy.go:458.2,458.22 1 1
ResuMatch/internal/usecase/service/vacancy.go:461.132,464.16 3 1
ResuMatch/internal/usecase/service/vacancy.go:464.16,466.3 1 1
ResuMatch/internal/usecase/service/vacancy.go:468.2,469.16 2 1
ResuMatch/internal/usecase/service/vacancy.go:469.16,471.3 1 1
ResuMatch/internal/usecase/service/vacancy.go:472.2,472.18 1 1
ResuMatch/internal/usecase/service/vacancy.go:472.18,474.3 1 1
ResuMatch/internal/usecase/service/vacancy.go:476.2,486.99 2 1
ResuMatch/internal/usecase/service/vacancy.go:489.156,499.16 4 1
ResuMatch/internal/usecase/service/vacancy.go:499.16,501.3 1 1
ResuMatch/internal/usecase/service/vacancy.go:503.2,505.30 2 1
ResuMatch/internal/usecase/service/vacancy.go:505.30,507.17 2 1
ResuMatch/internal/usecase/service/vacancy.go:507.17,509.4 1 1
ResuMatch/internal/usecase/service/vacancy.go:510.3,511.35 2 1
ResuMatch/internal/usecase/service/vacancy.go:511.35,513.18 2 1
ResuMatch/internal/usecase/service/vacancy.go:513.18,520.13 2 0
ResuMatch/internal/usecase/service/vacancy.go:522.4,522.44 1 1
ResuMatch/internal/usecase/service/vacancy.go:525.3,526.17 2 1
ResuMatch/internal/usecase/service/vacancy.go:526.17,532.12 2 0
ResuMatch/internal/usecase/service/vacancy.go:535.3,536.17 2 1
ResuMatch/internal/usecase/service/vacancy.go:536.17,543.12 2 0
ResuMatch/internal/usecase/service/vacancy.go:546.3,547.17 2 1
ResuMatch/internal/usecase/service/vacancy.go:547.17,553.12 2 0
ResuMatch/internal/usecase/service/vacancy.go:557.3,558.32 2 1
ResuMatch/internal/usecase/service/vacancy.go:558.32,560.4 1 1
ResuMatch/internal/usecase/service/vacancy.go:562.3,572.31 2 1
ResuMatch/internal/usecase/service/vacancy.go:572.31,584.44 3 1
ResuMatch/internal/usecase/service/vacancy.go:584.44,586.5 1 1
ResuMatch/internal/usecase/service/vacancy.go:588.4,588.40 1 1
ResuMatch/internal/usecase/service/vacancy.go:591.3,591.43 1 1
ResuMatch/internal/usecase/service/vacancy.go:593.2,593.22 1 1
ResuMatch/internal/usecase/service/vacancy.go:596.181,605.16 4 1
ResuMatch/internal/usecase/service/vacancy.go:605.16,607.3 1 1
ResuMatch/internal/usecase/service/vacancy.go:609.2,610.36 2 1
ResuMatch/internal/usecase/service/vacancy.go:610.36,612.36 2 1
ResuMatch/internal/usecase/service/vacancy.go:612.36,614.18 2 1
ResuMatch/internal/usecase/service/vacancy.go:614.18,621.13 2 1
ResuMatch/internal/usecase/service/vacancy.go:623.4,623.44 1 1
ResuMatch/internal/usecase/service/vacancy.go:626.3,627.45 2 1
ResuMatch/internal/usecase/service/vacancy.go:627.45,629.18 2 1
ResuMatch/internal/usecase/service/vacancy.go:629.18,631.5 1 0
ResuMatch/internal/usecase/service/vacancy.go:634.3,635.45 2 1
ResuMatch/internal/usecase/service/vacancy.go:635.45,637.18 2 1
ResuMatch/internal/usecase/service/vacancy.go:637.18,639.5 1 0
ResuMatch/internal/usecase/service/vacancy.go:642.3,643.17 2 1
ResuMatch/internal/usecase/service/vacancy.go:643.17,650.12 2 0
ResuMatch/internal/usecase/service/vacancy.go:653.3,671.44 2 1
ResuMatch/internal/usecase/service/vacancy.go:674.2,674.22 1 1
ResuMatch/internal/usecase/service/vacancy.go:677.152,686.16 4 1
ResuMatch/internal/usecase/service/vacancy.go:686.16,688.3 1 1
ResuMatch/internal/usecase/service/vacancy.go:690.2,691.36 2 1
ResuMatch/internal/usecase/service/vacancy.go:691.36,693.36 2 1
ResuMatch/internal/usecase/service/vacancy.go:693.36,695.18 2 1
ResuMatch/internal/usecase/service/vacancy.go:695.18,702.13 2 1
ResuMatch/internal/usecase/service/vacancy.go:704.4,704.44 1 1
ResuMatch/internal/usecase/service/vacancy.go:707.3,708.23 2 1
ResuMatch/internal/usecase/service/vacancy.go:708.23,710.18 2 1
ResuMatch/internal/usecase/service/vacancy.go:710.18,712.5 1 1
ResuMatch/internal/usecase/service/vacancy.go:715.3,716.23 2 1
ResuMatch/internal/usecase/service/vacancy.go:716.23,718.18 2 1
ResuMatch/internal/usecase/service/vacancy.go:718.18,720.5 1 0
ResuMatch/internal/usecase/service/vacancy.go:723.3,724.17 2 1
ResuMatch/internal/usecase/service/vacancy.go:724.17,731.12 2 0
ResuMatch/internal/usecase/service/vacancy.go:734.3,752.44 2 1
ResuMatch/internal/usecase/service/vacancy.go:755.2,755.22 1 1
ResuMatch/internal/usecase/service/vacancy.go:759.173,775.16 6 1
ResuMatch/internal/usecase/service/vacancy.go:775.16,777.3 1 1
ResuMatch/internal/usecase/service/vacancy.go:780.2,781.36 2 1
ResuMatch/internal/usecase/service/vacancy.go:781.36,783.36 2 1
ResuMatch/internal/usecase/service/vacancy.go:783.36,785.18 2 1
ResuMatch/internal/usecase/service/vacancy.go:785.18,792.13 2 0
ResuMatch/internal/usecase/service/vacancy.go:794.4,794.44 1 1
ResuMatch/internal/usecase/service/vacancy.go:797.3,798.45 2 1
ResuMatch/internal/usecase/service/vacancy.go:798.45,800.18 2 1
ResuMatch/internal/usecase/service/vacancy.go:800.18,802.5 1 0
ResuMatch/internal/usecase/service/vacancy.go:805.3,806.45 2 1
ResuMatch/internal/usecase/service/vacancy.go:806.45,808.18 2 1
ResuMatch/internal/usecase/service/vacancy.go:808.18,810.5 1 0
ResuMatch/internal/usecase/service/vacancy.go:814.3,815.17 2 1
ResuMatch/internal/usecase/service/vacancy.go:815.17,822.12 2 0
ResuMatch/internal/usecase/service/vacancy.go:825.3,843.44 2 1
ResuMatch/internal/usecase/service/vacancy.go:846.2,846.22 1 1
ResuMatch/internal/usecase/service/vacancy.go:850.196,864.16 4 1
ResuMatch/internal/usecase/service/vacancy.go:864.16,866.3 1 1
ResuMatch/internal/usecase/service/vacancy.go:869.2,869.33 1 1
ResuMatch/internal/usecase/service/vacancy.go:869.33,871.3 1 1
ResuMatch/internal/usecase/service/vacancy.go:874.2,875.16 2 1
ResuMatch/internal/usecase/service/vacancy.go:875.16,877.3 1 1
ResuMatch/internal/usecase/service/vacancy.go:880.2,881.36 2 1
ResuMatch/internal/usecase/service/vacancy.go:881.36,883.36 2 1
ResuMatch/internal/usecase/service/vacancy.go:883.36,885.18 2 1
ResuMatch/internal/usecase/service/vacancy.go:885.18,892.13 2 1
ResuMatch/internal/usecase/service/vacancy.go:894.4,894.44 1 1
ResuMatch/internal/usecase/service/vacancy.go:897.3,898.45 2 1
ResuMatch/internal/usecase/service/vacancy.go:898.45,900.18 2 1
ResuMatch/internal/usecase/service/vacancy.go:900.18,902.5 1 1
ResuMatch/internal/usecase/service/vacancy.go:905.3,906.45 2 1
ResuMatch/internal/usecase/service/vacancy.go:906.45,908.18 2 1
ResuMatch/internal/usecase/service/vacancy.go:908.18,910.5 1 1
ResuMatch/internal/usecase/service/vacancy.go:914.3,915.17 2 1
ResuMatch/internal/usecase/service/vacancy.go:915.17,922.12 2 0
ResuMatch/internal/usecase/service/vacancy.go:925.3,943.44 2 1
ResuMatch/internal/usecase/service/vacancy.go:946.2,946.22 1 1
ResuMatch/internal/usecase/service/vacancy.go:950.272,983.33 5 1
ResuMatch/internal/usecase/service/vacancy.go:983.33,984.28 1 1
ResuMatch/internal/usecase/service/vacancy.go:984.28,989.4 1 1
ResuMatch/internal/usecase/service/vacancy.go:992.2,992.33 1 1
ResuMatch/internal/usecase/service/vacancy.go:992.33,993.28 1 1
ResuMatch/internal/usecase/service/vacancy.go:993.28,998.4 1 0
ResuMatch/internal/usecase/service/vacancy.go:1001.2,1001.19 1 1
ResuMatch/internal/usecase/service/vacancy.go:1001.19,1006.3 1 1
ResuMatch/internal/usecase/service/vacancy.go:1008.2,1011.30 3 1
ResuMatch/internal/usecase/service/vacancy.go:1011.30,1013.17 2 1
ResuMatch/internal/usecase/service/vacancy.go:1013.17,1015.4 1 0
ResuMatch/internal/usecase/service/vacancy.go:1024.2,1025.16 2 1
ResuMatch/internal/usecase/service/vacancy.go:1025.16,1027.3 1 0
ResuMatch/internal/usecase/service/vacancy.go:1030.2,1031.36 2 1
ResuMatch/internal/usecase/service/vacancy.go:1031.36,1033.36 2 1
ResuMatch/internal/usecase/service/vacancy.go:1033.36,1035.18 2 1
ResuMatch/internal/usecase/service/vacancy.go:1035.18,1042.13 2 0
ResuMatch/internal/usecase/service/vacancy.go:1044.4,1044.44 1 1
ResuMatch/internal/usecase/service/vacancy.go:1047.3,1048.45 2 1
ResuMatch/internal/usecase/service/vacancy.go:1048.45,1050.18 2 1
ResuMatch/internal/usecase/service/vacancy.go:1050.18,1052.5 1 0
ResuMatch/internal/usecase/service/vacancy.go:1055.3,1056.45 2 1
ResuMatch/internal/usecase/service/vacancy.go:1056.45,1058.18 2 1
ResuMatch/internal/usecase/service/vacancy.go:1058.18,1060.5 1 0
ResuMatch/internal/usecase/service/vacancy.go:1064.3,1065.17 2 1
ResuMatch/internal/usecase/service/vacancy.go:1065.17,1072.12 2 0
ResuMatch/internal/usecase/service/vacancy.go:1075.3,1093.44 2 1
ResuMatch/internal/usecase/service/vacancy.go:1096.2,1096.22 1 1
ResuMatch/internal/usecase/service/vacancy.go:1099.96,1101.74 1 1
ResuMatch/internal/usecase/service/vacancy.go:1101.74,1103.3 1 0
ResuMatch/internal/usecase/service/vacancy.go:1105.2,1106.16 2 1
ResuMatch/internal/usecase/service/vacancy.go:1106.16,1108.3 1 1
ResuMatch/internal/usecase/service/vacancy.go:1109.2,1109.14 1 1
ResuMatch/internal/usecase/service/vacancy.go:1109.14,1111.3 1 1
ResuMatch/internal/usecase/service/vacancy.go:1113.2,1113.71 1 1
ResuMatch/internal/usecase/service/vacancy.go:1115.140,1124.16 4 1
ResuMatch/internal/usecase/service/vacancy.go:1124.16,1126.3 1 1
ResuMatch/internal/usecase/service/vacancy.go:1128.2,1129.36 2 1
ResuMatch/internal/usecase/service/vacancy.go:1129.36,1131.36 2 1
ResuMatch/internal/usecase/service/vacancy.go:1131.36,1133.18 2 1
ResuMatch/internal/usecase/service/vacancy.go:1133.18,1140.13 2 1
ResuMatch/internal/usecase/service/vacancy.go:1142.4,1142.44 1 1
ResuMatch/internal/usecase/service/vacancy.go:1145.3,1146.17 2 1
ResuMatch/internal/usecase/service/vacancy.go:1146.17,1153.12 2 1
ResuMatch/internal/usecase/service/vacancy.go:1156.3,1157.23 2 1
ResuMatch/internal/usecase/service/vacancy.go:1157.23,1159.18 2 1
ResuMatch/internal/usecase/service/vacancy.go:1159.18,1161.5 1 1
ResuMatch/internal/usecase/service/vacancy.go:1164.3,1182.44 2 1
ResuMatch/internal/usecase/service/vacancy.go:1185.2,1185.22 1 1
